ASxxxx Assembler V02.00 + NoICE + SDCC mods  (Zilog Z80 / Hitachi HD64180), page 1.
Hexadecimal [16-Bits]



                              1 ;;This file is part of Kubso.
                              2 ;;
                              3 ;;Kubso is free software: you can redistribute it and/or modify
                              4 ;;it under the terms of the GNU General Public License as published by
                              5 ;;the Free Software Foundation, either version 3 of the License, or
                              6 ;;(at your option) any later version.
                              7 ;;
                              8 ;;Kubso is distributed in the hope that it will be useful,
                              9 ;;but WITHOUT ANY WARRANTY; without even the implied warranty of
                             10 ;;MERCHANTABILITY or FITNESS FOR A PARTICULAR PURPOSE.  See the
                             11 ;;GNU General Public License for more details.
                             12 ;;
                             13 ;;You should have received a copy of the GNU General Public License
                             14 ;;along with Kubso.  If not, see <https://www.gnu.org/licenses/>.
ASxxxx Assembler V02.00 + NoICE + SDCC mods  (Zilog Z80 / Hitachi HD64180), page 2.
Hexadecimal [16-Bits]



                             15 .include "system/mainJuego.h.s"
                              1 ;;This file is part of Kubso.
                              2 ;;
                              3 ;;Kubso is free software: you can redistribute it and/or modify
                              4 ;;it under the terms of the GNU General Public License as published by
                              5 ;;the Free Software Foundation, either version 3 of the License, or
                              6 ;;(at your option) any later version.
                              7 ;;
                              8 ;;Kubso is distributed in the hope that it will be useful,
                              9 ;;but WITHOUT ANY WARRANTY; without even the implied warranty of
                             10 ;;MERCHANTABILITY or FITNESS FOR A PARTICULAR PURPOSE.  See the
                             11 ;;GNU General Public License for more details.
                             12 ;;
                             13 ;;You should have received a copy of the GNU General Public License
                             14 ;;along with Kubso.  If not, see <https://www.gnu.org/licenses/>.
                             15 .globl GameStart
                             16 .globl colision
                             17 .globl Mina
                             18 .globl Inicio
                             19 .globl letrasborradas
                             20 .globl cooldownEnemigo1
                             21 .globl cooldownEnemigo2
                             22 .globl cooldownMisil
                             23 .globl letrasborradas
                             24 .globl nivelactual
                             25 .globl cargaNivel
                             26 .globl vidas
                             27 
                             28 
                             29 
                     4003    30 playerPos = #0x4003
                     400A    31 espadaPos = #0x400A
                     4011    32 wallIPos = #0x4011
                     4018    33 wallDPos = #0x4018
                     401F    34 enemyPos = #0x401F
                     4026    35 crocodile = #0x4026
                     402D    36 enemyIzqPos = #0x402D
                     4034    37 enemyIzqPos2 = #0x4034
                     403B    38 enemyUp1Pos = #0x403B
                     4042    39 enemyUp2Pos = #0x4042
                     4049    40 enemyUp3Pos = #0x4049
                     4050    41 enemyDerPos2 = #0x4050
                     4057    42 enemyUp4Pos = #0x4057
                     405E    43 enemyIzqPos3 = #0x405E
                     4065    44 enemyUp5Pos = #0x4065
                             45 ;;crocodile = #0x4178
                     406C    46 enemyDerPos3 = #0x406C
                             47 ;;croco = #0x417F
                             48 
                             49 
                             50 
ASxxxx Assembler V02.00 + NoICE + SDCC mods  (Zilog Z80 / Hitachi HD64180), page 3.
Hexadecimal [16-Bits]



                             16 .include "main.h.s"
                              1 ;;This file is part of Kubso.
                              2 ;;
                              3 ;;Kubso is free software: you can redistribute it and/or modify
                              4 ;;it under the terms of the GNU General Public License as published by
                              5 ;;the Free Software Foundation, either version 3 of the License, or
                              6 ;;(at your option) any later version.
                              7 ;;
                              8 ;;Kubso is distributed in the hope that it will be useful,
                              9 ;;but WITHOUT ANY WARRANTY; without even the implied warranty of
                             10 ;;MERCHANTABILITY or FITNESS FOR A PARTICULAR PURPOSE.  See the
                             11 ;;GNU General Public License for more details.
                             12 ;;
                             13 ;;You should have received a copy of the GNU General Public License
                             14 ;;along with Kubso.  If not, see <https://www.gnu.org/licenses/>.
                             15 
                             16 .globl max_entities
                             17 .globl entity_size
                             18 .globl _num_entities
                             19 .globl _last_elem_ptr
                             20 .globl _entity_array
ASxxxx Assembler V02.00 + NoICE + SDCC mods  (Zilog Z80 / Hitachi HD64180), page 4.
Hexadecimal [16-Bits]



                             17 .include "entity_manager.h.s"
                              1 ;;This file is part of Kubso.
                              2 ;;
                              3 ;;Kubso is free software: you can redistribute it and/or modify
                              4 ;;it under the terms of the GNU General Public License as published by
                              5 ;;the Free Software Foundation, either version 3 of the License, or
                              6 ;;(at your option) any later version.
                              7 ;;
                              8 ;;Kubso is distributed in the hope that it will be useful,
                              9 ;;but WITHOUT ANY WARRANTY; without even the implied warranty of
                             10 ;;MERCHANTABILITY or FITNESS FOR A PARTICULAR PURPOSE.  See the
                             11 ;;GNU General Public License for more details.
                             12 ;;
                             13 ;;You should have received a copy of the GNU General Public License
                             14 ;;along with Kubso.  If not, see <https://www.gnu.org/licenses/>.
                             15 .globl entityman_init
                             16 .globl entityman_create
                             17 .globl _num_entities
                             18 .globl _entity_array
                             19 .globl entity_size
                             20 .globl entityman_getNumEntities_A
                             21 .globl entityman_getEntityArray_IX
                             22 .globl reset
                             23 
                             24 .macro  DefineEntity _name, _x, _y, _w, _h, _vx, _vy, _color
                             25 _name::
                             26    .db  _x
                             27    .db  _y
                             28    .db  _w
                             29    .db  _h
                             30    .db  _vx
                             31    .db  _vy
                             32    .db  _color
                             33 .endm
                             34 
                     0000    35 entity_x = 0
                     0001    36 entity_y = 1
                     0002    37 entity_w = 2
                     0003    38 entity_h = 3
                     0004    39 entity_estado = 4
                     0005    40 entity_vy = 5
                     0006    41 entity_color = 6
                     0007    42 sizeof_entity = 7
                             43 
                             44 
                             45 
ASxxxx Assembler V02.00 + NoICE + SDCC mods  (Zilog Z80 / Hitachi HD64180), page 5.
Hexadecimal [16-Bits]



                             18 
                             19 ;;
                             20 ;;  ENTITY MANAGER
                             21 ;;
                             22 ;;max_entities == 16
                             23 ;;    entity_size == 7
                             24 ;;
                             25 ;;    _num_entities::     .db 0
                             26 ;;    _last_elem_ptr::    .dw _entity_array
                             27 ;;    _entity_array::
                             28 ;;        .ds max_entities*entity_size
                             29         
   0000                      30 entityman_init::
   0000 AF            [ 4]   31     xor		a 
   0001 32 00 00      [13]   32 	ld 		(_num_entities), a
                             33 
   0004 21 00 00      [10]   34 	ld 		hl, #_entity_array
   0007 22 00 00      [16]   35 	ld 		(_last_elem_ptr), hl
                             36 
   000A C9            [10]   37 	ret
                             38 
                             39     
                             40 
                             41 
   000B                      42 entityman_getEntityArray_IX::
   000B DD 21 00 00   [14]   43     ld  ix, #_entity_array
   000F C9            [10]   44     ret
                             45 
   0010                      46 entityman_getNumEntities_A::
   0010 3A 00 00      [13]   47     ld  a, (_num_entities)
   0013 C9            [10]   48     ret
                             49 
                             50 ;; INPUt
                             51 ;; HL: Pointer to entity initializer bytes
   0014                      52 entityman_create::
   0014 ED 5B 00 00   [20]   53     ld      de, (_last_elem_ptr)
   0018 01 00 00      [10]   54     ld      bc, #entity_size
   001B ED B0         [21]   55     ldir    
                             56 
   001D 3A 00 00      [13]   57     ld      a, (_num_entities)
   0020 3C            [ 4]   58     inc     a
   0021 32 00 00      [13]   59     ld      (_num_entities), a
                             60 
   0024 2A 00 00      [16]   61     ld      hl, (_last_elem_ptr)
   0027 01 00 00      [10]   62     ld      bc, #entity_size
   002A 09            [11]   63     add     hl, bc
   002B 22 00 00      [16]   64     ld      (_last_elem_ptr), hl
                             65 
   002E C9            [10]   66     ret
                             67 
   002F                      68     reset::
   002F 3E 00         [ 7]   69     ld a, #0
   0031 32 00 00      [13]   70         ld (_num_entities), a
   0034 21 03 40      [10]   71         ld hl, #playerPos
   0037 22 00 00      [16]   72     ld (_last_elem_ptr), hl
ASxxxx Assembler V02.00 + NoICE + SDCC mods  (Zilog Z80 / Hitachi HD64180), page 6.
Hexadecimal [16-Bits]



   003A DD 21 00 00   [14]   73     ld ix, #cooldownMisil ;;cooldownMisil
   003E DD 36 00 01   [19]   74     ld 0(ix), #1
   0042 DD 21 00 00   [14]   75     ld ix, #letrasborradas ;;letrasborradas
   0046 DD 36 00 00   [19]   76     ld 0(ix), #0
   004A DD 21 00 00   [14]   77     ld ix, #nivelactual ;;nivelactual
   004E DD 36 00 01   [19]   78     ld 0(ix), #1
   0052 DD 21 00 00   [14]   79     ld ix, #cargaNivel ;;cargaNivel
   0056 DD 36 00 01   [19]   80     ld 0(ix), #1
   005A DD 21 00 00   [14]   81     ld ix, #cooldownEnemigo1 ;;cooldownEnemigo1
   005E DD 36 00 00   [19]   82     ld 0(ix), #0
   0062 DD 21 00 00   [14]   83     ld ix, #cooldownEnemigo2 ;;cooldownEnemigo2
   0066 DD 36 00 00   [19]   84     ld 0(ix), #0
   006A DD 21 00 00   [14]   85     ld ix, #vidas ;;vidas
   006E DD 36 00 03   [19]   86     ld 0(ix), #3
                             87 
   0072 DD 21 00 00   [14]   88     ld ix, #Mina ;;Mina
   0076 DD 36 00 00   [19]   89     ld 0(ix), #0
   007A DD 21 00 00   [14]   90     ld ix, #Mina ;;Mina
   007E DD 36 01 00   [19]   91     ld 1(ix), #0
   0082 DD 21 00 00   [14]   92     ld ix, #Mina ;;Mina
   0086 DD 36 02 00   [19]   93     ld 2(ix), #0
   008A DD 21 00 00   [14]   94     ld ix, #Mina ;;Mina
   008E DD 36 03 00   [19]   95     ld 3(ix), #0
                             96 
   0092 DD 21 00 00   [14]   97     ld ix, #Inicio ;;Mina
   0096 DD 36 00 1E   [19]   98     ld 0(ix), #30
   009A DD 21 00 00   [14]   99     ld ix, #Inicio ;;Mina
   009E DD 36 01 01   [19]  100     ld 1(ix), #1
   00A2 DD 21 00 00   [14]  101     ld ix, #Inicio ;;Mina
   00A6 DD 36 02 02   [19]  102     ld 2(ix), #2
                            103 
   00AA DD 21 18 40   [14]  104     ld ix, #wallDPos
   00AE DD 36 04 01   [19]  105     ld entity_estado(ix), #1
   00B2 DD 36 05 02   [19]  106     ld entity_vy(ix), #2
   00B6 C9            [10]  107    ret
                            108 
                            109 
                            110 
                            111 
                            112 
                            113 
                            114 
                            115 
                            116 
                            117 
                            118 
                            119 
                            120 
                            121 
                            122 
                            123 
                            124 
                            125 
                            126 
                            127 
ASxxxx Assembler V02.00 + NoICE + SDCC mods  (Zilog Z80 / Hitachi HD64180), page 7.
Hexadecimal [16-Bits]



                            128 
                            129 
