ASxxxx Assembler V02.00 + NoICE + SDCC mods  (Zilog Z80 / Hitachi HD64180), page 1.
Hexadecimal [16-Bits]



                              1 ;;This file is part of Kubso.
                              2 ;;
                              3 ;;Kubso is free software: you can redistribute it and/or modify
                              4 ;;it under the terms of the GNU General Public License as published by
                              5 ;;the Free Software Foundation, either version 3 of the License, or
                              6 ;;(at your option) any later version.
                              7 ;;
                              8 ;;Kubso is distributed in the hope that it will be useful,
                              9 ;;but WITHOUT ANY WARRANTY; without even the implied warranty of
                             10 ;;MERCHANTABILITY or FITNESS FOR A PARTICULAR PURPOSE.  See the
                             11 ;;GNU General Public License for more details.
                             12 ;;
                             13 ;;You should have received a copy of the GNU General Public License
                             14 ;;along with Kubso.  If not, see <https://www.gnu.org/licenses/>.
                             15 .globl entityman_init
                             16 .globl entityman_create
                             17 .globl _num_entities
                             18 .globl _entity_array
                             19 .globl entity_size
                             20 .globl entityman_getNumEntities_A
                             21 .globl entityman_getEntityArray_IX
                             22 .globl reset
                             23 
                             24 .macro  DefineEntity _name, _x, _y, _w, _h, _vx, _vy, _color
                             25 _name::
                             26    .db  _x
                             27    .db  _y
                             28    .db  _w
                             29    .db  _h
                             30    .db  _vx
                             31    .db  _vy
                             32    .db  _color
                             33 .endm
                             34 
                     0000    35 entity_x = 0
                     0001    36 entity_y = 1
                     0002    37 entity_w = 2
                     0003    38 entity_h = 3
                     0004    39 entity_estado = 4
                     0005    40 entity_vy = 5
                     0006    41 entity_color = 6
                     0007    42 sizeof_entity = 7
                             43 
                             44 
                             45 
