ASxxxx Assembler V02.00 + NoICE + SDCC mods  (Zilog Z80 / Hitachi HD64180), page 1.
Hexadecimal [16-Bits]



                              1 ;;This file is part of Kubso.
                              2 ;;
                              3 ;;Kubso is free software: you can redistribute it and/or modify
                              4 ;;it under the terms of the GNU General Public License as published by
                              5 ;;the Free Software Foundation, either version 3 of the License, or
                              6 ;;(at your option) any later version.
                              7 ;;
                              8 ;;Kubso is distributed in the hope that it will be useful,
                              9 ;;but WITHOUT ANY WARRANTY; without even the implied warranty of
                             10 ;;MERCHANTABILITY or FITNESS FOR A PARTICULAR PURPOSE.  See the
                             11 ;;GNU General Public License for more details.
                             12 ;;
                             13 ;;You should have received a copy of the GNU General Public License
                             14 ;;along with Kubso.  If not, see <https://www.gnu.org/licenses/>.
                             15 
ASxxxx Assembler V02.00 + NoICE + SDCC mods  (Zilog Z80 / Hitachi HD64180), page 2.
Hexadecimal [16-Bits]



                             16    .include "system/mainJuego.h.s"
                              1 ;;This file is part of Kubso.
                              2 ;;
                              3 ;;Kubso is free software: you can redistribute it and/or modify
                              4 ;;it under the terms of the GNU General Public License as published by
                              5 ;;the Free Software Foundation, either version 3 of the License, or
                              6 ;;(at your option) any later version.
                              7 ;;
                              8 ;;Kubso is distributed in the hope that it will be useful,
                              9 ;;but WITHOUT ANY WARRANTY; without even the implied warranty of
                             10 ;;MERCHANTABILITY or FITNESS FOR A PARTICULAR PURPOSE.  See the
                             11 ;;GNU General Public License for more details.
                             12 ;;
                             13 ;;You should have received a copy of the GNU General Public License
                             14 ;;along with Kubso.  If not, see <https://www.gnu.org/licenses/>.
                             15 .globl GameStart
                             16 .globl colision
                             17 .globl Mina
                             18 .globl Inicio
                             19 .globl letrasborradas
                             20 .globl cooldownEnemigo1
                             21 .globl cooldownEnemigo2
                             22 .globl cooldownMisil
                             23 .globl letrasborradas
                             24 .globl nivelactual
                             25 .globl cargaNivel
                             26 .globl vidas
                             27 
                             28 
                             29 
                     4003    30 playerPos = #0x4003
                     400A    31 espadaPos = #0x400A
                     4011    32 wallIPos = #0x4011
                     4018    33 wallDPos = #0x4018
                     401F    34 enemyPos = #0x401F
                     4026    35 crocodile = #0x4026
                     402D    36 enemyIzqPos = #0x402D
                     4034    37 enemyIzqPos2 = #0x4034
                     403B    38 enemyUp1Pos = #0x403B
                     4042    39 enemyUp2Pos = #0x4042
                     4049    40 enemyUp3Pos = #0x4049
                     4050    41 enemyDerPos2 = #0x4050
                     4057    42 enemyUp4Pos = #0x4057
                     405E    43 enemyIzqPos3 = #0x405E
                     4065    44 enemyUp5Pos = #0x4065
                             45 ;;crocodile = #0x4178
                     406C    46 enemyDerPos3 = #0x406C
                             47 ;;croco = #0x417F
                             48 
                             49 
                             50 
ASxxxx Assembler V02.00 + NoICE + SDCC mods  (Zilog Z80 / Hitachi HD64180), page 3.
Hexadecimal [16-Bits]



                             17    .include "cpcfunciones.h.s"
                              1 ;;This file is part of Kubso.
                              2 ;;
                              3 ;;Kubso is free software: you can redistribute it and/or modify
                              4 ;;it under the terms of the GNU General Public License as published by
                              5 ;;the Free Software Foundation, either version 3 of the License, or
                              6 ;;(at your option) any later version.
                              7 ;;
                              8 ;;Kubso is distributed in the hope that it will be useful,
                              9 ;;but WITHOUT ANY WARRANTY; without even the implied warranty of
                             10 ;;MERCHANTABILITY or FITNESS FOR A PARTICULAR PURPOSE.  See the
                             11 ;;GNU General Public License for more details.
                             12 ;;
                             13 ;;You should have received a copy of the GNU General Public License
                             14 ;;along with Kubso.  If not, see <https://www.gnu.org/licenses/>.
                             15 .globl cpct_disableFirmware_asm
                             16 .globl cpct_getScreenPtr_asm
                             17 .globl cpct_setDrawCharM1_asm
                             18 .globl cpct_drawStringM1_asm
                             19 .globl cpct_waitVSYNC_asm
                             20 .globl cpct_isAnyKeyPressed_f_asm
                             21 .globl cpct_scanKeyboard_f_asm
                             22 .globl cpct_drawSolidBox_asm
                             23 .globl cpct_isKeyPressed_asm
                             24 .globl cpct_waitVSYNC_asm
                             25 .globl cpct_setVideoMode_asm
                             26 .globl cpct_setPalette_asm
                             27 .globl cpct_getHWColour_asm
                             28 .globl cpct_drawSprite_asm
ASxxxx Assembler V02.00 + NoICE + SDCC mods  (Zilog Z80 / Hitachi HD64180), page 4.
Hexadecimal [16-Bits]



                             18    .include "manager/entity_manager.h.s"
                              1 ;;This file is part of Kubso.
                              2 ;;
                              3 ;;Kubso is free software: you can redistribute it and/or modify
                              4 ;;it under the terms of the GNU General Public License as published by
                              5 ;;the Free Software Foundation, either version 3 of the License, or
                              6 ;;(at your option) any later version.
                              7 ;;
                              8 ;;Kubso is distributed in the hope that it will be useful,
                              9 ;;but WITHOUT ANY WARRANTY; without even the implied warranty of
                             10 ;;MERCHANTABILITY or FITNESS FOR A PARTICULAR PURPOSE.  See the
                             11 ;;GNU General Public License for more details.
                             12 ;;
                             13 ;;You should have received a copy of the GNU General Public License
                             14 ;;along with Kubso.  If not, see <https://www.gnu.org/licenses/>.
                             15 .globl entityman_init
                             16 .globl entityman_create
                             17 .globl _num_entities
                             18 .globl _entity_array
                             19 .globl entity_size
                             20 .globl entityman_getNumEntities_A
                             21 .globl entityman_getEntityArray_IX
                             22 .globl reset
                             23 
                             24 .macro  DefineEntity _name, _x, _y, _w, _h, _vx, _vy, _color
                             25 _name::
                             26    .db  _x
                             27    .db  _y
                             28    .db  _w
                             29    .db  _h
                             30    .db  _vx
                             31    .db  _vy
                             32    .db  _color
                             33 .endm
                             34 
                     0000    35 entity_x = 0
                     0001    36 entity_y = 1
                     0002    37 entity_w = 2
                     0003    38 entity_h = 3
                     0004    39 entity_estado = 4
                     0005    40 entity_vy = 5
                     0006    41 entity_color = 6
                     0007    42 sizeof_entity = 7
                             43 
                             44 
                             45 
ASxxxx Assembler V02.00 + NoICE + SDCC mods  (Zilog Z80 / Hitachi HD64180), page 5.
Hexadecimal [16-Bits]



                             19    .include "system/render_system.h.s"
                              1 ;;This file is part of Kubso.
                              2 ;;
                              3 ;;Kubso is free software: you can redistribute it and/or modify
                              4 ;;it under the terms of the GNU General Public License as published by
                              5 ;;the Free Software Foundation, either version 3 of the License, or
                              6 ;;(at your option) any later version.
                              7 ;;
                              8 ;;Kubso is distributed in the hope that it will be useful,
                              9 ;;but WITHOUT ANY WARRANTY; without even the implied warranty of
                             10 ;;MERCHANTABILITY or FITNESS FOR A PARTICULAR PURPOSE.  See the
                             11 ;;GNU General Public License for more details.
                             12 ;;
                             13 ;;You should have received a copy of the GNU General Public License
                             14 ;;along with Kubso.  If not, see <https://www.gnu.org/licenses/>.
                             15 .globl rendersys_update
                             16 .globl rendersys_init
ASxxxx Assembler V02.00 + NoICE + SDCC mods  (Zilog Z80 / Hitachi HD64180), page 6.
Hexadecimal [16-Bits]



                             20    .include "system/renderEnemigo5A.h.s"
                              1 ;;This file is part of Kubso.
                              2 ;;
                              3 ;;Kubso is free software: you can redistribute it and/or modify
                              4 ;;it under the terms of the GNU General Public License as published by
                              5 ;;the Free Software Foundation, either version 3 of the License, or
                              6 ;;(at your option) any later version.
                              7 ;;
                              8 ;;Kubso is distributed in the hope that it will be useful,
                              9 ;;but WITHOUT ANY WARRANTY; without even the implied warranty of
                             10 ;;MERCHANTABILITY or FITNESS FOR A PARTICULAR PURPOSE.  See the
                             11 ;;GNU General Public License for more details.
                             12 ;;
                             13 ;;You should have received a copy of the GNU General Public License
                             14 ;;along with Kubso.  If not, see <https://www.gnu.org/licenses/>.
                             15 .globl pintarEnemigo5
                             16 .globl borrarEnemigo5
ASxxxx Assembler V02.00 + NoICE + SDCC mods  (Zilog Z80 / Hitachi HD64180), page 7.
Hexadecimal [16-Bits]



   0000                      21 actualizarEnemigoAereo2::
   0000 DD E5         [15]   22     push ix
   0002 DD 7E 04      [19]   23     ld a, entity_estado(ix)
   0005 3D            [ 4]   24     dec a 
   0006 28 06         [12]   25     jr z, estavivo
   0008 3D            [ 4]   26     dec a 
   0009 28 03         [12]   27     jr z, estavivo
   000B C3 98 00      [10]   28     jp noestavivo
                             29 
                             30 
   000E                      31     estavivo:
   000E DD 36 06 00   [19]   32         ld entity_color(ix), #0x00
   0012 CD 00 00      [17]   33         call  borrarEnemigo5
                             34         ;;call  entityman_getEntityArray_IX
                             35         ;;call  entityman_getNumEntities_A
                             36         ;;call  rendersys_update
   0015 DD E1         [14]   37         pop ix
                             38         ;;ld  ix, ix  
   0017 DD E5         [15]   39         push ix
   0019 DD 36 06 F0   [19]   40         ld entity_color(ix), #0xF0
   001D DD 7E 01      [19]   41         ld a, entity_y(ix)
   0020 3C            [ 4]   42         inc a
   0021 3C            [ 4]   43         inc a
   0022 3C            [ 4]   44         inc a
   0023 3C            [ 4]   45         inc a
   0024 DD 77 01      [19]   46         ld entity_y(ix), a
   0027 CD 00 00      [17]   47         call  pintarEnemigo5
                             48         ;;call  entityman_getEntityArray_IX
                             49         ;;call  entityman_getNumEntities_A
                             50         ;;call  rendersys_update
                             51 
   002A                      52         comprobarY:
   002A DD E1         [14]   53         pop ix
                             54         ;;ld  ix, ix  
   002C DD E5         [15]   55         push ix
   002E DD 7E 01      [19]   56         ld a, entity_y(ix)
   0031 DD 21 03 40   [14]   57         ld  ix, #playerPos  
   0035 DD 46 01      [19]   58         ld b, entity_y(ix)
                             59 
   0038                      60         restaY:
   0038 05            [ 4]   61         dec b
   0039 28 03         [12]   62         jr z, playerSuelo
   003B 3D            [ 4]   63         dec a
   003C 18 FA         [12]   64         jr restaY
   003E                      65         playerSuelo:
   003E 3D            [ 4]   66         dec a
   003F 28 19         [12]   67         jr z, colisionConSuelo
   0041 3C            [ 4]   68         inc a
   0042 3C            [ 4]   69         inc a
   0043 28 2B         [12]   70         jr z, comprobarColisionX
   0045 3C            [ 4]   71         inc a
   0046 28 28         [12]   72         jr z, comprobarColisionX
   0048 3C            [ 4]   73         inc a
   0049 28 25         [12]   74         jr z, comprobarColisionX
   004B 3C            [ 4]   75         inc a
ASxxxx Assembler V02.00 + NoICE + SDCC mods  (Zilog Z80 / Hitachi HD64180), page 8.
Hexadecimal [16-Bits]



   004C 28 22         [12]   76         jr z, comprobarColisionX
   004E 3C            [ 4]   77         inc a
   004F 28 1F         [12]   78         jr z, comprobarColisionX
   0051 3C            [ 4]   79         inc a
   0052 28 1C         [12]   80         jr z, comprobarColisionX
   0054 3C            [ 4]   81         inc a
   0055 28 19         [12]   82         jr z, comprobarColisionX
   0057 DD E1         [14]   83         pop ix
   0059 C9            [10]   84         ret
                             85 
   005A                      86         colisionConSuelo:
   005A DD E1         [14]   87         pop ix
                             88         ;;ld  ix, ix  
   005C DD E5         [15]   89         push ix
   005E DD 36 04 00   [19]   90         ld entity_estado(ix), #0
   0062 DD 36 06 FA   [19]   91         ld entity_color(ix), #0xFA
   0066 CD 00 00      [17]   92         call pintarEnemigo5
   0069 DD 36 04 00   [19]   93         ld entity_estado(ix), #0
                             94         ;;call  entityman_getEntityArray_IX
                             95         ;;call  entityman_getNumEntities_A
                             96         ;;call  rendersys_update
   006D DD E1         [14]   97         pop ix
   006F C9            [10]   98         ret
                             99 
                            100 
                            101 
   0070                     102         comprobarColisionX:
   0070 DD E1         [14]  103         pop ix
                            104         ;;ld  ix, ix  
   0072 DD E5         [15]  105         push ix
   0074 DD 7E 00      [19]  106         ld a, entity_x(ix)
   0077 DD 21 03 40   [14]  107         ld  ix, #playerPos  
   007B DD 46 00      [19]  108         ld b, entity_x(ix)
                            109 
   007E                     110         ComprobacionX:
   007E 3D            [ 4]  111         dec a
   007F 28 09         [12]  112         jr z, enemigoACero
   0081 05            [ 4]  113         dec b
   0082 20 FA         [12]  114         jr nz, ComprobacionX
   0084 3D            [ 4]  115         dec a
   0085 28 0C         [12]  116         jr z, colisionEnemigo
   0087 DD E1         [14]  117         pop ix
   0089 C9            [10]  118         ret
   008A                     119         enemigoACero:
   008A 05            [ 4]  120         dec b
   008B 28 06         [12]  121         jr z, colisionEnemigo
   008D 05            [ 4]  122         dec b
   008E 28 03         [12]  123         jr z, colisionEnemigo
   0090 DD E1         [14]  124         pop ix
   0092 C9            [10]  125         ret
                            126 
   0093                     127         colisionEnemigo:
   0093 DD E1         [14]  128         pop ix
   0095 CD 00 00      [17]  129         call colision
                            130 
ASxxxx Assembler V02.00 + NoICE + SDCC mods  (Zilog Z80 / Hitachi HD64180), page 9.
Hexadecimal [16-Bits]



                            131     
                            132     
   0098                     133     noestavivo:
   0098 DD E1         [14]  134         pop ix
                            135         ;;ld  ix, ix  
   009A DD E5         [15]  136         push ix
   009C DD 36 06 00   [19]  137         ld entity_color(ix), #0x00
                            138         ;; call  entityman_getEntityArray_IX
                            139        ;; call  entityman_getNumEntities_A
                            140        ;; call  rendersys_update
   00A0 CD 00 00      [17]  141         call  borrarEnemigo5
                            142         
   00A3 DD 21 03 40   [14]  143         ld ix, #playerPos
   00A7 DD 46 00      [19]  144         ld b, entity_x(ix)
   00AA 04            [ 4]  145         inc b 
   00AB 04            [ 4]  146         inc b
   00AC 04            [ 4]  147         inc b
   00AD DD E1         [14]  148         pop ix
                            149         ;;ld  ix, ix  
   00AF DD E5         [15]  150         push ix
   00B1 DD 36 04 01   [19]  151         ld entity_estado(ix), #1
   00B5 DD 36 06 F0   [19]  152         ld entity_color(ix), #0xF0
   00B9 DD 36 01 40   [19]  153         ld entity_y(ix), #0x40
   00BD DD 70 00      [19]  154         ld entity_x(ix), b
   00C0 CD 00 00      [17]  155         call  pintarEnemigo5
                            156        ;; call  entityman_getEntityArray_IX
                            157        ;; call  entityman_getNumEntities_A
                            158        ;; call  rendersys_update
   00C3 DD E1         [14]  159         pop ix
   00C5 C9            [10]  160         ret
                            161         
