ASxxxx Assembler V02.00 + NoICE + SDCC mods  (Zilog Z80 / Hitachi HD64180), page 1.
Hexadecimal [16-Bits]



                              1 ;;This file is part of Kubso.
                              2 ;;
                              3 ;;Kubso is free software: you can redistribute it and/or modify
                              4 ;;it under the terms of the GNU General Public License as published by
                              5 ;;the Free Software Foundation, either version 3 of the License, or
                              6 ;;(at your option) any later version.
                              7 ;;
                              8 ;;Kubso is distributed in the hope that it will be useful,
                              9 ;;but WITHOUT ANY WARRANTY; without even the implied warranty of
                             10 ;;MERCHANTABILITY or FITNESS FOR A PARTICULAR PURPOSE.  See the
                             11 ;;GNU General Public License for more details.
                             12 ;;
                             13 ;;You should have received a copy of the GNU General Public License
                             14 ;;along with Kubso.  If not, see <https://www.gnu.org/licenses/>.
                             15 .globl pintarCeroDecenas2
                             16 .globl pintarUnoDecenas2
                             17 .globl pintarDosDecenas2
                             18 .globl pintarTresDecenas2
                             19 .globl pintarCuatroDecenas2
                             20 .globl pintarCincoDecenas2
                             21 .globl pintarSeisDecenas2
                             22 .globl pintarSieteDecenas2
                             23 .globl pintarOchoDecenas2
                             24 .globl pintarNueveDecenas2
                             25 
                             26 .globl pintarCeroUnidades2
                             27 .globl pintarUnoUnidades2
                             28 .globl pintarDosUnidades2
                             29 .globl pintarTresUnidades2
                             30 .globl pintarCuatroUnidades2
                             31 .globl pintarCincoUnidades2
                             32 .globl pintarSeisUnidades2
                             33 .globl pintarSieteUnidades2
                             34 .globl pintarOchoUnidades2
                             35 .globl pintarNueveUnidades2
