ASxxxx Assembler V02.00 + NoICE + SDCC mods  (Zilog Z80 / Hitachi HD64180), page 1.
Hexadecimal [16-Bits]



                              1 ;;This file is part of Kubso.
                              2 ;;
                              3 ;;Kubso is free software: you can redistribute it and/or modify
                              4 ;;it under the terms of the GNU General Public License as published by
                              5 ;;the Free Software Foundation, either version 3 of the License, or
                              6 ;;(at your option) any later version.
                              7 ;;
                              8 ;;Kubso is distributed in the hope that it will be useful,
                              9 ;;but WITHOUT ANY WARRANTY; without even the implied warranty of
                             10 ;;MERCHANTABILITY or FITNESS FOR A PARTICULAR PURPOSE.  See the
                             11 ;;GNU General Public License for more details.
                             12 ;;
                             13 ;;You should have received a copy of the GNU General Public License
                             14 ;;along with Kubso.  If not, see <https://www.gnu.org/licenses/>.
ASxxxx Assembler V02.00 + NoICE + SDCC mods  (Zilog Z80 / Hitachi HD64180), page 2.
Hexadecimal [16-Bits]



                             15 .include "cpcfunciones.h.s"
                              1 ;;This file is part of Kubso.
                              2 ;;
                              3 ;;Kubso is free software: you can redistribute it and/or modify
                              4 ;;it under the terms of the GNU General Public License as published by
                              5 ;;the Free Software Foundation, either version 3 of the License, or
                              6 ;;(at your option) any later version.
                              7 ;;
                              8 ;;Kubso is distributed in the hope that it will be useful,
                              9 ;;but WITHOUT ANY WARRANTY; without even the implied warranty of
                             10 ;;MERCHANTABILITY or FITNESS FOR A PARTICULAR PURPOSE.  See the
                             11 ;;GNU General Public License for more details.
                             12 ;;
                             13 ;;You should have received a copy of the GNU General Public License
                             14 ;;along with Kubso.  If not, see <https://www.gnu.org/licenses/>.
                             15 .globl cpct_disableFirmware_asm
                             16 .globl cpct_getScreenPtr_asm
                             17 .globl cpct_setDrawCharM1_asm
                             18 .globl cpct_drawStringM1_asm
                             19 .globl cpct_waitVSYNC_asm
                             20 .globl cpct_isAnyKeyPressed_f_asm
                             21 .globl cpct_scanKeyboard_f_asm
                             22 .globl cpct_drawSolidBox_asm
                             23 .globl cpct_isKeyPressed_asm
                             24 .globl cpct_waitVSYNC_asm
                             25 .globl cpct_setVideoMode_asm
                             26 .globl cpct_setPalette_asm
                             27 .globl cpct_getHWColour_asm
                             28 .globl cpct_drawSprite_asm
ASxxxx Assembler V02.00 + NoICE + SDCC mods  (Zilog Z80 / Hitachi HD64180), page 3.
Hexadecimal [16-Bits]



                             16 .include "manager/entity_manager.h.s"
                              1 ;;This file is part of Kubso.
                              2 ;;
                              3 ;;Kubso is free software: you can redistribute it and/or modify
                              4 ;;it under the terms of the GNU General Public License as published by
                              5 ;;the Free Software Foundation, either version 3 of the License, or
                              6 ;;(at your option) any later version.
                              7 ;;
                              8 ;;Kubso is distributed in the hope that it will be useful,
                              9 ;;but WITHOUT ANY WARRANTY; without even the implied warranty of
                             10 ;;MERCHANTABILITY or FITNESS FOR A PARTICULAR PURPOSE.  See the
                             11 ;;GNU General Public License for more details.
                             12 ;;
                             13 ;;You should have received a copy of the GNU General Public License
                             14 ;;along with Kubso.  If not, see <https://www.gnu.org/licenses/>.
                             15 .globl entityman_init
                             16 .globl entityman_create
                             17 .globl _num_entities
                             18 .globl _entity_array
                             19 .globl entity_size
                             20 .globl entityman_getNumEntities_A
                             21 .globl entityman_getEntityArray_IX
                             22 .globl reset
                             23 
                             24 .macro  DefineEntity _name, _x, _y, _w, _h, _vx, _vy, _color
                             25 _name::
                             26    .db  _x
                             27    .db  _y
                             28    .db  _w
                             29    .db  _h
                             30    .db  _vx
                             31    .db  _vy
                             32    .db  _color
                             33 .endm
                             34 
                     0000    35 entity_x = 0
                     0001    36 entity_y = 1
                     0002    37 entity_w = 2
                     0003    38 entity_h = 3
                     0004    39 entity_estado = 4
                     0005    40 entity_vy = 5
                     0006    41 entity_color = 6
                     0007    42 sizeof_entity = 7
                             43 
                             44 
                             45 
ASxxxx Assembler V02.00 + NoICE + SDCC mods  (Zilog Z80 / Hitachi HD64180), page 4.
Hexadecimal [16-Bits]



                             17 .include "system/mainJuego.h.s"
                              1 ;;This file is part of Kubso.
                              2 ;;
                              3 ;;Kubso is free software: you can redistribute it and/or modify
                              4 ;;it under the terms of the GNU General Public License as published by
                              5 ;;the Free Software Foundation, either version 3 of the License, or
                              6 ;;(at your option) any later version.
                              7 ;;
                              8 ;;Kubso is distributed in the hope that it will be useful,
                              9 ;;but WITHOUT ANY WARRANTY; without even the implied warranty of
                             10 ;;MERCHANTABILITY or FITNESS FOR A PARTICULAR PURPOSE.  See the
                             11 ;;GNU General Public License for more details.
                             12 ;;
                             13 ;;You should have received a copy of the GNU General Public License
                             14 ;;along with Kubso.  If not, see <https://www.gnu.org/licenses/>.
                             15 .globl GameStart
                             16 .globl colision
                             17 .globl Mina
                             18 .globl Inicio
                             19 .globl letrasborradas
                             20 .globl cooldownEnemigo1
                             21 .globl cooldownEnemigo2
                             22 .globl cooldownMisil
                             23 .globl letrasborradas
                             24 .globl nivelactual
                             25 .globl cargaNivel
                             26 .globl vidas
                             27 
                             28 
                             29 
                     4003    30 playerPos = #0x4003
                     400A    31 espadaPos = #0x400A
                     4011    32 wallIPos = #0x4011
                     4018    33 wallDPos = #0x4018
                     401F    34 enemyPos = #0x401F
                     4026    35 crocodile = #0x4026
                     402D    36 enemyIzqPos = #0x402D
                     4034    37 enemyIzqPos2 = #0x4034
                     403B    38 enemyUp1Pos = #0x403B
                     4042    39 enemyUp2Pos = #0x4042
                     4049    40 enemyUp3Pos = #0x4049
                     4050    41 enemyDerPos2 = #0x4050
                     4057    42 enemyUp4Pos = #0x4057
                     405E    43 enemyIzqPos3 = #0x405E
                     4065    44 enemyUp5Pos = #0x4065
                             45 ;;crocodile = #0x4178
                     406C    46 enemyDerPos3 = #0x406C
                             47 ;;croco = #0x417F
                             48 
                             49 
                             50 
ASxxxx Assembler V02.00 + NoICE + SDCC mods  (Zilog Z80 / Hitachi HD64180), page 5.
Hexadecimal [16-Bits]



                             18 
   0000                      19 pintarCrocoPos1::
                             20 ;;COCODRILO ABIERTO 
                             21     ;;Linea ultima
                             22     
                             23     
                             24     ;;Linea 14
   0000 11 00 C0      [10]   25     ld      de, #0xC000      
   0003 DD 4E 00      [19]   26     ld      c,  entity_x(ix)        
   0006 DD 7E 01      [19]   27     ld      a,  entity_y(ix)         ;;Coordenada Y (tamaño en alto)
   0009 C6 03         [ 7]   28     add a, #3
   000B 47            [ 4]   29     ld b, a
   000C CD 00 00      [17]   30     call cpct_getScreenPtr_asm
   000F 36 0F         [10]   31     ld      (hl),  #0x0F
   0011 2C            [ 4]   32     inc l   
   0012 36 0F         [10]   33     ld      (hl),  #0x0F
   0014 2C            [ 4]   34     inc l
   0015 36 0F         [10]   35     ld      (hl),  #0x0F
                             36 
                             37     ;;Linea 15
   0017 11 00 C0      [10]   38     ld      de, #0xC000      
   001A DD 4E 00      [19]   39     ld      c,  entity_x(ix)        
   001D DD 7E 01      [19]   40     ld      a,  entity_y(ix)         ;;Coordenada Y (tamaño en alto)
   0020 C6 02         [ 7]   41     add a, #2
   0022 47            [ 4]   42     ld b, a
   0023 CD 00 00      [17]   43     call cpct_getScreenPtr_asm
   0026 36 FF         [10]   44     ld      (hl),  #0xFF
   0028 2C            [ 4]   45     inc l   
   0029 36 FF         [10]   46     ld      (hl),  #0xFF
   002B 2C            [ 4]   47     inc l
   002C 36 FF         [10]   48     ld      (hl),  #0xFF
                             49 
                             50     ;;Linea 16
   002E 11 00 C0      [10]   51     ld      de, #0xC000      
   0031 DD 4E 00      [19]   52     ld      c,  entity_x(ix)        
   0034 DD 7E 01      [19]   53     ld      a,  entity_y(ix)         ;;Coordenada Y (tamaño en alto)
   0037 C6 01         [ 7]   54     add a, #1
   0039 47            [ 4]   55     ld b, a
   003A CD 00 00      [17]   56     call cpct_getScreenPtr_asm
   003D 36 0F         [10]   57     ld      (hl),  #0x0F
   003F 2C            [ 4]   58     inc l   
   0040 36 3F         [10]   59     ld      (hl),  #0x3F
   0042 2C            [ 4]   60     inc l
   0043 36 FF         [10]   61     ld      (hl),  #0xFF
                             62 
                             63     ;;Linea 17
   0045 11 00 C0      [10]   64     ld      de, #0xC000      
   0048 DD 4E 00      [19]   65     ld      c,  entity_x(ix)        
   004B DD 46 01      [19]   66     ld      b,  entity_y(ix)    
   004E CD 00 00      [17]   67     call cpct_getScreenPtr_asm
   0051 36 0F         [10]   68     ld      (hl),  #0x0F
   0053 2C            [ 4]   69     inc l   
   0054 36 0F         [10]   70     ld      (hl),  #0x0F
   0056 2C            [ 4]   71     inc l
   0057 36 0F         [10]   72     ld      (hl),  #0x0F
ASxxxx Assembler V02.00 + NoICE + SDCC mods  (Zilog Z80 / Hitachi HD64180), page 6.
Hexadecimal [16-Bits]



                             73 
   0059 C9            [10]   74     ret
                             75 
                             76 
   005A                      77     pintarCrocoPos2::
                             78 ;;COCODRILO ABIERTO 
                             79     
                             80 
                             81    
                             82 
                             83     ;;Linea 12
   005A 11 00 C0      [10]   84     ld      de, #0xC000      
   005D DD 4E 00      [19]   85     ld      c,  entity_x(ix)        
   0060 DD 7E 01      [19]   86     ld      a,  entity_y(ix)         ;;Coordenada Y (tamaño en alto)
   0063 C6 03         [ 7]   87     add a, #3
   0065 47            [ 4]   88     ld b, a
   0066 CD 00 00      [17]   89     call cpct_getScreenPtr_asm
   0069 36 22         [10]   90     ld      (hl),  #0x22
   006B 2C            [ 4]   91     inc l   
   006C 36 00         [10]   92     ld      (hl),  #0x00
   006E 2C            [ 4]   93     inc l
   006F 36 31         [10]   94     ld      (hl),  #0x31
                             95 
                             96     ;;Linea 13
   0071 11 00 C0      [10]   97     ld      de, #0xC000      
   0074 DD 4E 00      [19]   98     ld      c,  entity_x(ix)        
   0077 DD 7E 01      [19]   99     ld      a,  entity_y(ix)         ;;Coordenada Y (tamaño en alto)
   007A C6 02         [ 7]  100     add a, #2
   007C 47            [ 4]  101     ld b, a
   007D CD 00 00      [17]  102     call cpct_getScreenPtr_asm
   0080 36 32         [10]  103     ld      (hl),  #0x32
   0082 2C            [ 4]  104     inc l   
   0083 36 C0         [10]  105     ld      (hl),  #0xC0
   0085 2C            [ 4]  106     inc l
   0086 36 11         [10]  107     ld      (hl),  #0x11
                            108     ;;Linea 14
   0088 11 00 C0      [10]  109     ld      de, #0xC000      
   008B DD 4E 00      [19]  110     ld      c,  entity_x(ix)        
   008E DD 7E 01      [19]  111     ld      a,  entity_y(ix)         ;;Coordenada Y (tamaño en alto)
   0091 C6 01         [ 7]  112     add a, #1
   0093 47            [ 4]  113     ld b, a
   0094 CD 00 00      [17]  114     call cpct_getScreenPtr_asm
   0097 36 76         [10]  115     ld      (hl),  #0x76
   0099 2C            [ 4]  116     inc l   
   009A 36 80         [10]  117     ld      (hl),  #0x80
   009C 2C            [ 4]  118     inc l
   009D 36 31         [10]  119     ld      (hl),  #0x31
                            120 
                            121     ;;Linea 15
   009F 11 00 C0      [10]  122     ld      de, #0xC000      
   00A2 DD 4E 00      [19]  123     ld      c,  entity_x(ix)        
   00A5 DD 7E 01      [19]  124     ld      a,  entity_y(ix)         ;;Coordenada Y (tamaño en alto)
   00A8 47            [ 4]  125     ld b, a
   00A9 CD 00 00      [17]  126     call cpct_getScreenPtr_asm
   00AC 36 76         [10]  127     ld      (hl),  #0x76
ASxxxx Assembler V02.00 + NoICE + SDCC mods  (Zilog Z80 / Hitachi HD64180), page 7.
Hexadecimal [16-Bits]



   00AE 2C            [ 4]  128     inc l   
   00AF 36 00         [10]  129     ld      (hl),  #0x00
   00B1 2C            [ 4]  130     inc l
   00B2 36 F1         [10]  131     ld      (hl),  #0xF1
                            132 
                            133     ;;Linea 16
   00B4 11 00 C0      [10]  134     ld      de, #0xC000      
   00B7 DD 4E 00      [19]  135     ld      c,  entity_x(ix)        
   00BA DD 7E 01      [19]  136     ld      a,  entity_y(ix)         ;;Coordenada Y (tamaño en alto)
   00BD 06 01         [ 7]  137     ld b, #1
   00BF 90            [ 4]  138     sub b
   00C0 47            [ 4]  139     ld b, a 
   00C1 CD 00 00      [17]  140     call cpct_getScreenPtr_asm
   00C4 36 33         [10]  141     ld      (hl),  #0x33
   00C6 2C            [ 4]  142     inc l   
   00C7 36 00         [10]  143     ld      (hl),  #0x00
   00C9 2C            [ 4]  144     inc l
   00CA 36 62         [10]  145     ld      (hl),  #0x62
                            146 
                            147     ;;Linea 17
   00CC 11 00 C0      [10]  148     ld      de, #0xC000      
   00CF DD 4E 00      [19]  149     ld      c,  entity_x(ix)        
   00D2 DD 7E 01      [19]  150     ld      a,  entity_y(ix)
   00D5 06 02         [ 7]  151     ld b, #2
   00D7 90            [ 4]  152     sub b
   00D8 47            [ 4]  153     ld b, a     
   00D9 CD 00 00      [17]  154     call cpct_getScreenPtr_asm
   00DC 36 11         [10]  155     ld      (hl),  #0x11
   00DE 2C            [ 4]  156     inc l   
   00DF 36 00         [10]  157     ld      (hl),  #0x00
   00E1 2C            [ 4]  158     inc l
   00E2 36 66         [10]  159     ld      (hl),  #0x66
                            160 
   00E4 C9            [10]  161     ret
                            162 
   00E5                     163     pintarCrocoPos3::
                            164 ;;COCODRILO ABIERTO 
                            165     
                            166     ;;Linea 7
   00E5 11 00 C0      [10]  167     ld      de, #0xC000      
   00E8 DD 4E 00      [19]  168     ld      c,  entity_x(ix)        
   00EB DD 7E 01      [19]  169     ld      a,  entity_y(ix)         ;;Coordenada Y (tamaño en alto)
   00EE C6 03         [ 7]  170     add a, #3
   00F0 47            [ 4]  171     ld b, a
   00F1 CD 00 00      [17]  172     call cpct_getScreenPtr_asm
   00F4 36 F2         [10]  173     ld      (hl),  #0xF2
   00F6 2C            [ 4]  174     inc l   
   00F7 36 D0         [10]  175     ld      (hl),  #0xD0
   00F9 2C            [ 4]  176     inc l
   00FA 36 E2         [10]  177     ld      (hl),  #0xE2
                            178 
                            179     ;;Linea 8
   00FC 11 00 C0      [10]  180     ld      de, #0xC000      
   00FF DD 4E 00      [19]  181     ld      c,  entity_x(ix)        
   0102 DD 7E 01      [19]  182     ld      a,  entity_y(ix)         ;;Coordenada Y (tamaño en alto)
ASxxxx Assembler V02.00 + NoICE + SDCC mods  (Zilog Z80 / Hitachi HD64180), page 8.
Hexadecimal [16-Bits]



   0105 C6 02         [ 7]  183     add a, #2
   0107 47            [ 4]  184     ld b, a
   0108 CD 00 00      [17]  185     call cpct_getScreenPtr_asm
   010B 36 A2         [10]  186     ld      (hl),  #0xA2
   010D 2C            [ 4]  187     inc l   
   010E 36 00         [10]  188     ld      (hl),  #0x00
   0110 2C            [ 4]  189     inc l
   0111 36 62         [10]  190     ld      (hl),  #0x62
                            191 
                            192     ;;Linea 9
   0113 11 00 C0      [10]  193     ld      de, #0xC000      
   0116 DD 4E 00      [19]  194     ld      c,  entity_x(ix)        
   0119 DD 7E 01      [19]  195     ld      a,  entity_y(ix)         ;;Coordenada Y (tamaño en alto)
   011C C6 01         [ 7]  196     add a, #1
   011E 47            [ 4]  197     ld b, a
   011F CD 00 00      [17]  198     call cpct_getScreenPtr_asm
   0122 36 76         [10]  199     ld      (hl),  #0x76
   0124 2C            [ 4]  200     inc l   
   0125 36 00         [10]  201     ld      (hl),  #0x00
   0127 2C            [ 4]  202     inc l
   0128 36 11         [10]  203     ld      (hl),  #0x11
                            204 
                            205     ;;Linea 10
   012A 11 00 C0      [10]  206     ld      de, #0xC000      
   012D DD 4E 00      [19]  207     ld      c,  entity_x(ix)        
   0130 DD 7E 01      [19]  208     ld      a,  entity_y(ix)         ;;Coordenada Y (tamaño en alto)
   0133 47            [ 4]  209     ld b, a
   0134 CD 00 00      [17]  210     call cpct_getScreenPtr_asm
   0137 36 32         [10]  211     ld      (hl),  #0x32
   0139 2C            [ 4]  212     inc l   
   013A 36 80         [10]  213     ld      (hl),  #0x80
   013C 2C            [ 4]  214     inc l
   013D 36 31         [10]  215     ld      (hl),  #0x31
                            216 
                            217     ;;Linea 11
   013F 11 00 C0      [10]  218     ld      de, #0xC000      
   0142 DD 4E 00      [19]  219     ld      c,  entity_x(ix)        
   0145 DD 7E 01      [19]  220     ld      a,  entity_y(ix)         ;;Coordenada Y (tamaño en alto)
   0148 06 01         [ 7]  221     ld b, #1
   014A 90            [ 4]  222     sub b
   014B 47            [ 4]  223     ld b, a 
   014C CD 00 00      [17]  224     call cpct_getScreenPtr_asm
   014F 36 32         [10]  225     ld      (hl),  #0x32
   0151 2C            [ 4]  226     inc l   
   0152 36 00         [10]  227     ld      (hl),  #0x00
   0154 2C            [ 4]  228     inc l
   0155 36 71         [10]  229     ld      (hl),  #0x71
                            230 
                            231     ;;Linea 12
   0157 11 00 C0      [10]  232     ld      de, #0xC000      
   015A DD 4E 00      [19]  233     ld      c,  entity_x(ix)        
   015D DD 7E 01      [19]  234     ld      a,  entity_y(ix)         ;;Coordenada Y (tamaño en alto)
   0160 06 02         [ 7]  235     ld b, #2
   0162 90            [ 4]  236     sub b
   0163 47            [ 4]  237     ld b, a 
ASxxxx Assembler V02.00 + NoICE + SDCC mods  (Zilog Z80 / Hitachi HD64180), page 9.
Hexadecimal [16-Bits]



   0164 CD 00 00      [17]  238     call cpct_getScreenPtr_asm
   0167 36 22         [10]  239     ld      (hl),  #0x22
   0169 2C            [ 4]  240     inc l   
   016A 36 00         [10]  241     ld      (hl),  #0x00
   016C 2C            [ 4]  242     inc l
   016D 36 31         [10]  243     ld      (hl),  #0x31
                            244 
                            245     ;;Linea 13
   016F 11 00 C0      [10]  246     ld      de, #0xC000      
   0172 DD 4E 00      [19]  247     ld      c,  entity_x(ix)        
   0175 DD 7E 01      [19]  248     ld      a,  entity_y(ix)         ;;Coordenada Y (tamaño en alto)
   0178 06 03         [ 7]  249     ld b, #3
   017A 90            [ 4]  250     sub b
   017B 47            [ 4]  251     ld b, a  
   017C CD 00 00      [17]  252     call cpct_getScreenPtr_asm
   017F 36 32         [10]  253     ld      (hl),  #0x32
   0181 2C            [ 4]  254     inc l   
   0182 36 C0         [10]  255     ld      (hl),  #0xC0
   0184 2C            [ 4]  256     inc l
   0185 36 11         [10]  257     ld      (hl),  #0x11
                            258     ;;Linea 14
   0187 11 00 C0      [10]  259     ld      de, #0xC000      
   018A DD 4E 00      [19]  260     ld      c,  entity_x(ix)        
   018D DD 7E 01      [19]  261     ld      a,  entity_y(ix)         ;;Coordenada Y (tamaño en alto)
   0190 06 04         [ 7]  262     ld b, #4
   0192 90            [ 4]  263     sub b
   0193 47            [ 4]  264     ld b, a  
   0194 CD 00 00      [17]  265     call cpct_getScreenPtr_asm
   0197 36 76         [10]  266     ld      (hl),  #0x76
   0199 2C            [ 4]  267     inc l   
   019A 36 80         [10]  268     ld      (hl),  #0x80
   019C 2C            [ 4]  269     inc l
   019D 36 31         [10]  270     ld      (hl),  #0x31
                            271 
                            272     ;;Linea 15
   019F 11 00 C0      [10]  273     ld      de, #0xC000      
   01A2 DD 4E 00      [19]  274     ld      c,  entity_x(ix)        
   01A5 DD 7E 01      [19]  275     ld      a,  entity_y(ix)         ;;Coordenada Y (tamaño en alto)
   01A8 06 05         [ 7]  276     ld b, #5
   01AA 90            [ 4]  277     sub b
   01AB 47            [ 4]  278     ld b, a  
   01AC CD 00 00      [17]  279     call cpct_getScreenPtr_asm
   01AF 36 76         [10]  280     ld      (hl),  #0x76
   01B1 2C            [ 4]  281     inc l   
   01B2 36 00         [10]  282     ld      (hl),  #0x00
   01B4 2C            [ 4]  283     inc l
   01B5 36 F1         [10]  284     ld      (hl),  #0xF1
                            285 
                            286     ;;Linea 16
   01B7 11 00 C0      [10]  287     ld      de, #0xC000      
   01BA DD 4E 00      [19]  288     ld      c,  entity_x(ix)        
   01BD DD 7E 01      [19]  289     ld      a,  entity_y(ix)         ;;Coordenada Y (tamaño en alto)
   01C0 06 06         [ 7]  290     ld b, #6
   01C2 90            [ 4]  291     sub b
   01C3 47            [ 4]  292     ld b, a  
ASxxxx Assembler V02.00 + NoICE + SDCC mods  (Zilog Z80 / Hitachi HD64180), page 10.
Hexadecimal [16-Bits]



   01C4 CD 00 00      [17]  293     call cpct_getScreenPtr_asm
   01C7 36 33         [10]  294     ld      (hl),  #0x33
   01C9 2C            [ 4]  295     inc l   
   01CA 36 00         [10]  296     ld      (hl),  #0x00
   01CC 2C            [ 4]  297     inc l
   01CD 36 62         [10]  298     ld      (hl),  #0x62
                            299 
                            300     ;;Linea 17
   01CF 11 00 C0      [10]  301     ld      de, #0xC000      
   01D2 DD 4E 00      [19]  302     ld      c,  entity_x(ix)        
   01D5 DD 7E 01      [19]  303     ld      a,  entity_y(ix)         ;;Coordenada Y (tamaño en alto)
   01D8 06 07         [ 7]  304     ld b, #7
   01DA 90            [ 4]  305     sub b
   01DB 47            [ 4]  306     ld b, a  
   01DC CD 00 00      [17]  307     call cpct_getScreenPtr_asm
   01DF 36 11         [10]  308     ld      (hl),  #0x11
   01E1 2C            [ 4]  309     inc l   
   01E2 36 00         [10]  310     ld      (hl),  #0x00
   01E4 2C            [ 4]  311     inc l
   01E5 36 66         [10]  312     ld      (hl),  #0x66
                            313 
   01E7 C9            [10]  314     ret
                            315 
   01E8                     316     pintarCrocoPos4::
                            317 ;;COCODRILO ABIERTO 
                            318     ;;Linea ultima
   01E8 11 00 C0      [10]  319     ld      de, #0xC000       ;;Puntero a la posición en pantalla (COOO sería el inicio de la pantalla)
   01EB DD 21 26 40   [14]  320     ld ix, #crocodile 
   01EF DD 4E 00      [19]  321     ld      c,  entity_x(ix)        ;;Coordenada X (tamaño en ancho)
   01F2 DD 7E 01      [19]  322     ld      a,  entity_y(ix)         ;;Coordenada Y (tamaño en alto)
   01F5 C6 03         [ 7]  323     add a, #3
   01F7 47            [ 4]  324     ld b, a
   01F8 CD 00 00      [17]  325     call cpct_getScreenPtr_asm  ;;Función que calcula la dirección de memoria de video con esos parámetros
   01FB 36 FF         [10]  326     ld      (hl),  #0xFF
   01FD 2C            [ 4]  327     inc l   
   01FE 36 FF         [10]  328     ld      (hl),  #0xFF
   0200 2C            [ 4]  329     inc l
   0201 36 00         [10]  330     ld      (hl),  #0x00
                            331 
                            332     ;;Linea penultima
   0203 11 00 C0      [10]  333     ld      de, #0xC000      
   0206 DD 4E 00      [19]  334     ld      c,  entity_x(ix)        
   0209 DD 7E 01      [19]  335     ld      a,  entity_y(ix)         ;;Coordenada Y (tamaño en alto)
   020C C6 02         [ 7]  336     add a, #2
   020E 47            [ 4]  337     ld b, a
   020F CD 00 00      [17]  338     call cpct_getScreenPtr_asm
   0212 36 FF         [10]  339     ld      (hl),  #0xFF
   0214 2C            [ 4]  340     inc l   
   0215 36 FF         [10]  341     ld      (hl),  #0xFF
   0217 2C            [ 4]  342     inc l
   0218 36 00         [10]  343     ld      (hl),  #0x00
                            344 
                            345     ;;Linea 3
   021A 11 00 C0      [10]  346     ld      de, #0xC000      
   021D DD 4E 00      [19]  347     ld      c,  entity_x(ix)        
ASxxxx Assembler V02.00 + NoICE + SDCC mods  (Zilog Z80 / Hitachi HD64180), page 11.
Hexadecimal [16-Bits]



   0220 DD 7E 01      [19]  348     ld      a,  entity_y(ix)         ;;Coordenada Y (tamaño en alto)
   0223 C6 01         [ 7]  349     add a, #1
   0225 47            [ 4]  350     ld b, a
   0226 CD 00 00      [17]  351     call cpct_getScreenPtr_asm
   0229 36 FF         [10]  352     ld      (hl),  #0xFF
   022B 2C            [ 4]  353     inc l   
   022C 36 FF         [10]  354     ld      (hl),  #0xFF
   022E 2C            [ 4]  355     inc l
   022F 36 00         [10]  356     ld      (hl),  #0x00
                            357 
                            358     ;;Linea 4
   0231 11 00 C0      [10]  359     ld      de, #0xC000      
   0234 DD 4E 00      [19]  360     ld      c,  entity_x(ix)        
   0237 DD 7E 01      [19]  361     ld      a,  entity_y(ix)         ;;Coordenada Y (tamaño en alto)
   023A 47            [ 4]  362     ld b, a
   023B CD 00 00      [17]  363     call cpct_getScreenPtr_asm
   023E 36 66         [10]  364     ld      (hl),  #0x66
   0240 2C            [ 4]  365     inc l   
   0241 36 11         [10]  366     ld      (hl),  #0x11
   0243 2C            [ 4]  367     inc l
   0244 36 00         [10]  368     ld      (hl),  #0x00
                            369 
                            370     ;;Linea 5
   0246 11 00 C0      [10]  371     ld      de, #0xC000      
   0249 DD 4E 00      [19]  372     ld      c,  entity_x(ix)        
   024C DD 7E 01      [19]  373     ld      a,  entity_y(ix)         ;;Coordenada Y (tamaño en alto)
   024F 06 01         [ 7]  374     ld b, #1
   0251 90            [ 4]  375     sub b
   0252 47            [ 4]  376     ld b, a 
   0253 CD 00 00      [17]  377     call cpct_getScreenPtr_asm
   0256 36 76         [10]  378     ld      (hl),  #0x76
   0258 2C            [ 4]  379     inc l   
   0259 36 00         [10]  380     ld      (hl),  #0x00
   025B 2C            [ 4]  381     inc l
   025C 36 88         [10]  382     ld      (hl),  #0x88
                            383 
                            384     ;;Linea 6
   025E 11 00 C0      [10]  385     ld      de, #0xC000      
   0261 DD 4E 00      [19]  386     ld      c,  entity_x(ix)        
   0264 DD 7E 01      [19]  387     ld      a,  entity_y(ix)         ;;Coordenada Y (tamaño en alto)
   0267 06 02         [ 7]  388     ld b, #2
   0269 90            [ 4]  389     sub b
   026A 47            [ 4]  390     ld b, a 
   026B CD 00 00      [17]  391     call cpct_getScreenPtr_asm
   026E 36 76         [10]  392     ld      (hl),  #0x76
   0270 2C            [ 4]  393     inc l   
   0271 36 80         [10]  394     ld      (hl),  #0x80
   0273 2C            [ 4]  395     inc l
   0274 36 C4         [10]  396     ld      (hl),  #0xC4
                            397 
                            398     ;;Linea 7
   0276 11 00 C0      [10]  399     ld      de, #0xC000      
   0279 DD 4E 00      [19]  400     ld      c,  entity_x(ix)        
   027C DD 7E 01      [19]  401     ld      a,  entity_y(ix)         ;;Coordenada Y (tamaño en alto)
   027F 06 03         [ 7]  402     ld b, #3
ASxxxx Assembler V02.00 + NoICE + SDCC mods  (Zilog Z80 / Hitachi HD64180), page 12.
Hexadecimal [16-Bits]



   0281 90            [ 4]  403     sub b
   0282 47            [ 4]  404     ld b, a 
   0283 CD 00 00      [17]  405     call cpct_getScreenPtr_asm
   0286 36 F2         [10]  406     ld      (hl),  #0xF2
   0288 2C            [ 4]  407     inc l   
   0289 36 D0         [10]  408     ld      (hl),  #0xD0
   028B 2C            [ 4]  409     inc l
   028C 36 E2         [10]  410     ld      (hl),  #0xE2
                            411 
                            412     ;;Linea 8
   028E 11 00 C0      [10]  413     ld      de, #0xC000      
   0291 DD 4E 00      [19]  414     ld      c,  entity_x(ix)        
   0294 DD 7E 01      [19]  415     ld      a,  entity_y(ix)         ;;Coordenada Y (tamaño en alto)
   0297 06 04         [ 7]  416     ld b, #4
   0299 90            [ 4]  417     sub b
   029A 47            [ 4]  418     ld b, a  
   029B CD 00 00      [17]  419     call cpct_getScreenPtr_asm
   029E 36 A2         [10]  420     ld      (hl),  #0xA2
   02A0 2C            [ 4]  421     inc l   
   02A1 36 00         [10]  422     ld      (hl),  #0x00
   02A3 2C            [ 4]  423     inc l
   02A4 36 62         [10]  424     ld      (hl),  #0x62
                            425 
                            426     ;;Linea 9
   02A6 11 00 C0      [10]  427     ld      de, #0xC000      
   02A9 DD 4E 00      [19]  428     ld      c,  entity_x(ix)        
   02AC DD 7E 01      [19]  429     ld      a,  entity_y(ix)         ;;Coordenada Y (tamaño en alto)
   02AF 06 05         [ 7]  430     ld b, #5
   02B1 90            [ 4]  431     sub b
   02B2 47            [ 4]  432     ld b, a  
   02B3 CD 00 00      [17]  433     call cpct_getScreenPtr_asm
   02B6 36 76         [10]  434     ld      (hl),  #0x76
   02B8 2C            [ 4]  435     inc l   
   02B9 36 00         [10]  436     ld      (hl),  #0x00
   02BB 2C            [ 4]  437     inc l
   02BC 36 11         [10]  438     ld      (hl),  #0x11
                            439 
                            440     ;;Linea 10
   02BE 11 00 C0      [10]  441     ld      de, #0xC000      
   02C1 DD 4E 00      [19]  442     ld      c,  entity_x(ix)        
   02C4 DD 7E 01      [19]  443     ld      a,  entity_y(ix)         ;;Coordenada Y (tamaño en alto)
   02C7 06 06         [ 7]  444     ld b, #6
   02C9 90            [ 4]  445     sub b
   02CA 47            [ 4]  446     ld b, a  
   02CB CD 00 00      [17]  447     call cpct_getScreenPtr_asm
   02CE 36 32         [10]  448     ld      (hl),  #0x32
   02D0 2C            [ 4]  449     inc l   
   02D1 36 80         [10]  450     ld      (hl),  #0x80
   02D3 2C            [ 4]  451     inc l
   02D4 36 31         [10]  452     ld      (hl),  #0x31
                            453 
                            454     ;;Linea 11
   02D6 11 00 C0      [10]  455     ld      de, #0xC000      
   02D9 DD 4E 00      [19]  456     ld      c,  entity_x(ix)        
   02DC DD 7E 01      [19]  457     ld      a,  entity_y(ix)         ;;Coordenada Y (tamaño en alto)
ASxxxx Assembler V02.00 + NoICE + SDCC mods  (Zilog Z80 / Hitachi HD64180), page 13.
Hexadecimal [16-Bits]



   02DF 06 07         [ 7]  458     ld b, #7
   02E1 90            [ 4]  459     sub b
   02E2 47            [ 4]  460     ld b, a  
   02E3 CD 00 00      [17]  461     call cpct_getScreenPtr_asm
   02E6 36 32         [10]  462     ld      (hl),  #0x32
   02E8 2C            [ 4]  463     inc l   
   02E9 36 00         [10]  464     ld      (hl),  #0x00
   02EB 2C            [ 4]  465     inc l
   02EC 36 71         [10]  466     ld      (hl),  #0x71
                            467 
                            468     ;;Linea 12
   02EE 11 00 C0      [10]  469     ld      de, #0xC000      
   02F1 DD 4E 00      [19]  470     ld      c,  entity_x(ix)        
   02F4 DD 7E 01      [19]  471     ld      a,  entity_y(ix)         ;;Coordenada Y (tamaño en alto)
   02F7 06 08         [ 7]  472     ld b, #8
   02F9 90            [ 4]  473     sub b
   02FA 47            [ 4]  474     ld b, a  
   02FB CD 00 00      [17]  475     call cpct_getScreenPtr_asm
   02FE 36 22         [10]  476     ld      (hl),  #0x22
   0300 2C            [ 4]  477     inc l   
   0301 36 00         [10]  478     ld      (hl),  #0x00
   0303 2C            [ 4]  479     inc l
   0304 36 31         [10]  480     ld      (hl),  #0x31
                            481 
                            482     ;;Linea 13
   0306 11 00 C0      [10]  483     ld      de, #0xC000      
   0309 DD 4E 00      [19]  484     ld      c,  entity_x(ix)        
   030C DD 7E 01      [19]  485     ld      a,  entity_y(ix)         ;;Coordenada Y (tamaño en alto)
   030F 06 09         [ 7]  486     ld b, #9
   0311 90            [ 4]  487     sub b
   0312 47            [ 4]  488     ld b, a  
   0313 CD 00 00      [17]  489     call cpct_getScreenPtr_asm
   0316 36 32         [10]  490     ld      (hl),  #0x32
   0318 2C            [ 4]  491     inc l   
   0319 36 C0         [10]  492     ld      (hl),  #0xC0
   031B 2C            [ 4]  493     inc l
   031C 36 11         [10]  494     ld      (hl),  #0x11
                            495     ;;Linea 14
   031E 11 00 C0      [10]  496     ld      de, #0xC000      
   0321 DD 4E 00      [19]  497     ld      c,  entity_x(ix)        
   0324 DD 7E 01      [19]  498     ld      a,  entity_y(ix)         ;;Coordenada Y (tamaño en alto)
   0327 06 0A         [ 7]  499     ld b, #10
   0329 90            [ 4]  500     sub b
   032A 47            [ 4]  501     ld b, a  
   032B CD 00 00      [17]  502     call cpct_getScreenPtr_asm
   032E 36 76         [10]  503     ld      (hl),  #0x76
   0330 2C            [ 4]  504     inc l   
   0331 36 80         [10]  505     ld      (hl),  #0x80
   0333 2C            [ 4]  506     inc l
   0334 36 31         [10]  507     ld      (hl),  #0x31
                            508 
                            509     ;;Linea 15
   0336 11 00 C0      [10]  510     ld      de, #0xC000      
   0339 DD 4E 00      [19]  511     ld      c,  entity_x(ix)        
   033C DD 7E 01      [19]  512     ld      a,  entity_y(ix)         ;;Coordenada Y (tamaño en alto)
ASxxxx Assembler V02.00 + NoICE + SDCC mods  (Zilog Z80 / Hitachi HD64180), page 14.
Hexadecimal [16-Bits]



   033F 06 0B         [ 7]  513     ld b, #11
   0341 90            [ 4]  514     sub b
   0342 47            [ 4]  515     ld b, a  
   0343 CD 00 00      [17]  516     call cpct_getScreenPtr_asm
   0346 36 76         [10]  517     ld      (hl),  #0x76
   0348 2C            [ 4]  518     inc l   
   0349 36 00         [10]  519     ld      (hl),  #0x00
   034B 2C            [ 4]  520     inc l
   034C 36 F1         [10]  521     ld      (hl),  #0xF1
                            522 
                            523     ;;Linea 16
   034E 11 00 C0      [10]  524     ld      de, #0xC000      
   0351 DD 4E 00      [19]  525     ld      c,  entity_x(ix)        
   0354 DD 7E 01      [19]  526     ld      a,  entity_y(ix)         ;;Coordenada Y (tamaño en alto)
   0357 06 0C         [ 7]  527     ld b, #12
   0359 90            [ 4]  528     sub b
   035A 47            [ 4]  529     ld b, a  
   035B CD 00 00      [17]  530     call cpct_getScreenPtr_asm
   035E 36 33         [10]  531     ld      (hl),  #0x33
   0360 2C            [ 4]  532     inc l   
   0361 36 00         [10]  533     ld      (hl),  #0x00
   0363 2C            [ 4]  534     inc l
   0364 36 62         [10]  535     ld      (hl),  #0x62
                            536 
                            537     ;;Linea 17
   0366 11 00 C0      [10]  538     ld      de, #0xC000      
   0369 DD 4E 00      [19]  539     ld      c,  entity_x(ix)        
   036C DD 7E 01      [19]  540     ld      a,  entity_y(ix) 
   036F 06 0D         [ 7]  541     ld b, #13
   0371 90            [ 4]  542     sub b
   0372 47            [ 4]  543     ld b, a     
   0373 CD 00 00      [17]  544     call cpct_getScreenPtr_asm
   0376 36 11         [10]  545     ld      (hl),  #0x11
   0378 2C            [ 4]  546     inc l   
   0379 36 00         [10]  547     ld      (hl),  #0x00
   037B 2C            [ 4]  548     inc l
   037C 36 66         [10]  549     ld      (hl),  #0x66
                            550 
   037E C9            [10]  551     ret
                            552 
   037F                     553     pintarCrocoPos5::
                            554 ;;COCODRILO CERRADO    
                            555     ;;Linea ultima
   037F DD 21 26 40   [14]  556     ld ix, #crocodile 
   0383 11 00 C0      [10]  557     ld      de, #0xC000       ;;Puntero a la posición en pantalla (COOO sería el inicio de la pantalla)
   0386 DD 4E 00      [19]  558     ld      c,  entity_x(ix)        
   0389 DD 7E 01      [19]  559     ld      a,  entity_y(ix) 
   038C C6 03         [ 7]  560     add a, #3
   038E 47            [ 4]  561     ld b, a
   038F CD 00 00      [17]  562     call cpct_getScreenPtr_asm  ;;Función que calcula la dirección de memoria de video con esos parámetros
   0392 36 FF         [10]  563     ld      (hl),  #0xFF
   0394 2C            [ 4]  564     inc l   
   0395 36 FF         [10]  565     ld      (hl),  #0xFF
   0397 2C            [ 4]  566     inc l
   0398 36 00         [10]  567     ld      (hl),  #0x00
ASxxxx Assembler V02.00 + NoICE + SDCC mods  (Zilog Z80 / Hitachi HD64180), page 15.
Hexadecimal [16-Bits]



                            568 
                            569     ;;Linea penultima
   039A 11 00 C0      [10]  570     ld      de, #0xC000      
   039D DD 4E 00      [19]  571     ld      c,  entity_x(ix)        
   03A0 DD 7E 01      [19]  572     ld      a,  entity_y(ix) 
   03A3 C6 02         [ 7]  573     add a, #2
   03A5 47            [ 4]  574     ld b, a
   03A6 CD 00 00      [17]  575     call cpct_getScreenPtr_asm
   03A9 36 FF         [10]  576     ld      (hl),  #0xFF
   03AB 2C            [ 4]  577     inc l   
   03AC 36 FF         [10]  578     ld      (hl),  #0xFF
   03AE 2C            [ 4]  579     inc l
   03AF 36 00         [10]  580     ld      (hl),  #0x00
                            581 
                            582     ;;Linea 3
   03B1 11 00 C0      [10]  583     ld      de, #0xC000      
   03B4 DD 4E 00      [19]  584     ld      c,  entity_x(ix)        
   03B7 DD 7E 01      [19]  585     ld      a,  entity_y(ix) 
   03BA C6 01         [ 7]  586     add a, #1
   03BC 47            [ 4]  587     ld b, a
   03BD CD 00 00      [17]  588     call cpct_getScreenPtr_asm
   03C0 36 FF         [10]  589     ld      (hl),  #0xFF
   03C2 2C            [ 4]  590     inc l   
   03C3 36 FF         [10]  591     ld      (hl),  #0xFF
   03C5 2C            [ 4]  592     inc l
   03C6 36 00         [10]  593     ld      (hl),  #0x00
                            594 
                            595     ;;Linea 4
   03C8 11 00 C0      [10]  596     ld      de, #0xC000      
   03CB DD 4E 00      [19]  597     ld      c,  entity_x(ix)        
   03CE DD 7E 01      [19]  598     ld      a,  entity_y(ix) 
   03D1 47            [ 4]  599     ld b, a
   03D2 CD 00 00      [17]  600     call cpct_getScreenPtr_asm
   03D5 36 66         [10]  601     ld      (hl),  #0x66
   03D7 2C            [ 4]  602     inc l   
   03D8 36 11         [10]  603     ld      (hl),  #0x11
   03DA 2C            [ 4]  604     inc l
   03DB 36 00         [10]  605     ld      (hl),  #0x00
                            606 
                            607     ;;Linea 5
   03DD 11 00 C0      [10]  608     ld      de, #0xC000      
   03E0 DD 4E 00      [19]  609     ld      c,  entity_x(ix)        
   03E3 DD 7E 01      [19]  610     ld      a,  entity_y(ix) 
   03E6 06 01         [ 7]  611     ld b, #1
   03E8 90            [ 4]  612     sub b
   03E9 47            [ 4]  613     ld b, a 
   03EA CD 00 00      [17]  614     call cpct_getScreenPtr_asm
   03ED 36 76         [10]  615     ld      (hl),  #0x76
   03EF 2C            [ 4]  616     inc l   
   03F0 36 00         [10]  617     ld      (hl),  #0x00
   03F2 2C            [ 4]  618     inc l
   03F3 36 88         [10]  619     ld      (hl),  #0x88
                            620 
                            621     ;;Linea 6
   03F5 11 00 C0      [10]  622     ld      de, #0xC000      
ASxxxx Assembler V02.00 + NoICE + SDCC mods  (Zilog Z80 / Hitachi HD64180), page 16.
Hexadecimal [16-Bits]



   03F8 DD 4E 00      [19]  623     ld      c,  entity_x(ix)        
   03FB DD 7E 01      [19]  624     ld      a,  entity_y(ix) 
   03FE 06 02         [ 7]  625     ld b, #2
   0400 90            [ 4]  626     sub b
   0401 47            [ 4]  627     ld b, a 
   0402 CD 00 00      [17]  628     call cpct_getScreenPtr_asm
   0405 36 76         [10]  629     ld      (hl),  #0x76
   0407 2C            [ 4]  630     inc l   
   0408 36 80         [10]  631     ld      (hl),  #0x80
   040A 2C            [ 4]  632     inc l
   040B 36 88         [10]  633     ld      (hl),  #0x88
                            634 
                            635     ;;Linea 7
   040D 11 00 C0      [10]  636     ld      de, #0xC000      
   0410 DD 4E 00      [19]  637     ld      c,  entity_x(ix)        
   0413 DD 7E 01      [19]  638     ld      a,  entity_y(ix) 
   0416 06 03         [ 7]  639     ld b, #3
   0418 90            [ 4]  640     sub b
   0419 47            [ 4]  641     ld b, a 
   041A CD 00 00      [17]  642     call cpct_getScreenPtr_asm
   041D 36 F2         [10]  643     ld      (hl),  #0xF2
   041F 2C            [ 4]  644     inc l   
   0420 36 D0         [10]  645     ld      (hl),  #0xD0
   0422 2C            [ 4]  646     inc l
   0423 36 88         [10]  647     ld      (hl),  #0x88
                            648 
                            649     ;;Linea 8
   0425 11 00 C0      [10]  650     ld      de, #0xC000      
   0428 DD 4E 00      [19]  651     ld      c,  entity_x(ix)        
   042B DD 7E 01      [19]  652     ld      a,  entity_y(ix) 
   042E 06 04         [ 7]  653     ld b, #4
   0430 90            [ 4]  654     sub b
   0431 47            [ 4]  655     ld b, a 
   0432 CD 00 00      [17]  656     call cpct_getScreenPtr_asm
   0435 36 B2         [10]  657     ld      (hl),  #0xB2
   0437 2C            [ 4]  658     inc l   
   0438 36 B0         [10]  659     ld      (hl),  #0xB0
   043A 2C            [ 4]  660     inc l
   043B 36 88         [10]  661     ld      (hl),  #0x88
                            662 
                            663     ;;Linea 9
   043D 11 00 C0      [10]  664     ld      de, #0xC000      
   0440 DD 4E 00      [19]  665     ld      c,  entity_x(ix)        
   0443 DD 7E 01      [19]  666     ld      a,  entity_y(ix) 
   0446 06 05         [ 7]  667     ld b, #5
   0448 90            [ 4]  668     sub b
   0449 47            [ 4]  669     ld b, a 
   044A CD 00 00      [17]  670     call cpct_getScreenPtr_asm
   044D 36 76         [10]  671     ld      (hl),  #0x76
   044F 2C            [ 4]  672     inc l   
   0450 36 70         [10]  673     ld      (hl),  #0x70
   0452 2C            [ 4]  674     inc l
   0453 36 88         [10]  675     ld      (hl),  #0x88
                            676 
                            677     ;;Linea 10
ASxxxx Assembler V02.00 + NoICE + SDCC mods  (Zilog Z80 / Hitachi HD64180), page 17.
Hexadecimal [16-Bits]



   0455 11 00 C0      [10]  678     ld      de, #0xC000      
   0458 DD 4E 00      [19]  679     ld      c,  entity_x(ix)        
   045B DD 7E 01      [19]  680     ld      a,  entity_y(ix) 
   045E 06 06         [ 7]  681     ld b, #6
   0460 90            [ 4]  682     sub b
   0461 47            [ 4]  683     ld b, a 
   0462 CD 00 00      [17]  684     call cpct_getScreenPtr_asm
   0465 36 22         [10]  685     ld      (hl),  #0x22
   0467 2C            [ 4]  686     inc l   
   0468 36 30         [10]  687     ld      (hl),  #0x30
   046A 2C            [ 4]  688     inc l
   046B 36 88         [10]  689     ld      (hl),  #0x88
                            690 
                            691     ;;Linea 11
   046D 11 00 C0      [10]  692     ld      de, #0xC000      
   0470 DD 4E 00      [19]  693     ld      c,  entity_x(ix)        
   0473 DD 7E 01      [19]  694     ld      a,  entity_y(ix) 
   0476 06 07         [ 7]  695     ld b, #7
   0478 90            [ 4]  696     sub b
   0479 47            [ 4]  697     ld b, a 
   047A CD 00 00      [17]  698     call cpct_getScreenPtr_asm
   047D 36 32         [10]  699     ld      (hl),  #0x32
   047F 2C            [ 4]  700     inc l   
   0480 36 10         [10]  701     ld      (hl),  #0x10
   0482 2C            [ 4]  702     inc l
   0483 36 88         [10]  703     ld      (hl),  #0x88
                            704 
                            705     ;;Linea 12
   0485 11 00 C0      [10]  706     ld      de, #0xC000      
   0488 DD 4E 00      [19]  707     ld      c,  entity_x(ix)        
   048B DD 7E 01      [19]  708     ld      a,  entity_y(ix) 
   048E 06 08         [ 7]  709     ld b, #8
   0490 90            [ 4]  710     sub b
   0491 47            [ 4]  711     ld b, a   
   0492 CD 00 00      [17]  712     call cpct_getScreenPtr_asm
   0495 36 32         [10]  713     ld      (hl),  #0x32
   0497 2C            [ 4]  714     inc l   
   0498 36 80         [10]  715     ld      (hl),  #0x80
   049A 2C            [ 4]  716     inc l
   049B 36 88         [10]  717     ld      (hl),  #0x88
                            718 
                            719     ;;Linea 13
   049D 11 00 C0      [10]  720     ld      de, #0xC000      
   04A0 DD 4E 00      [19]  721     ld      c,  entity_x(ix)        
   04A3 DD 7E 01      [19]  722     ld      a,  entity_y(ix) 
   04A6 06 09         [ 7]  723     ld b, #9
   04A8 90            [ 4]  724     sub b
   04A9 47            [ 4]  725     ld b, a   
   04AA CD 00 00      [17]  726     call cpct_getScreenPtr_asm
   04AD 36 32         [10]  727     ld      (hl),  #0x32
   04AF 2C            [ 4]  728     inc l   
   04B0 36 D0         [10]  729     ld      (hl),  #0xD0
   04B2 2C            [ 4]  730     inc l
   04B3 36 88         [10]  731     ld      (hl),  #0x88
                            732 
ASxxxx Assembler V02.00 + NoICE + SDCC mods  (Zilog Z80 / Hitachi HD64180), page 18.
Hexadecimal [16-Bits]



                            733     ;;Linea 14
   04B5 11 00 C0      [10]  734     ld      de, #0xC000      
   04B8 DD 4E 00      [19]  735     ld      c,  entity_x(ix)        
   04BB DD 7E 01      [19]  736     ld      a,  entity_y(ix) 
   04BE 06 0A         [ 7]  737     ld b, #10
   04C0 90            [ 4]  738     sub b
   04C1 47            [ 4]  739     ld b, a   
   04C2 CD 00 00      [17]  740     call cpct_getScreenPtr_asm
   04C5 36 76         [10]  741     ld      (hl),  #0x76
   04C7 2C            [ 4]  742     inc l   
   04C8 36 B0         [10]  743     ld      (hl),  #0xB0
   04CA 2C            [ 4]  744     inc l
   04CB 36 88         [10]  745     ld      (hl),  #0x88
                            746 
                            747     ;;Linea 15
   04CD 11 00 C0      [10]  748     ld      de, #0xC000      
   04D0 DD 4E 00      [19]  749     ld      c,  entity_x(ix)        
   04D3 DD 7E 01      [19]  750     ld      a,  entity_y(ix) 
   04D6 06 0B         [ 7]  751     ld b, #11
   04D8 90            [ 4]  752     sub b
   04D9 47            [ 4]  753     ld b, a   
   04DA CD 00 00      [17]  754     call cpct_getScreenPtr_asm
   04DD 36 76         [10]  755     ld      (hl),  #0x76
   04DF 2C            [ 4]  756     inc l   
   04E0 36 70         [10]  757     ld      (hl),  #0x70
   04E2 2C            [ 4]  758     inc l
   04E3 36 88         [10]  759     ld      (hl),  #0x88
                            760 
                            761     ;;Linea 16
   04E5 11 00 C0      [10]  762     ld      de, #0xC000      
   04E8 DD 4E 00      [19]  763     ld      c,  entity_x(ix)        
   04EB DD 7E 01      [19]  764     ld      a,  entity_y(ix) 
   04EE 06 0C         [ 7]  765     ld b, #12
   04F0 90            [ 4]  766     sub b
   04F1 47            [ 4]  767     ld b, a   
   04F2 CD 00 00      [17]  768     call cpct_getScreenPtr_asm
   04F5 36 33         [10]  769     ld      (hl),  #0x33
   04F7 2C            [ 4]  770     inc l   
   04F8 36 31         [10]  771     ld      (hl),  #0x31
   04FA 2C            [ 4]  772     inc l
   04FB 36 00         [10]  773     ld      (hl),  #0x00
                            774 
                            775     ;;Linea 17
   04FD 11 00 C0      [10]  776     ld      de, #0xC000      
   0500 DD 4E 00      [19]  777     ld      c,  entity_x(ix)        
   0503 DD 7E 01      [19]  778     ld      a,  entity_y(ix) 
   0506 06 0D         [ 7]  779     ld b, #13
   0508 90            [ 4]  780     sub b
   0509 47            [ 4]  781     ld b, a       
   050A CD 00 00      [17]  782     call cpct_getScreenPtr_asm
   050D 36 11         [10]  783     ld      (hl),  #0x11
   050F 2C            [ 4]  784     inc l   
   0510 36 33         [10]  785     ld      (hl),  #0x33
   0512 2C            [ 4]  786     inc l
   0513 36 00         [10]  787     ld      (hl),  #0x00
ASxxxx Assembler V02.00 + NoICE + SDCC mods  (Zilog Z80 / Hitachi HD64180), page 19.
Hexadecimal [16-Bits]



                            788 
   0515 C9            [10]  789     ret
                            790 
   0516                     791     pintarCrocoPos6::
                            792 ;;COCODRILO ABIERTO 
                            793     ;;Linea ultima
   0516 11 00 C0      [10]  794     ld      de, #0xC000       ;;Puntero a la posición en pantalla (COOO sería el inicio de la pantalla)
   0519 DD 21 26 40   [14]  795     ld ix, #crocodile 
   051D DD 4E 00      [19]  796     ld      c,  entity_x(ix)        ;;Coordenada X (tamaño en ancho)
   0520 DD 7E 01      [19]  797     ld      a,  entity_y(ix)         ;;Coordenada Y (tamaño en alto)
   0523 C6 10         [ 7]  798     add a, #16
   0525 47            [ 4]  799     ld b, a
   0526 CD 00 00      [17]  800     call cpct_getScreenPtr_asm  ;;Función que calcula la dirección de memoria de video con esos parámetros
   0529 36 FF         [10]  801     ld      (hl),  #0xFF
   052B 2C            [ 4]  802     inc l   
   052C 36 FF         [10]  803     ld      (hl),  #0xFF
   052E 2C            [ 4]  804     inc l
   052F 36 00         [10]  805     ld      (hl),  #0x00
                            806 
                            807     ;;Linea penultima
   0531 11 00 C0      [10]  808     ld      de, #0xC000      
   0534 DD 4E 00      [19]  809     ld      c,  entity_x(ix)        
   0537 DD 7E 01      [19]  810     ld      a,  entity_y(ix)         ;;Coordenada Y (tamaño en alto)
   053A C6 0F         [ 7]  811     add a, #15
   053C 47            [ 4]  812     ld b, a
   053D CD 00 00      [17]  813     call cpct_getScreenPtr_asm
   0540 36 FF         [10]  814     ld      (hl),  #0xFF
   0542 2C            [ 4]  815     inc l   
   0543 36 FF         [10]  816     ld      (hl),  #0xFF
   0545 2C            [ 4]  817     inc l
   0546 36 00         [10]  818     ld      (hl),  #0x00
                            819 
                            820     ;;Linea 3
   0548 11 00 C0      [10]  821     ld      de, #0xC000      
   054B DD 4E 00      [19]  822     ld      c,  entity_x(ix)        
   054E DD 7E 01      [19]  823     ld      a,  entity_y(ix)         ;;Coordenada Y (tamaño en alto)
   0551 C6 0E         [ 7]  824     add a, #14
   0553 47            [ 4]  825     ld b, a
                            826     ;;sub   #2
                            827     ;;ld b, a
   0554 CD 00 00      [17]  828     call cpct_getScreenPtr_asm
   0557 36 FF         [10]  829     ld      (hl),  #0xFF
   0559 2C            [ 4]  830     inc l   
   055A 36 FF         [10]  831     ld      (hl),  #0xFF
   055C 2C            [ 4]  832     inc l
   055D 36 00         [10]  833     ld      (hl),  #0x00
                            834 
                            835     ;;Linea 4
   055F 11 00 C0      [10]  836     ld      de, #0xC000      
   0562 DD 4E 00      [19]  837     ld      c,  entity_x(ix)        
   0565 DD 7E 01      [19]  838     ld      a,  entity_y(ix)         ;;Coordenada Y (tamaño en alto)
   0568 C6 0D         [ 7]  839     add a, #13
   056A 47            [ 4]  840     ld b, a
   056B CD 00 00      [17]  841     call cpct_getScreenPtr_asm
   056E 36 66         [10]  842     ld      (hl),  #0x66
ASxxxx Assembler V02.00 + NoICE + SDCC mods  (Zilog Z80 / Hitachi HD64180), page 20.
Hexadecimal [16-Bits]



   0570 2C            [ 4]  843     inc l   
   0571 36 11         [10]  844     ld      (hl),  #0x11
   0573 2C            [ 4]  845     inc l
   0574 36 00         [10]  846     ld      (hl),  #0x00
                            847 
                            848     ;;Linea 5
   0576 11 00 C0      [10]  849     ld      de, #0xC000      
   0579 DD 4E 00      [19]  850     ld      c,  entity_x(ix)        
   057C DD 7E 01      [19]  851     ld      a,  entity_y(ix)         ;;Coordenada Y (tamaño en alto)
   057F C6 0C         [ 7]  852     add a, #12
   0581 47            [ 4]  853     ld b, a
   0582 CD 00 00      [17]  854     call cpct_getScreenPtr_asm
   0585 36 76         [10]  855     ld      (hl),  #0x76
   0587 2C            [ 4]  856     inc l   
   0588 36 00         [10]  857     ld      (hl),  #0x00
   058A 2C            [ 4]  858     inc l
   058B 36 88         [10]  859     ld      (hl),  #0x88
                            860 
                            861     ;;Linea 6
   058D 11 00 C0      [10]  862     ld      de, #0xC000      
   0590 DD 4E 00      [19]  863     ld      c,  entity_x(ix)        
   0593 DD 7E 01      [19]  864     ld      a,  entity_y(ix)         ;;Coordenada Y (tamaño en alto)
   0596 C6 0B         [ 7]  865     add a, #11
   0598 47            [ 4]  866     ld b, a
   0599 CD 00 00      [17]  867     call cpct_getScreenPtr_asm
   059C 36 76         [10]  868     ld      (hl),  #0x76
   059E 2C            [ 4]  869     inc l   
   059F 36 80         [10]  870     ld      (hl),  #0x80
   05A1 2C            [ 4]  871     inc l
   05A2 36 C4         [10]  872     ld      (hl),  #0xC4
                            873 
                            874     ;;Linea 7
   05A4 11 00 C0      [10]  875     ld      de, #0xC000      
   05A7 DD 4E 00      [19]  876     ld      c,  entity_x(ix)        
   05AA DD 7E 01      [19]  877     ld      a,  entity_y(ix)         ;;Coordenada Y (tamaño en alto)
   05AD C6 0A         [ 7]  878     add a, #10
   05AF 47            [ 4]  879     ld b, a
   05B0 CD 00 00      [17]  880     call cpct_getScreenPtr_asm
   05B3 36 F2         [10]  881     ld      (hl),  #0xF2
   05B5 2C            [ 4]  882     inc l   
   05B6 36 D0         [10]  883     ld      (hl),  #0xD0
   05B8 2C            [ 4]  884     inc l
   05B9 36 E2         [10]  885     ld      (hl),  #0xE2
                            886 
                            887     ;;Linea 8
   05BB 11 00 C0      [10]  888     ld      de, #0xC000      
   05BE DD 4E 00      [19]  889     ld      c,  entity_x(ix)        
   05C1 DD 7E 01      [19]  890     ld      a,  entity_y(ix)         ;;Coordenada Y (tamaño en alto)
   05C4 C6 09         [ 7]  891     add a, #9
   05C6 47            [ 4]  892     ld b, a
   05C7 CD 00 00      [17]  893     call cpct_getScreenPtr_asm
   05CA 36 A2         [10]  894     ld      (hl),  #0xA2
   05CC 2C            [ 4]  895     inc l   
   05CD 36 00         [10]  896     ld      (hl),  #0x00
   05CF 2C            [ 4]  897     inc l
ASxxxx Assembler V02.00 + NoICE + SDCC mods  (Zilog Z80 / Hitachi HD64180), page 21.
Hexadecimal [16-Bits]



   05D0 36 62         [10]  898     ld      (hl),  #0x62
                            899 
                            900     ;;Linea 9
   05D2 11 00 C0      [10]  901     ld      de, #0xC000      
   05D5 DD 4E 00      [19]  902     ld      c,  entity_x(ix)        
   05D8 DD 7E 01      [19]  903     ld      a,  entity_y(ix)         ;;Coordenada Y (tamaño en alto)
   05DB C6 08         [ 7]  904     add a, #8
   05DD 47            [ 4]  905     ld b, a
   05DE CD 00 00      [17]  906     call cpct_getScreenPtr_asm
   05E1 36 76         [10]  907     ld      (hl),  #0x76
   05E3 2C            [ 4]  908     inc l   
   05E4 36 00         [10]  909     ld      (hl),  #0x00
   05E6 2C            [ 4]  910     inc l
   05E7 36 11         [10]  911     ld      (hl),  #0x11
                            912 
                            913     ;;Linea 10
   05E9 11 00 C0      [10]  914     ld      de, #0xC000      
   05EC DD 4E 00      [19]  915     ld      c,  entity_x(ix)        
   05EF DD 7E 01      [19]  916     ld      a,  entity_y(ix)         ;;Coordenada Y (tamaño en alto)
   05F2 C6 07         [ 7]  917     add a, #7
   05F4 47            [ 4]  918     ld b, a
   05F5 CD 00 00      [17]  919     call cpct_getScreenPtr_asm
   05F8 36 32         [10]  920     ld      (hl),  #0x32
   05FA 2C            [ 4]  921     inc l   
   05FB 36 80         [10]  922     ld      (hl),  #0x80
   05FD 2C            [ 4]  923     inc l
   05FE 36 31         [10]  924     ld      (hl),  #0x31
                            925 
                            926     ;;Linea 11
   0600 11 00 C0      [10]  927     ld      de, #0xC000      
   0603 DD 4E 00      [19]  928     ld      c,  entity_x(ix)        
   0606 DD 7E 01      [19]  929     ld      a,  entity_y(ix)         ;;Coordenada Y (tamaño en alto)
   0609 C6 06         [ 7]  930     add a, #6
   060B 47            [ 4]  931     ld b, a
   060C CD 00 00      [17]  932     call cpct_getScreenPtr_asm
   060F 36 32         [10]  933     ld      (hl),  #0x32
   0611 2C            [ 4]  934     inc l   
   0612 36 00         [10]  935     ld      (hl),  #0x00
   0614 2C            [ 4]  936     inc l
   0615 36 71         [10]  937     ld      (hl),  #0x71
                            938 
                            939     ;;Linea 12
   0617 11 00 C0      [10]  940     ld      de, #0xC000      
   061A DD 4E 00      [19]  941     ld      c,  entity_x(ix)        
   061D DD 7E 01      [19]  942     ld      a,  entity_y(ix)         ;;Coordenada Y (tamaño en alto)
   0620 C6 05         [ 7]  943     add a, #5
   0622 47            [ 4]  944     ld b, a
   0623 CD 00 00      [17]  945     call cpct_getScreenPtr_asm
   0626 36 22         [10]  946     ld      (hl),  #0x22
   0628 2C            [ 4]  947     inc l   
   0629 36 00         [10]  948     ld      (hl),  #0x00
   062B 2C            [ 4]  949     inc l
   062C 36 31         [10]  950     ld      (hl),  #0x31
                            951 
                            952     ;;Linea 13
ASxxxx Assembler V02.00 + NoICE + SDCC mods  (Zilog Z80 / Hitachi HD64180), page 22.
Hexadecimal [16-Bits]



   062E 11 00 C0      [10]  953     ld      de, #0xC000      
   0631 DD 4E 00      [19]  954     ld      c,  entity_x(ix)        
   0634 DD 7E 01      [19]  955     ld      a,  entity_y(ix)         ;;Coordenada Y (tamaño en alto)
   0637 C6 04         [ 7]  956     add a, #4
   0639 47            [ 4]  957     ld b, a
   063A CD 00 00      [17]  958     call cpct_getScreenPtr_asm
   063D 36 32         [10]  959     ld      (hl),  #0x32
   063F 2C            [ 4]  960     inc l   
   0640 36 C0         [10]  961     ld      (hl),  #0xC0
   0642 2C            [ 4]  962     inc l
   0643 36 11         [10]  963     ld      (hl),  #0x11
                            964     ;;Linea 14
   0645 11 00 C0      [10]  965     ld      de, #0xC000      
   0648 DD 4E 00      [19]  966     ld      c,  entity_x(ix)        
   064B DD 7E 01      [19]  967     ld      a,  entity_y(ix)         ;;Coordenada Y (tamaño en alto)
   064E C6 03         [ 7]  968     add a, #3
   0650 47            [ 4]  969     ld b, a
   0651 CD 00 00      [17]  970     call cpct_getScreenPtr_asm
   0654 36 76         [10]  971     ld      (hl),  #0x76
   0656 2C            [ 4]  972     inc l   
   0657 36 80         [10]  973     ld      (hl),  #0x80
   0659 2C            [ 4]  974     inc l
   065A 36 31         [10]  975     ld      (hl),  #0x31
                            976 
                            977     ;;Linea 15
   065C 11 00 C0      [10]  978     ld      de, #0xC000      
   065F DD 4E 00      [19]  979     ld      c,  entity_x(ix)        
   0662 DD 7E 01      [19]  980     ld      a,  entity_y(ix)         ;;Coordenada Y (tamaño en alto)
   0665 C6 02         [ 7]  981     add a, #2
   0667 47            [ 4]  982     ld b, a
   0668 CD 00 00      [17]  983     call cpct_getScreenPtr_asm
   066B 36 76         [10]  984     ld      (hl),  #0x76
   066D 2C            [ 4]  985     inc l   
   066E 36 00         [10]  986     ld      (hl),  #0x00
   0670 2C            [ 4]  987     inc l
   0671 36 F1         [10]  988     ld      (hl),  #0xF1
                            989 
                            990     ;;Linea 16
   0673 11 00 C0      [10]  991     ld      de, #0xC000      
   0676 DD 4E 00      [19]  992     ld      c,  entity_x(ix)        
   0679 DD 7E 01      [19]  993     ld      a,  entity_y(ix)         ;;Coordenada Y (tamaño en alto)
   067C C6 01         [ 7]  994     add a, #1
   067E 47            [ 4]  995     ld b, a
   067F CD 00 00      [17]  996     call cpct_getScreenPtr_asm
   0682 36 33         [10]  997     ld      (hl),  #0x33
   0684 2C            [ 4]  998     inc l   
   0685 36 00         [10]  999     ld      (hl),  #0x00
   0687 2C            [ 4] 1000     inc l
   0688 36 62         [10] 1001     ld      (hl),  #0x62
                           1002 
                           1003     ;;Linea 17
   068A 11 00 C0      [10] 1004     ld      de, #0xC000      
   068D DD 4E 00      [19] 1005     ld      c,  entity_x(ix)        
   0690 DD 46 01      [19] 1006     ld      b,  entity_y(ix)    
   0693 CD 00 00      [17] 1007     call cpct_getScreenPtr_asm
ASxxxx Assembler V02.00 + NoICE + SDCC mods  (Zilog Z80 / Hitachi HD64180), page 23.
Hexadecimal [16-Bits]



   0696 36 11         [10] 1008     ld      (hl),  #0x11
   0698 2C            [ 4] 1009     inc l   
   0699 36 00         [10] 1010     ld      (hl),  #0x00
   069B 2C            [ 4] 1011     inc l
   069C 36 66         [10] 1012     ld      (hl),  #0x66
                           1013 
   069E C9            [10] 1014     ret
                           1015 
   069F                    1016     pintarCrocoPos7::
                           1017 ;;COCODRILO ABIERTO 
                           1018     ;;Linea ultima
   069F 11 00 C0      [10] 1019     ld      de, #0xC000       ;;Puntero a la posición en pantalla (COOO sería el inicio de la pantalla)
   06A2 DD 21 26 40   [14] 1020     ld ix, #crocodile 
   06A6 DD 4E 00      [19] 1021     ld      c,  entity_x(ix)        ;;Coordenada X (tamaño en ancho)
   06A9 DD 7E 01      [19] 1022     ld      a,  entity_y(ix)         ;;Coordenada Y (tamaño en alto)
   06AC C6 10         [ 7] 1023     add a, #16
   06AE 47            [ 4] 1024     ld b, a
   06AF CD 00 00      [17] 1025     call cpct_getScreenPtr_asm  ;;Función que calcula la dirección de memoria de video con esos parámetros
   06B2 36 FF         [10] 1026     ld      (hl),  #0xFF
   06B4 2C            [ 4] 1027     inc l   
   06B5 36 FF         [10] 1028     ld      (hl),  #0xFF
   06B7 2C            [ 4] 1029     inc l
   06B8 36 00         [10] 1030     ld      (hl),  #0x00
                           1031 
                           1032     ;;Linea penultima
   06BA 11 00 C0      [10] 1033     ld      de, #0xC000      
   06BD DD 4E 00      [19] 1034     ld      c,  entity_x(ix)        
   06C0 DD 7E 01      [19] 1035     ld      a,  entity_y(ix)         ;;Coordenada Y (tamaño en alto)
   06C3 C6 0F         [ 7] 1036     add a, #15
   06C5 47            [ 4] 1037     ld b, a
   06C6 CD 00 00      [17] 1038     call cpct_getScreenPtr_asm
   06C9 36 FF         [10] 1039     ld      (hl),  #0xFF
   06CB 2C            [ 4] 1040     inc l   
   06CC 36 FF         [10] 1041     ld      (hl),  #0xFF
   06CE 2C            [ 4] 1042     inc l
   06CF 36 00         [10] 1043     ld      (hl),  #0x00
                           1044 
                           1045     ;;Linea 3
   06D1 11 00 C0      [10] 1046     ld      de, #0xC000      
   06D4 DD 4E 00      [19] 1047     ld      c,  entity_x(ix)        
   06D7 DD 7E 01      [19] 1048     ld      a,  entity_y(ix)         ;;Coordenada Y (tamaño en alto)
   06DA C6 0E         [ 7] 1049     add a, #14
   06DC 47            [ 4] 1050     ld b, a
                           1051     ;;sub   #2
                           1052     ;;ld b, a
   06DD CD 00 00      [17] 1053     call cpct_getScreenPtr_asm
   06E0 36 FF         [10] 1054     ld      (hl),  #0xFF
   06E2 2C            [ 4] 1055     inc l   
   06E3 36 FF         [10] 1056     ld      (hl),  #0xFF
   06E5 2C            [ 4] 1057     inc l
   06E6 36 00         [10] 1058     ld      (hl),  #0x00
                           1059 
                           1060     ;;Linea 4
   06E8 11 00 C0      [10] 1061     ld      de, #0xC000      
   06EB DD 4E 00      [19] 1062     ld      c,  entity_x(ix)        
ASxxxx Assembler V02.00 + NoICE + SDCC mods  (Zilog Z80 / Hitachi HD64180), page 24.
Hexadecimal [16-Bits]



   06EE DD 7E 01      [19] 1063     ld      a,  entity_y(ix)         ;;Coordenada Y (tamaño en alto)
   06F1 C6 0D         [ 7] 1064     add a, #13
   06F3 47            [ 4] 1065     ld b, a
   06F4 CD 00 00      [17] 1066     call cpct_getScreenPtr_asm
   06F7 36 66         [10] 1067     ld      (hl),  #0x66
   06F9 2C            [ 4] 1068     inc l   
   06FA 36 11         [10] 1069     ld      (hl),  #0x11
   06FC 2C            [ 4] 1070     inc l
   06FD 36 00         [10] 1071     ld      (hl),  #0x00
                           1072 
                           1073     ;;Linea 5
   06FF 11 00 C0      [10] 1074     ld      de, #0xC000      
   0702 DD 4E 00      [19] 1075     ld      c,  entity_x(ix)        
   0705 DD 7E 01      [19] 1076     ld      a,  entity_y(ix)         ;;Coordenada Y (tamaño en alto)
   0708 C6 0C         [ 7] 1077     add a, #12
   070A 47            [ 4] 1078     ld b, a
   070B CD 00 00      [17] 1079     call cpct_getScreenPtr_asm
   070E 36 76         [10] 1080     ld      (hl),  #0x76
   0710 2C            [ 4] 1081     inc l   
   0711 36 00         [10] 1082     ld      (hl),  #0x00
   0713 2C            [ 4] 1083     inc l
   0714 36 88         [10] 1084     ld      (hl),  #0x88
                           1085 
                           1086     ;;Linea 6
   0716 11 00 C0      [10] 1087     ld      de, #0xC000      
   0719 DD 4E 00      [19] 1088     ld      c,  entity_x(ix)        
   071C DD 7E 01      [19] 1089     ld      a,  entity_y(ix)         ;;Coordenada Y (tamaño en alto)
   071F C6 0B         [ 7] 1090     add a, #11
   0721 47            [ 4] 1091     ld b, a
   0722 CD 00 00      [17] 1092     call cpct_getScreenPtr_asm
   0725 36 76         [10] 1093     ld      (hl),  #0x76
   0727 2C            [ 4] 1094     inc l   
   0728 36 80         [10] 1095     ld      (hl),  #0x80
   072A 2C            [ 4] 1096     inc l
   072B 36 C4         [10] 1097     ld      (hl),  #0xC4
                           1098 
                           1099     ;;Linea 7
   072D 11 00 C0      [10] 1100     ld      de, #0xC000      
   0730 DD 4E 00      [19] 1101     ld      c,  entity_x(ix)        
   0733 DD 7E 01      [19] 1102     ld      a,  entity_y(ix)         ;;Coordenada Y (tamaño en alto)
   0736 C6 0A         [ 7] 1103     add a, #10
   0738 47            [ 4] 1104     ld b, a
   0739 CD 00 00      [17] 1105     call cpct_getScreenPtr_asm
   073C 36 F2         [10] 1106     ld      (hl),  #0xF2
   073E 2C            [ 4] 1107     inc l   
   073F 36 D0         [10] 1108     ld      (hl),  #0xD0
   0741 2C            [ 4] 1109     inc l
   0742 36 E2         [10] 1110     ld      (hl),  #0xE2
                           1111 
                           1112     ;;Linea 8
   0744 11 00 C0      [10] 1113     ld      de, #0xC000      
   0747 DD 4E 00      [19] 1114     ld      c,  entity_x(ix)        
   074A DD 7E 01      [19] 1115     ld      a,  entity_y(ix)         ;;Coordenada Y (tamaño en alto)
   074D C6 09         [ 7] 1116     add a, #9
   074F 47            [ 4] 1117     ld b, a
ASxxxx Assembler V02.00 + NoICE + SDCC mods  (Zilog Z80 / Hitachi HD64180), page 25.
Hexadecimal [16-Bits]



   0750 CD 00 00      [17] 1118     call cpct_getScreenPtr_asm
   0753 36 A2         [10] 1119     ld      (hl),  #0xA2
   0755 2C            [ 4] 1120     inc l   
   0756 36 00         [10] 1121     ld      (hl),  #0x00
   0758 2C            [ 4] 1122     inc l
   0759 36 62         [10] 1123     ld      (hl),  #0x62
                           1124 
                           1125     ;;Linea 9
   075B 11 00 C0      [10] 1126     ld      de, #0xC000      
   075E DD 4E 00      [19] 1127     ld      c,  entity_x(ix)        
   0761 DD 7E 01      [19] 1128     ld      a,  entity_y(ix)         ;;Coordenada Y (tamaño en alto)
   0764 C6 08         [ 7] 1129     add a, #8
   0766 47            [ 4] 1130     ld b, a
   0767 CD 00 00      [17] 1131     call cpct_getScreenPtr_asm
   076A 36 76         [10] 1132     ld      (hl),  #0x76
   076C 2C            [ 4] 1133     inc l   
   076D 36 00         [10] 1134     ld      (hl),  #0x00
   076F 2C            [ 4] 1135     inc l
   0770 36 11         [10] 1136     ld      (hl),  #0x11
                           1137 
                           1138     ;;Linea 10
   0772 11 00 C0      [10] 1139     ld      de, #0xC000      
   0775 DD 4E 00      [19] 1140     ld      c,  entity_x(ix)        
   0778 DD 7E 01      [19] 1141     ld      a,  entity_y(ix)         ;;Coordenada Y (tamaño en alto)
   077B C6 07         [ 7] 1142     add a, #7
   077D 47            [ 4] 1143     ld b, a
   077E CD 00 00      [17] 1144     call cpct_getScreenPtr_asm
   0781 36 32         [10] 1145     ld      (hl),  #0x32
   0783 2C            [ 4] 1146     inc l   
   0784 36 80         [10] 1147     ld      (hl),  #0x80
   0786 2C            [ 4] 1148     inc l
   0787 36 31         [10] 1149     ld      (hl),  #0x31
                           1150 
                           1151     ;;Linea 11
   0789 11 00 C0      [10] 1152     ld      de, #0xC000      
   078C DD 4E 00      [19] 1153     ld      c,  entity_x(ix)        
   078F DD 7E 01      [19] 1154     ld      a,  entity_y(ix)         ;;Coordenada Y (tamaño en alto)
   0792 C6 06         [ 7] 1155     add a, #6
   0794 47            [ 4] 1156     ld b, a
   0795 CD 00 00      [17] 1157     call cpct_getScreenPtr_asm
   0798 36 32         [10] 1158     ld      (hl),  #0x32
   079A 2C            [ 4] 1159     inc l   
   079B 36 00         [10] 1160     ld      (hl),  #0x00
   079D 2C            [ 4] 1161     inc l
   079E 36 71         [10] 1162     ld      (hl),  #0x71
                           1163 
                           1164     ;;Linea 12
   07A0 11 00 C0      [10] 1165     ld      de, #0xC000      
   07A3 DD 4E 00      [19] 1166     ld      c,  entity_x(ix)        
   07A6 DD 7E 01      [19] 1167     ld      a,  entity_y(ix)         ;;Coordenada Y (tamaño en alto)
   07A9 C6 05         [ 7] 1168     add a, #5
   07AB 47            [ 4] 1169     ld b, a
   07AC CD 00 00      [17] 1170     call cpct_getScreenPtr_asm
   07AF 36 22         [10] 1171     ld      (hl),  #0x22
   07B1 2C            [ 4] 1172     inc l   
ASxxxx Assembler V02.00 + NoICE + SDCC mods  (Zilog Z80 / Hitachi HD64180), page 26.
Hexadecimal [16-Bits]



   07B2 36 00         [10] 1173     ld      (hl),  #0x00
   07B4 2C            [ 4] 1174     inc l
   07B5 36 31         [10] 1175     ld      (hl),  #0x31
                           1176 
                           1177     ;;Linea 13
   07B7 11 00 C0      [10] 1178     ld      de, #0xC000      
   07BA DD 4E 00      [19] 1179     ld      c,  entity_x(ix)        
   07BD DD 7E 01      [19] 1180     ld      a,  entity_y(ix)         ;;Coordenada Y (tamaño en alto)
   07C0 C6 04         [ 7] 1181     add a, #4
   07C2 47            [ 4] 1182     ld b, a
   07C3 CD 00 00      [17] 1183     call cpct_getScreenPtr_asm
   07C6 36 32         [10] 1184     ld      (hl),  #0x32
   07C8 2C            [ 4] 1185     inc l   
   07C9 36 C0         [10] 1186     ld      (hl),  #0xC0
   07CB 2C            [ 4] 1187     inc l
   07CC 36 11         [10] 1188     ld      (hl),  #0x11
                           1189     ;;Linea 14
   07CE 11 00 C0      [10] 1190     ld      de, #0xC000      
   07D1 DD 4E 00      [19] 1191     ld      c,  entity_x(ix)        
   07D4 DD 7E 01      [19] 1192     ld      a,  entity_y(ix)         ;;Coordenada Y (tamaño en alto)
   07D7 C6 03         [ 7] 1193     add a, #3
   07D9 47            [ 4] 1194     ld b, a
   07DA CD 00 00      [17] 1195     call cpct_getScreenPtr_asm
   07DD 36 76         [10] 1196     ld      (hl),  #0x76
   07DF 2C            [ 4] 1197     inc l   
   07E0 36 80         [10] 1198     ld      (hl),  #0x80
   07E2 2C            [ 4] 1199     inc l
   07E3 36 31         [10] 1200     ld      (hl),  #0x31
                           1201 
                           1202     ;;Linea 15
   07E5 11 00 C0      [10] 1203     ld      de, #0xC000      
   07E8 DD 4E 00      [19] 1204     ld      c,  entity_x(ix)        
   07EB DD 7E 01      [19] 1205     ld      a,  entity_y(ix)         ;;Coordenada Y (tamaño en alto)
   07EE C6 02         [ 7] 1206     add a, #2
   07F0 47            [ 4] 1207     ld b, a
   07F1 CD 00 00      [17] 1208     call cpct_getScreenPtr_asm
   07F4 36 76         [10] 1209     ld      (hl),  #0x76
   07F6 2C            [ 4] 1210     inc l   
   07F7 36 00         [10] 1211     ld      (hl),  #0x00
   07F9 2C            [ 4] 1212     inc l
   07FA 36 F1         [10] 1213     ld      (hl),  #0xF1
                           1214 
                           1215     ;;Linea 16
   07FC 11 00 C0      [10] 1216     ld      de, #0xC000      
   07FF DD 4E 00      [19] 1217     ld      c,  entity_x(ix)        
   0802 DD 7E 01      [19] 1218     ld      a,  entity_y(ix)         ;;Coordenada Y (tamaño en alto)
   0805 C6 01         [ 7] 1219     add a, #1
   0807 47            [ 4] 1220     ld b, a
   0808 CD 00 00      [17] 1221     call cpct_getScreenPtr_asm
   080B 36 33         [10] 1222     ld      (hl),  #0x33
   080D 2C            [ 4] 1223     inc l   
   080E 36 00         [10] 1224     ld      (hl),  #0x00
   0810 2C            [ 4] 1225     inc l
   0811 36 62         [10] 1226     ld      (hl),  #0x62
                           1227 
ASxxxx Assembler V02.00 + NoICE + SDCC mods  (Zilog Z80 / Hitachi HD64180), page 27.
Hexadecimal [16-Bits]



                           1228     ;;Linea 17
   0813 11 00 C0      [10] 1229     ld      de, #0xC000      
   0816 DD 4E 00      [19] 1230     ld      c,  entity_x(ix)        
   0819 DD 46 01      [19] 1231     ld      b,  entity_y(ix)    
   081C CD 00 00      [17] 1232     call cpct_getScreenPtr_asm
   081F 36 11         [10] 1233     ld      (hl),  #0x11
   0821 2C            [ 4] 1234     inc l   
   0822 36 00         [10] 1235     ld      (hl),  #0x00
   0824 2C            [ 4] 1236     inc l
   0825 36 66         [10] 1237     ld      (hl),  #0x66
                           1238 
   0827 C9            [10] 1239     ret
                           1240 
                           1241 
                           1242 
                           1243 
                           1244 
                           1245 
                           1246 
                           1247 
                           1248 
                           1249     ;;Borrar
   0828                    1250     borrarCrocoPos1::
                           1251 ;;COCODRILO ABIERTO 
                           1252     ;;Linea ultima
                           1253     
                           1254     
                           1255     ;;Linea 13
   0828 11 00 C0      [10] 1256     ld      de, #0xC000      
   082B DD 4E 00      [19] 1257     ld      c,  entity_x(ix)        
   082E DD 7E 01      [19] 1258     ld      a,  entity_y(ix)         ;;Coordenada Y (tamaño en alto)
   0831 C6 04         [ 7] 1259     add a, #4
   0833 47            [ 4] 1260     ld b, a
   0834 CD 00 00      [17] 1261     call cpct_getScreenPtr_asm
   0837 36 0F         [10] 1262     ld      (hl),  #0x0F
   0839 2C            [ 4] 1263     inc l   
   083A 36 0F         [10] 1264     ld      (hl),  #0x0F
   083C 2C            [ 4] 1265     inc l
   083D 36 0F         [10] 1266     ld      (hl),  #0x0F
                           1267     ;;Linea 14
   083F 11 00 C0      [10] 1268     ld      de, #0xC000      
   0842 DD 4E 00      [19] 1269     ld      c,  entity_x(ix)        
   0845 DD 7E 01      [19] 1270     ld      a,  entity_y(ix)         ;;Coordenada Y (tamaño en alto)
   0848 C6 03         [ 7] 1271     add a, #3
   084A 47            [ 4] 1272     ld b, a
   084B CD 00 00      [17] 1273     call cpct_getScreenPtr_asm
   084E 36 0F         [10] 1274     ld      (hl),  #0x0F
   0850 2C            [ 4] 1275     inc l   
   0851 36 0F         [10] 1276     ld      (hl),  #0x0F
   0853 2C            [ 4] 1277     inc l
   0854 36 0F         [10] 1278     ld      (hl),  #0x0F
                           1279 
                           1280     ;;Linea 15
   0856 11 00 C0      [10] 1281     ld      de, #0xC000      
   0859 DD 4E 00      [19] 1282     ld      c,  entity_x(ix)        
ASxxxx Assembler V02.00 + NoICE + SDCC mods  (Zilog Z80 / Hitachi HD64180), page 28.
Hexadecimal [16-Bits]



   085C DD 7E 01      [19] 1283     ld      a,  entity_y(ix)         ;;Coordenada Y (tamaño en alto)
   085F C6 02         [ 7] 1284     add a, #2
   0861 47            [ 4] 1285     ld b, a
   0862 CD 00 00      [17] 1286     call cpct_getScreenPtr_asm
   0865 36 0F         [10] 1287     ld      (hl),  #0x0F
   0867 2C            [ 4] 1288     inc l   
   0868 36 0F         [10] 1289     ld      (hl),  #0x0F
   086A 2C            [ 4] 1290     inc l
   086B 36 0F         [10] 1291     ld      (hl),  #0x0F
                           1292 
                           1293     ;;Linea 16
   086D 11 00 C0      [10] 1294     ld      de, #0xC000      
   0870 DD 4E 00      [19] 1295     ld      c,  entity_x(ix)        
   0873 DD 7E 01      [19] 1296     ld      a,  entity_y(ix)         ;;Coordenada Y (tamaño en alto)
   0876 C6 01         [ 7] 1297     add a, #1
   0878 47            [ 4] 1298     ld b, a
   0879 CD 00 00      [17] 1299     call cpct_getScreenPtr_asm
   087C 36 0F         [10] 1300     ld      (hl),  #0x0F
   087E 2C            [ 4] 1301     inc l   
   087F 36 0F         [10] 1302     ld      (hl),  #0x0F
   0881 2C            [ 4] 1303     inc l
   0882 36 0F         [10] 1304     ld      (hl),  #0x0F
                           1305 
                           1306     ;;Linea 17
   0884 11 00 C0      [10] 1307     ld      de, #0xC000      
   0887 DD 4E 00      [19] 1308     ld      c,  entity_x(ix)        
   088A DD 46 01      [19] 1309     ld      b,  entity_y(ix)    
   088D CD 00 00      [17] 1310     call cpct_getScreenPtr_asm
   0890 36 0F         [10] 1311     ld      (hl),  #0x0F
   0892 2C            [ 4] 1312     inc l   
   0893 36 0F         [10] 1313     ld      (hl),  #0x0F
   0895 2C            [ 4] 1314     inc l
   0896 36 0F         [10] 1315     ld      (hl),  #0x0F
                           1316 
   0898 C9            [10] 1317     ret
                           1318 
   0899                    1319     borrarCrocoPos2::
                           1320 
                           1321 
   0899 C9            [10] 1322     ret
                           1323 
   089A                    1324     borrarCrocoPos3::
                           1325 
   089A C9            [10] 1326     ret
                           1327 
                           1328 
   089B                    1329     borrarCrocoPos4::
                           1330 
   089B C9            [10] 1331     ret
                           1332 
                           1333 
   089C                    1334     borrarCrocoPos5::
                           1335 
                           1336     ;;Linea 12
   089C 11 00 C0      [10] 1337     ld      de, #0xC000      
ASxxxx Assembler V02.00 + NoICE + SDCC mods  (Zilog Z80 / Hitachi HD64180), page 29.
Hexadecimal [16-Bits]



   089F DD 4E 00      [19] 1338     ld      c,  entity_x(ix)        
   08A2 DD 7E 01      [19] 1339     ld      a,  entity_y(ix) 
   08A5 06 08         [ 7] 1340     ld b, #8
   08A7 90            [ 4] 1341     sub b
   08A8 47            [ 4] 1342     ld b, a   
   08A9 CD 00 00      [17] 1343     call cpct_getScreenPtr_asm
   08AC 36 00         [10] 1344     ld      (hl),  #0x00
   08AE 2C            [ 4] 1345     inc l   
   08AF 36 00         [10] 1346     ld      (hl),  #0x00
   08B1 2C            [ 4] 1347     inc l
   08B2 36 00         [10] 1348     ld      (hl),  #0x00
                           1349 
                           1350     ;;Linea 13
   08B4 11 00 C0      [10] 1351     ld      de, #0xC000      
   08B7 DD 4E 00      [19] 1352     ld      c,  entity_x(ix)        
   08BA DD 7E 01      [19] 1353     ld      a,  entity_y(ix) 
   08BD 06 09         [ 7] 1354     ld b, #9
   08BF 90            [ 4] 1355     sub b
   08C0 47            [ 4] 1356     ld b, a   
   08C1 CD 00 00      [17] 1357     call cpct_getScreenPtr_asm
   08C4 36 00         [10] 1358     ld      (hl),  #0x00
   08C6 2C            [ 4] 1359     inc l   
   08C7 36 00         [10] 1360     ld      (hl),  #0x00
   08C9 2C            [ 4] 1361     inc l
   08CA 36 00         [10] 1362     ld      (hl),  #0x00
                           1363 
                           1364     ;;Linea 14
   08CC 11 00 C0      [10] 1365     ld      de, #0xC000      
   08CF DD 4E 00      [19] 1366     ld      c,  entity_x(ix)        
   08D2 DD 7E 01      [19] 1367     ld      a,  entity_y(ix) 
   08D5 06 0A         [ 7] 1368     ld b, #10
   08D7 90            [ 4] 1369     sub b
   08D8 47            [ 4] 1370     ld b, a   
   08D9 CD 00 00      [17] 1371     call cpct_getScreenPtr_asm
   08DC 36 00         [10] 1372     ld      (hl),  #0x00
   08DE 2C            [ 4] 1373     inc l   
   08DF 36 00         [10] 1374     ld      (hl),  #0x00
   08E1 2C            [ 4] 1375     inc l
   08E2 36 00         [10] 1376     ld      (hl),  #0x00
                           1377 
                           1378     ;;Linea 15
   08E4 11 00 C0      [10] 1379     ld      de, #0xC000      
   08E7 DD 4E 00      [19] 1380     ld      c,  entity_x(ix)        
   08EA DD 7E 01      [19] 1381     ld      a,  entity_y(ix) 
   08ED 06 0B         [ 7] 1382     ld b, #11
   08EF 90            [ 4] 1383     sub b
   08F0 47            [ 4] 1384     ld b, a   
   08F1 CD 00 00      [17] 1385     call cpct_getScreenPtr_asm
   08F4 36 00         [10] 1386     ld      (hl),  #0x00
   08F6 2C            [ 4] 1387     inc l   
   08F7 36 00         [10] 1388     ld      (hl),  #0x00
   08F9 2C            [ 4] 1389     inc l
   08FA 36 00         [10] 1390     ld      (hl),  #0x00
                           1391 
                           1392     ;;Linea 16
ASxxxx Assembler V02.00 + NoICE + SDCC mods  (Zilog Z80 / Hitachi HD64180), page 30.
Hexadecimal [16-Bits]



   08FC 11 00 C0      [10] 1393     ld      de, #0xC000      
   08FF DD 4E 00      [19] 1394     ld      c,  entity_x(ix)        
   0902 DD 7E 01      [19] 1395     ld      a,  entity_y(ix) 
   0905 06 0C         [ 7] 1396     ld b, #12
   0907 90            [ 4] 1397     sub b
   0908 47            [ 4] 1398     ld b, a   
   0909 CD 00 00      [17] 1399     call cpct_getScreenPtr_asm
   090C 36 00         [10] 1400     ld      (hl),  #0x00
   090E 2C            [ 4] 1401     inc l   
   090F 36 00         [10] 1402     ld      (hl),  #0x00
   0911 2C            [ 4] 1403     inc l
   0912 36 00         [10] 1404     ld      (hl),  #0x00
                           1405 
                           1406     ;;Linea 17
   0914 11 00 C0      [10] 1407     ld      de, #0xC000      
   0917 DD 4E 00      [19] 1408     ld      c,  entity_x(ix)        
   091A DD 7E 01      [19] 1409     ld      a,  entity_y(ix) 
   091D 06 0D         [ 7] 1410     ld b, #13
   091F 90            [ 4] 1411     sub b
   0920 47            [ 4] 1412     ld b, a       
   0921 CD 00 00      [17] 1413     call cpct_getScreenPtr_asm
   0924 36 00         [10] 1414     ld      (hl),  #0x00
   0926 2C            [ 4] 1415     inc l   
   0927 36 00         [10] 1416     ld      (hl),  #0x00
   0929 2C            [ 4] 1417     inc l
   092A 36 00         [10] 1418     ld      (hl),  #0x00
                           1419 
                           1420 
                           1421     
                           1422 
   092C C9            [10] 1423     ret
                           1424 
                           1425 
   092D                    1426     borrarCrocoPos6::
                           1427     ;;Linea 12
   092D 11 00 C0      [10] 1428     ld      de, #0xC000      
   0930 DD 4E 00      [19] 1429     ld      c,  entity_x(ix)        
   0933 DD 7E 01      [19] 1430     ld      a,  entity_y(ix)         ;;Coordenada Y (tamaño en alto)
   0936 06 02         [ 7] 1431     ld b, #2
   0938 90            [ 4] 1432     sub b
   0939 47            [ 4] 1433     ld b, a  
   093A CD 00 00      [17] 1434     call cpct_getScreenPtr_asm
   093D 36 00         [10] 1435     ld      (hl),  #0x00
   093F 2C            [ 4] 1436     inc l   
   0940 36 00         [10] 1437     ld      (hl),  #0x00
   0942 2C            [ 4] 1438     inc l
   0943 36 00         [10] 1439     ld      (hl),  #0x00
                           1440 ;;Linea 13
   0945 11 00 C0      [10] 1441     ld      de, #0xC000      
   0948 DD 4E 00      [19] 1442     ld      c,  entity_x(ix)        
   094B DD 7E 01      [19] 1443     ld      a,  entity_y(ix)         ;;Coordenada Y (tamaño en alto)
   094E 06 03         [ 7] 1444     ld b, #3
   0950 90            [ 4] 1445     sub b
   0951 47            [ 4] 1446     ld b, a  
   0952 CD 00 00      [17] 1447     call cpct_getScreenPtr_asm
ASxxxx Assembler V02.00 + NoICE + SDCC mods  (Zilog Z80 / Hitachi HD64180), page 31.
Hexadecimal [16-Bits]



   0955 36 0F         [10] 1448     ld      (hl),  #0x0F
   0957 2C            [ 4] 1449     inc l   
   0958 36 0F         [10] 1450     ld      (hl),  #0x0F
   095A 2C            [ 4] 1451     inc l
   095B 36 0F         [10] 1452     ld      (hl),  #0x0F
                           1453     ;;Linea 14
   095D 11 00 C0      [10] 1454     ld      de, #0xC000      
   0960 DD 4E 00      [19] 1455     ld      c,  entity_x(ix)        
   0963 DD 7E 01      [19] 1456     ld      a,  entity_y(ix)         ;;Coordenada Y (tamaño en alto)
   0966 06 04         [ 7] 1457     ld b, #4
   0968 90            [ 4] 1458     sub b
   0969 47            [ 4] 1459     ld b, a  
   096A CD 00 00      [17] 1460     call cpct_getScreenPtr_asm
   096D 36 00         [10] 1461     ld      (hl),  #0x00
   096F 2C            [ 4] 1462     inc l   
   0970 36 00         [10] 1463     ld      (hl),  #0x00
   0972 2C            [ 4] 1464     inc l
   0973 36 00         [10] 1465     ld      (hl),  #0x00
                           1466 
                           1467     ;;Linea 15
   0975 11 00 C0      [10] 1468     ld      de, #0xC000      
   0978 DD 4E 00      [19] 1469     ld      c,  entity_x(ix)        
   097B DD 7E 01      [19] 1470     ld      a,  entity_y(ix)         ;;Coordenada Y (tamaño en alto)
   097E 06 05         [ 7] 1471     ld b, #5
   0980 90            [ 4] 1472     sub b
   0981 47            [ 4] 1473     ld b, a  
   0982 CD 00 00      [17] 1474     call cpct_getScreenPtr_asm
   0985 36 00         [10] 1475     ld      (hl),  #0x00
   0987 2C            [ 4] 1476     inc l   
   0988 36 00         [10] 1477     ld      (hl),  #0x00
   098A 2C            [ 4] 1478     inc l
   098B 36 00         [10] 1479     ld      (hl),  #0x00
                           1480 
                           1481     ;;Linea 16
   098D 11 00 C0      [10] 1482     ld      de, #0xC000      
   0990 DD 4E 00      [19] 1483     ld      c,  entity_x(ix)        
   0993 DD 7E 01      [19] 1484     ld      a,  entity_y(ix)         ;;Coordenada Y (tamaño en alto)
   0996 06 06         [ 7] 1485     ld b, #6
   0998 90            [ 4] 1486     sub b
   0999 47            [ 4] 1487     ld b, a  
   099A CD 00 00      [17] 1488     call cpct_getScreenPtr_asm
   099D 36 00         [10] 1489     ld      (hl),  #0x00
   099F 2C            [ 4] 1490     inc l   
   09A0 36 00         [10] 1491     ld      (hl),  #0x00
   09A2 2C            [ 4] 1492     inc l
   09A3 36 00         [10] 1493     ld      (hl),  #0x00
                           1494 
                           1495     ;;Linea 17
   09A5 11 00 C0      [10] 1496     ld      de, #0xC000      
   09A8 DD 4E 00      [19] 1497     ld      c,  entity_x(ix)        
   09AB DD 7E 01      [19] 1498     ld      a,  entity_y(ix)         ;;Coordenada Y (tamaño en alto)
   09AE 06 07         [ 7] 1499     ld b, #7
   09B0 90            [ 4] 1500     sub b
   09B1 47            [ 4] 1501     ld b, a  
   09B2 CD 00 00      [17] 1502     call cpct_getScreenPtr_asm
ASxxxx Assembler V02.00 + NoICE + SDCC mods  (Zilog Z80 / Hitachi HD64180), page 32.
Hexadecimal [16-Bits]



   09B5 36 00         [10] 1503     ld      (hl),  #0x00
   09B7 2C            [ 4] 1504     inc l   
   09B8 36 00         [10] 1505     ld      (hl),  #0x00
   09BA 2C            [ 4] 1506     inc l
   09BB 36 00         [10] 1507     ld      (hl),  #0x00
                           1508 
   09BD C9            [10] 1509     ret
                           1510 
                           1511 
   09BE                    1512     borrarCrocoPos7::
                           1513 ;;Linea 12
   09BE 11 00 C0      [10] 1514     ld      de, #0xC000      
   09C1 DD 4E 00      [19] 1515     ld      c,  entity_x(ix)        
   09C4 DD 7E 01      [19] 1516     ld      a,  entity_y(ix)         ;;Coordenada Y (tamaño en alto)
   09C7 C6 03         [ 7] 1517     add a, #3
   09C9 47            [ 4] 1518     ld b, a
   09CA CD 00 00      [17] 1519     call cpct_getScreenPtr_asm
   09CD 36 00         [10] 1520     ld      (hl),  #0x00
   09CF 2C            [ 4] 1521     inc l   
   09D0 36 00         [10] 1522     ld      (hl),  #0x00
   09D2 2C            [ 4] 1523     inc l
   09D3 36 00         [10] 1524     ld      (hl),  #0x00
                           1525 
                           1526     ;;Linea 13
   09D5 11 00 C0      [10] 1527     ld      de, #0xC000      
   09D8 DD 4E 00      [19] 1528     ld      c,  entity_x(ix)        
   09DB DD 7E 01      [19] 1529     ld      a,  entity_y(ix)         ;;Coordenada Y (tamaño en alto)
   09DE C6 02         [ 7] 1530     add a, #2
   09E0 47            [ 4] 1531     ld b, a
   09E1 CD 00 00      [17] 1532     call cpct_getScreenPtr_asm
   09E4 36 00         [10] 1533     ld      (hl),  #0x00
   09E6 2C            [ 4] 1534     inc l   
   09E7 36 00         [10] 1535     ld      (hl),  #0x00
   09E9 2C            [ 4] 1536     inc l
   09EA 36 00         [10] 1537     ld      (hl),  #0x00
                           1538     ;;Linea 14
   09EC 11 00 C0      [10] 1539     ld      de, #0xC000      
   09EF DD 4E 00      [19] 1540     ld      c,  entity_x(ix)        
   09F2 DD 7E 01      [19] 1541     ld      a,  entity_y(ix)         ;;Coordenada Y (tamaño en alto)
   09F5 C6 01         [ 7] 1542     add a, #1
   09F7 47            [ 4] 1543     ld b, a
   09F8 CD 00 00      [17] 1544     call cpct_getScreenPtr_asm
   09FB 36 00         [10] 1545     ld      (hl),  #0x00
   09FD 2C            [ 4] 1546     inc l   
   09FE 36 00         [10] 1547     ld      (hl),  #0x00
   0A00 2C            [ 4] 1548     inc l
   0A01 36 00         [10] 1549     ld      (hl),  #0x00
                           1550 
                           1551     ;;Linea 15
   0A03 11 00 C0      [10] 1552     ld      de, #0xC000      
   0A06 DD 4E 00      [19] 1553     ld      c,  entity_x(ix)        
   0A09 DD 7E 01      [19] 1554     ld      a,  entity_y(ix)         ;;Coordenada Y (tamaño en alto)
   0A0C 47            [ 4] 1555     ld b, a
   0A0D CD 00 00      [17] 1556     call cpct_getScreenPtr_asm
   0A10 36 00         [10] 1557     ld      (hl),  #0x00
ASxxxx Assembler V02.00 + NoICE + SDCC mods  (Zilog Z80 / Hitachi HD64180), page 33.
Hexadecimal [16-Bits]



   0A12 2C            [ 4] 1558     inc l   
   0A13 36 00         [10] 1559     ld      (hl),  #0x00
   0A15 2C            [ 4] 1560     inc l
   0A16 36 00         [10] 1561     ld      (hl),  #0x00
                           1562 
                           1563     ;;Linea 16
   0A18 11 00 C0      [10] 1564     ld      de, #0xC000      
   0A1B DD 4E 00      [19] 1565     ld      c,  entity_x(ix)        
   0A1E DD 7E 01      [19] 1566     ld      a,  entity_y(ix)         ;;Coordenada Y (tamaño en alto)
   0A21 06 01         [ 7] 1567     ld b, #1
   0A23 90            [ 4] 1568     sub b
   0A24 47            [ 4] 1569     ld b, a 
   0A25 CD 00 00      [17] 1570     call cpct_getScreenPtr_asm
   0A28 36 00         [10] 1571     ld      (hl),  #0x00
   0A2A 2C            [ 4] 1572     inc l   
   0A2B 36 00         [10] 1573     ld      (hl),  #0x00
   0A2D 2C            [ 4] 1574     inc l
   0A2E 36 00         [10] 1575     ld      (hl),  #0x00
                           1576 
                           1577     ;;Linea 17
   0A30 11 00 C0      [10] 1578     ld      de, #0xC000      
   0A33 DD 4E 00      [19] 1579     ld      c,  entity_x(ix)        
   0A36 DD 7E 01      [19] 1580     ld      a,  entity_y(ix)
   0A39 06 02         [ 7] 1581     ld b, #2
   0A3B 90            [ 4] 1582     sub b
   0A3C 47            [ 4] 1583     ld b, a     
   0A3D CD 00 00      [17] 1584     call cpct_getScreenPtr_asm
   0A40 36 00         [10] 1585     ld      (hl),  #0x00
   0A42 2C            [ 4] 1586     inc l   
   0A43 36 00         [10] 1587     ld      (hl),  #0x00
   0A45 2C            [ 4] 1588     inc l
   0A46 36 00         [10] 1589     ld      (hl),  #0x00
                           1590 
   0A48 C9            [10] 1591     ret
