ASxxxx Assembler V02.00 + NoICE + SDCC mods  (Zilog Z80 / Hitachi HD64180), page 1.
Hexadecimal [16-Bits]



                              1 ;;This file is part of Kubso.
                              2 ;;
                              3 ;;Kubso is free software: you can redistribute it and/or modify
                              4 ;;it under the terms of the GNU General Public License as published by
                              5 ;;the Free Software Foundation, either version 3 of the License, or
                              6 ;;(at your option) any later version.
                              7 ;;
                              8 ;;Kubso is distributed in the hope that it will be useful,
                              9 ;;but WITHOUT ANY WARRANTY; without even the implied warranty of
                             10 ;;MERCHANTABILITY or FITNESS FOR A PARTICULAR PURPOSE.  See the
                             11 ;;GNU General Public License for more details.
                             12 ;;
                             13 ;;You should have received a copy of the GNU General Public License
                             14 ;;along with Kubso.  If not, see <https://www.gnu.org/licenses/>.
ASxxxx Assembler V02.00 + NoICE + SDCC mods  (Zilog Z80 / Hitachi HD64180), page 2.
Hexadecimal [16-Bits]



                             15 .include "cpcfunciones.h.s"
                              1 ;;This file is part of Kubso.
                              2 ;;
                              3 ;;Kubso is free software: you can redistribute it and/or modify
                              4 ;;it under the terms of the GNU General Public License as published by
                              5 ;;the Free Software Foundation, either version 3 of the License, or
                              6 ;;(at your option) any later version.
                              7 ;;
                              8 ;;Kubso is distributed in the hope that it will be useful,
                              9 ;;but WITHOUT ANY WARRANTY; without even the implied warranty of
                             10 ;;MERCHANTABILITY or FITNESS FOR A PARTICULAR PURPOSE.  See the
                             11 ;;GNU General Public License for more details.
                             12 ;;
                             13 ;;You should have received a copy of the GNU General Public License
                             14 ;;along with Kubso.  If not, see <https://www.gnu.org/licenses/>.
                             15 .globl cpct_disableFirmware_asm
                             16 .globl cpct_getScreenPtr_asm
                             17 .globl cpct_setDrawCharM1_asm
                             18 .globl cpct_drawStringM1_asm
                             19 .globl cpct_waitVSYNC_asm
                             20 .globl cpct_isAnyKeyPressed_f_asm
                             21 .globl cpct_scanKeyboard_f_asm
                             22 .globl cpct_drawSolidBox_asm
                             23 .globl cpct_isKeyPressed_asm
                             24 .globl cpct_waitVSYNC_asm
                             25 .globl cpct_setVideoMode_asm
                             26 .globl cpct_setPalette_asm
                             27 .globl cpct_getHWColour_asm
                             28 .globl cpct_drawSprite_asm
ASxxxx Assembler V02.00 + NoICE + SDCC mods  (Zilog Z80 / Hitachi HD64180), page 3.
Hexadecimal [16-Bits]



                             16 .include "manager/entity_manager.h.s"
                              1 ;;This file is part of Kubso.
                              2 ;;
                              3 ;;Kubso is free software: you can redistribute it and/or modify
                              4 ;;it under the terms of the GNU General Public License as published by
                              5 ;;the Free Software Foundation, either version 3 of the License, or
                              6 ;;(at your option) any later version.
                              7 ;;
                              8 ;;Kubso is distributed in the hope that it will be useful,
                              9 ;;but WITHOUT ANY WARRANTY; without even the implied warranty of
                             10 ;;MERCHANTABILITY or FITNESS FOR A PARTICULAR PURPOSE.  See the
                             11 ;;GNU General Public License for more details.
                             12 ;;
                             13 ;;You should have received a copy of the GNU General Public License
                             14 ;;along with Kubso.  If not, see <https://www.gnu.org/licenses/>.
                             15 .globl entityman_init
                             16 .globl entityman_create
                             17 .globl _num_entities
                             18 .globl _entity_array
                             19 .globl entity_size
                             20 .globl entityman_getNumEntities_A
                             21 .globl entityman_getEntityArray_IX
                             22 .globl reset
                             23 
                             24 .macro  DefineEntity _name, _x, _y, _w, _h, _vx, _vy, _color
                             25 _name::
                             26    .db  _x
                             27    .db  _y
                             28    .db  _w
                             29    .db  _h
                             30    .db  _vx
                             31    .db  _vy
                             32    .db  _color
                             33 .endm
                             34 
                     0000    35 entity_x = 0
                     0001    36 entity_y = 1
                     0002    37 entity_w = 2
                     0003    38 entity_h = 3
                     0004    39 entity_estado = 4
                     0005    40 entity_vy = 5
                     0006    41 entity_color = 6
                     0007    42 sizeof_entity = 7
                             43 
                             44 
                             45 
ASxxxx Assembler V02.00 + NoICE + SDCC mods  (Zilog Z80 / Hitachi HD64180), page 4.
Hexadecimal [16-Bits]



                             17 .include "system/mainJuego.h.s"
                              1 ;;This file is part of Kubso.
                              2 ;;
                              3 ;;Kubso is free software: you can redistribute it and/or modify
                              4 ;;it under the terms of the GNU General Public License as published by
                              5 ;;the Free Software Foundation, either version 3 of the License, or
                              6 ;;(at your option) any later version.
                              7 ;;
                              8 ;;Kubso is distributed in the hope that it will be useful,
                              9 ;;but WITHOUT ANY WARRANTY; without even the implied warranty of
                             10 ;;MERCHANTABILITY or FITNESS FOR A PARTICULAR PURPOSE.  See the
                             11 ;;GNU General Public License for more details.
                             12 ;;
                             13 ;;You should have received a copy of the GNU General Public License
                             14 ;;along with Kubso.  If not, see <https://www.gnu.org/licenses/>.
                             15 .globl GameStart
                             16 .globl colision
                             17 .globl Mina
                             18 .globl Inicio
                             19 .globl letrasborradas
                             20 .globl cooldownEnemigo1
                             21 .globl cooldownEnemigo2
                             22 .globl cooldownMisil
                             23 .globl letrasborradas
                             24 .globl nivelactual
                             25 .globl cargaNivel
                             26 .globl vidas
                             27 
                             28 
                             29 
                     4003    30 playerPos = #0x4003
                     400A    31 espadaPos = #0x400A
                     4011    32 wallIPos = #0x4011
                     4018    33 wallDPos = #0x4018
                     401F    34 enemyPos = #0x401F
                     4026    35 crocodile = #0x4026
                     402D    36 enemyIzqPos = #0x402D
                     4034    37 enemyIzqPos2 = #0x4034
                     403B    38 enemyUp1Pos = #0x403B
                     4042    39 enemyUp2Pos = #0x4042
                     4049    40 enemyUp3Pos = #0x4049
                     4050    41 enemyDerPos2 = #0x4050
                     4057    42 enemyUp4Pos = #0x4057
                     405E    43 enemyIzqPos3 = #0x405E
                     4065    44 enemyUp5Pos = #0x4065
                             45 ;;crocodile = #0x4178
                     406C    46 enemyDerPos3 = #0x406C
                             47 ;;croco = #0x417F
                             48 
                             49 
                             50 
ASxxxx Assembler V02.00 + NoICE + SDCC mods  (Zilog Z80 / Hitachi HD64180), page 5.
Hexadecimal [16-Bits]



                             18 
   0000                      19 pintarEnemigo3::
   0000 DD 21 34 40   [14]   20     ld ix, #enemyIzqPos2
   0004 DD 7E 04      [19]   21     ld a, entity_estado(ix)
   0007 3D            [ 4]   22     dec a
   0008 CA 4E 01      [10]   23     jp z, renderPos1
   000B 3D            [ 4]   24     dec a
   000C CA 8A 02      [10]   25     jp z, renderPos2
                             26 
   000F                      27     renderPos0:
   000F DD 36 04 01   [19]   28     ld entity_estado(ix), #1
                             29     
   0013 11 00 C0      [10]   30    ld      de, #0xC000        ;;Puntero a la posición en pantalla (COOO sería el inicio de la pantalla)
   0016 DD 4E 00      [19]   31     ld      c,  entity_x(ix)          ;;Coordenada X (tamaño en ancho)
   0019 DD 46 01      [19]   32     ld      b,  entity_y(ix)  
   001C 04            [ 4]   33     inc b       
   001D 04            [ 4]   34     inc b
   001E 04            [ 4]   35     inc b 
   001F 04            [ 4]   36     inc b
   0020 04            [ 4]   37     inc b
   0021 04            [ 4]   38     inc b 
   0022 04            [ 4]   39     inc b
   0023 CD 00 00      [17]   40     call cpct_getScreenPtr_asm 
   0026 36 EE         [10]   41     ld (hl), #0xEE
   0028 2C            [ 4]   42     inc l
   0029 36 00         [10]   43    ld (hl), #0x00
                             44 
                             45 
                             46    ;;-----------
   002B 11 00 C0      [10]   47    ld      de, #0xC000        ;;Puntero a la posición en pantalla (COOO sería el inicio de la pantalla)
   002E DD 4E 00      [19]   48     ld      c,  entity_x(ix)          ;;Coordenada X (tamaño en ancho)
   0031 DD 46 01      [19]   49     ld      b,  entity_y(ix)  
   0034 04            [ 4]   50     inc b       
   0035 04            [ 4]   51     inc b
   0036 04            [ 4]   52     inc b 
   0037 04            [ 4]   53     inc b
   0038 04            [ 4]   54     inc b 
   0039 04            [ 4]   55     inc b
   003A CD 00 00      [17]   56     call cpct_getScreenPtr_asm 
   003D 36 3F         [10]   57     ld (hl), #0x3F
   003F 2C            [ 4]   58     inc l
   0040 36 55         [10]   59    ld (hl), #0x55
                             60 
                             61    ;;-------------
   0042 11 00 C0      [10]   62    ld      de, #0xC000        ;;Puntero a la posición en pantalla (COOO sería el inicio de la pantalla)
   0045 DD 4E 00      [19]   63     ld      c,  entity_x(ix)          ;;Coordenada X (tamaño en ancho)
   0048 DD 46 01      [19]   64     ld      b,  entity_y(ix)  
   004B 04            [ 4]   65     inc b       
   004C 04            [ 4]   66     inc b
   004D 04            [ 4]   67     inc b 
   004E 04            [ 4]   68     inc b
   004F 04            [ 4]   69     inc b 
   0050 CD 00 00      [17]   70     call cpct_getScreenPtr_asm 
   0053 36 1F         [10]   71     ld (hl), #0x1F
   0055 2C            [ 4]   72     inc l
ASxxxx Assembler V02.00 + NoICE + SDCC mods  (Zilog Z80 / Hitachi HD64180), page 6.
Hexadecimal [16-Bits]



   0056 36 A0         [10]   73    ld (hl), #0xA0
                             74 
                             75    ;;---------------------
   0058 11 00 C0      [10]   76    ld      de, #0xC000        ;;Puntero a la posición en pantalla (COOO sería el inicio de la pantalla)
   005B DD 4E 00      [19]   77     ld      c,  entity_x(ix)          ;;Coordenada X (tamaño en ancho)
   005E DD 46 01      [19]   78     ld      b,  entity_y(ix)  
   0061 04            [ 4]   79     inc b       
   0062 04            [ 4]   80     inc b
   0063 04            [ 4]   81     inc b 
   0064 04            [ 4]   82     inc b
   0065 CD 00 00      [17]   83     call cpct_getScreenPtr_asm 
   0068 36 1F         [10]   84     ld (hl), #0x1F
   006A 2C            [ 4]   85     inc l
   006B 36 A0         [10]   86    ld (hl), #0xA0
                             87 
                             88    ;;-----------
   006D 11 00 C0      [10]   89    ld      de, #0xC000        ;;Puntero a la posición en pantalla (COOO sería el inicio de la pantalla)
   0070 DD 4E 00      [19]   90     ld      c,  entity_x(ix)          ;;Coordenada X (tamaño en ancho)
   0073 DD 46 01      [19]   91     ld      b,  entity_y(ix)  
   0076 04            [ 4]   92     inc b       
   0077 04            [ 4]   93     inc b
   0078 04            [ 4]   94     inc b
   0079 CD 00 00      [17]   95     call cpct_getScreenPtr_asm 
   007C 36 1F         [10]   96     ld (hl), #0x1F
   007E 2C            [ 4]   97     inc l
   007F 36 EC         [10]   98    ld (hl), #0xEC
                             99 
                            100    ;;-----------
   0081 11 00 C0      [10]  101    ld      de, #0xC000        ;;Puntero a la posición en pantalla (COOO sería el inicio de la pantalla)
   0084 DD 4E 00      [19]  102     ld      c,  entity_x(ix)          ;;Coordenada X (tamaño en ancho)
   0087 DD 46 01      [19]  103     ld      b,  entity_y(ix)  
   008A 04            [ 4]  104     inc b       
   008B 04            [ 4]  105     inc b
   008C CD 00 00      [17]  106     call cpct_getScreenPtr_asm 
   008F 36 1F         [10]  107     ld (hl), #0x1F
   0091 2C            [ 4]  108     inc l
   0092 36 D2         [10]  109    ld (hl), #0xD2
                            110 
                            111    ;;-----------
   0094 11 00 C0      [10]  112    ld      de, #0xC000        ;;Puntero a la posición en pantalla (COOO sería el inicio de la pantalla)
   0097 DD 4E 00      [19]  113     ld      c,  entity_x(ix)          ;;Coordenada X (tamaño en ancho)
   009A DD 46 01      [19]  114     ld      b,  entity_y(ix)  
   009D 04            [ 4]  115     inc b 
   009E CD 00 00      [17]  116     call cpct_getScreenPtr_asm
   00A1 36 1F         [10]  117     ld (hl), #0x1F
   00A3 2C            [ 4]  118     inc l 
   00A4 36 FC         [10]  119    ld (hl), #0xFC
                            120 
                            121    ;;-----------
   00A6 11 00 C0      [10]  122    ld      de, #0xC000        ;;Puntero a la posición en pantalla (COOO sería el inicio de la pantalla)
   00A9 DD 4E 00      [19]  123     ld      c,  entity_x(ix)          ;;Coordenada X (tamaño en ancho)
   00AC DD 46 01      [19]  124     ld      b,  entity_y(ix)  
   00AF CD 00 00      [17]  125     call cpct_getScreenPtr_asm 
   00B2 36 1F         [10]  126     ld (hl), #0x1F
   00B4 2C            [ 4]  127     inc l
ASxxxx Assembler V02.00 + NoICE + SDCC mods  (Zilog Z80 / Hitachi HD64180), page 7.
Hexadecimal [16-Bits]



   00B5 36 D2         [10]  128    ld (hl), #0xD2
                            129 
                            130    ;;-----------
   00B7 11 00 C0      [10]  131    ld      de, #0xC000        ;;Puntero a la posición en pantalla (COOO sería el inicio de la pantalla)
   00BA DD 4E 00      [19]  132     ld      c,  entity_x(ix)          ;;Coordenada X (tamaño en ancho)
   00BD DD 46 01      [19]  133     ld      b,  entity_y(ix)  
   00C0 05            [ 4]  134     dec b
   00C1 CD 00 00      [17]  135     call cpct_getScreenPtr_asm
   00C4 36 1F         [10]  136     ld (hl), #0x1F
   00C6 2C            [ 4]  137     inc l 
   00C7 36 EC         [10]  138    ld (hl), #0xEC
                            139 
                            140    ;;-----------
   00C9 11 00 C0      [10]  141    ld      de, #0xC000        ;;Puntero a la posición en pantalla (COOO sería el inicio de la pantalla)
   00CC DD 4E 00      [19]  142     ld      c,  entity_x(ix)          ;;Coordenada X (tamaño en ancho)
   00CF DD 46 01      [19]  143     ld      b,  entity_y(ix)  
   00D2 05            [ 4]  144     dec b       
   00D3 05            [ 4]  145     dec b
   00D4 CD 00 00      [17]  146     call cpct_getScreenPtr_asm
   00D7 36 1F         [10]  147     ld (hl), #0x1F
   00D9 2C            [ 4]  148     inc l 
   00DA 36 A0         [10]  149    ld (hl), #0xA0
                            150 
                            151    ;;-----------
   00DC 11 00 C0      [10]  152    ld      de, #0xC000        ;;Puntero a la posición en pantalla (COOO sería el inicio de la pantalla)
   00DF DD 4E 00      [19]  153     ld      c,  entity_x(ix)          ;;Coordenada X (tamaño en ancho)
   00E2 DD 46 01      [19]  154     ld      b,  entity_y(ix)  
   00E5 05            [ 4]  155     dec b       
   00E6 05            [ 4]  156     dec b
   00E7 05            [ 4]  157     dec b
   00E8 CD 00 00      [17]  158     call cpct_getScreenPtr_asm 
   00EB 36 3F         [10]  159     ld (hl), #0x3F
   00ED 2C            [ 4]  160     inc l
   00EE 36 55         [10]  161    ld (hl), #0x55
                            162    ;;-----------
   00F0 11 00 C0      [10]  163    ld      de, #0xC000        ;;Puntero a la posición en pantalla (COOO sería el inicio de la pantalla)
   00F3 DD 4E 00      [19]  164     ld      c,  entity_x(ix)          ;;Coordenada X (tamaño en ancho)
   00F6 DD 46 01      [19]  165     ld      b,  entity_y(ix)  
   00F9 05            [ 4]  166     dec b       
   00FA 05            [ 4]  167     dec b
   00FB 05            [ 4]  168     dec b
   00FC 05            [ 4]  169     dec b
   00FD CD 00 00      [17]  170     call cpct_getScreenPtr_asm 
   0100 36 EE         [10]  171     ld (hl), #0xEE
   0102 2C            [ 4]  172     inc l
   0103 36 00         [10]  173    ld (hl), #0x00
                            174 ;;-----------
   0105 11 00 C0      [10]  175    ld      de, #0xC000        ;;Puntero a la posición en pantalla (COOO sería el inicio de la pantalla)
   0108 DD 4E 00      [19]  176     ld      c,  entity_x(ix)          ;;Coordenada X (tamaño en ancho)
   010B DD 46 01      [19]  177     ld      b,  entity_y(ix)  
   010E 05            [ 4]  178     dec b       
   010F 05            [ 4]  179     dec b
   0110 05            [ 4]  180     dec b
   0111 05            [ 4]  181     dec b
   0112 05            [ 4]  182     dec b
ASxxxx Assembler V02.00 + NoICE + SDCC mods  (Zilog Z80 / Hitachi HD64180), page 8.
Hexadecimal [16-Bits]



   0113 CD 00 00      [17]  183     call cpct_getScreenPtr_asm 
   0116 36 00         [10]  184     ld (hl), #0x00
   0118 2C            [ 4]  185     inc l
   0119 36 00         [10]  186    ld (hl), #0x00
                            187 ;;-----------
   011B 11 00 C0      [10]  188    ld      de, #0xC000        ;;Puntero a la posición en pantalla (COOO sería el inicio de la pantalla)
   011E DD 4E 00      [19]  189     ld      c,  entity_x(ix)          ;;Coordenada X (tamaño en ancho)
   0121 DD 46 01      [19]  190     ld      b,  entity_y(ix)  
   0124 05            [ 4]  191     dec b       
   0125 05            [ 4]  192     dec b
   0126 05            [ 4]  193     dec b
   0127 05            [ 4]  194     dec b
   0128 05            [ 4]  195     dec b
   0129 05            [ 4]  196     dec b
   012A CD 00 00      [17]  197     call cpct_getScreenPtr_asm 
   012D 36 00         [10]  198     ld (hl), #0x00
   012F 2C            [ 4]  199     inc l
   0130 36 00         [10]  200    ld (hl), #0x00
                            201 ;;-----------
   0132 11 00 C0      [10]  202    ld      de, #0xC000        ;;Puntero a la posición en pantalla (COOO sería el inicio de la pantalla)
   0135 DD 4E 00      [19]  203     ld      c,  entity_x(ix)          ;;Coordenada X (tamaño en ancho)
   0138 DD 46 01      [19]  204     ld      b,  entity_y(ix)  
   013B 05            [ 4]  205     dec b       
   013C 05            [ 4]  206     dec b
   013D 05            [ 4]  207     dec b
   013E 05            [ 4]  208     dec b
   013F 05            [ 4]  209     dec b
   0140 05            [ 4]  210     dec b
   0141 05            [ 4]  211     dec b
   0142 CD 00 00      [17]  212     call cpct_getScreenPtr_asm 
   0145 36 00         [10]  213     ld (hl), #0x00
   0147 2C            [ 4]  214     inc l
   0148 36 00         [10]  215    ld (hl), #0x00
                            216 
   014A DD 34 00      [23]  217    inc entity_x(ix)
                            218 
   014D C9            [10]  219 ret
                            220 
                            221 
   014E                     222     renderPos1:
   014E DD 36 04 02   [19]  223     ld entity_estado(ix), #2
   0152 11 00 C0      [10]  224      ld      de, #0xC000        ;;Puntero a la posición en pantalla (COOO sería el inicio de la pantalla)
   0155 DD 4E 00      [19]  225     ld      c,  entity_x(ix)          ;;Coordenada X (tamaño en ancho)
   0158 DD 46 01      [19]  226     ld      b,  entity_y(ix)  
   015B 04            [ 4]  227     inc b       
   015C 04            [ 4]  228     inc b
   015D 04            [ 4]  229     inc b 
   015E 04            [ 4]  230     inc b
   015F 04            [ 4]  231     inc b
   0160 04            [ 4]  232     inc b 
   0161 04            [ 4]  233     inc b
   0162 CD 00 00      [17]  234     call cpct_getScreenPtr_asm 
   0165 36 11         [10]  235     ld (hl), #0x11
   0167 2C            [ 4]  236     inc l
   0168 36 55         [10]  237    ld (hl), #0x55
ASxxxx Assembler V02.00 + NoICE + SDCC mods  (Zilog Z80 / Hitachi HD64180), page 9.
Hexadecimal [16-Bits]



                            238 
                            239 
                            240    ;;-----------
   016A 11 00 C0      [10]  241    ld      de, #0xC000        ;;Puntero a la posición en pantalla (COOO sería el inicio de la pantalla)
   016D DD 4E 00      [19]  242     ld      c,  entity_x(ix)          ;;Coordenada X (tamaño en ancho)
   0170 DD 46 01      [19]  243     ld      b,  entity_y(ix)  
   0173 04            [ 4]  244     inc b       
   0174 04            [ 4]  245     inc b
   0175 04            [ 4]  246     inc b 
   0176 04            [ 4]  247     inc b
   0177 04            [ 4]  248     inc b 
   0178 04            [ 4]  249     inc b
   0179 CD 00 00      [17]  250     call cpct_getScreenPtr_asm 
   017C 36 20         [10]  251     ld (hl), #0x20
   017E 2C            [ 4]  252     inc l
   017F 36 A0         [10]  253    ld (hl), #0xA0
                            254 
                            255    ;;-------------
   0181 11 00 C0      [10]  256    ld      de, #0xC000        ;;Puntero a la posición en pantalla (COOO sería el inicio de la pantalla)
   0184 DD 4E 00      [19]  257     ld      c,  entity_x(ix)          ;;Coordenada X (tamaño en ancho)
   0187 DD 46 01      [19]  258     ld      b,  entity_y(ix)  
   018A 04            [ 4]  259     inc b       
   018B 04            [ 4]  260     inc b
   018C 04            [ 4]  261     inc b 
   018D 04            [ 4]  262     inc b
   018E 04            [ 4]  263     inc b 
   018F CD 00 00      [17]  264     call cpct_getScreenPtr_asm 
   0192 36 BB         [10]  265     ld (hl), #0xBB
   0194 2C            [ 4]  266     inc l
   0195 36 EC         [10]  267    ld (hl), #0xEC
                            268 
                            269    ;;---------------------
   0197 11 00 C0      [10]  270    ld      de, #0xC000        ;;Puntero a la posición en pantalla (COOO sería el inicio de la pantalla)
   019A DD 4E 00      [19]  271     ld      c,  entity_x(ix)          ;;Coordenada X (tamaño en ancho)
   019D DD 46 01      [19]  272     ld      b,  entity_y(ix)  
   01A0 04            [ 4]  273     inc b       
   01A1 04            [ 4]  274     inc b
   01A2 04            [ 4]  275     inc b 
   01A3 04            [ 4]  276     inc b
   01A4 CD 00 00      [17]  277     call cpct_getScreenPtr_asm 
   01A7 36 70         [10]  278     ld (hl), #0x70
   01A9 2C            [ 4]  279     inc l
   01AA 36 D2         [10]  280    ld (hl), #0xD2
                            281 
                            282    ;;-----------
   01AC 11 00 C0      [10]  283    ld      de, #0xC000        ;;Puntero a la posición en pantalla (COOO sería el inicio de la pantalla)
   01AF DD 4E 00      [19]  284     ld      c,  entity_x(ix)          ;;Coordenada X (tamaño en ancho)
   01B2 DD 46 01      [19]  285     ld      b,  entity_y(ix)  
   01B5 04            [ 4]  286     inc b       
   01B6 04            [ 4]  287     inc b
   01B7 04            [ 4]  288     inc b
   01B8 CD 00 00      [17]  289     call cpct_getScreenPtr_asm 
   01BB 36 77         [10]  290     ld (hl), #0x77
   01BD 2C            [ 4]  291     inc l
   01BE 36 FC         [10]  292    ld (hl), #0xFC
ASxxxx Assembler V02.00 + NoICE + SDCC mods  (Zilog Z80 / Hitachi HD64180), page 10.
Hexadecimal [16-Bits]



                            293 
                            294    ;;-----------
   01C0 11 00 C0      [10]  295    ld      de, #0xC000        ;;Puntero a la posición en pantalla (COOO sería el inicio de la pantalla)
   01C3 DD 4E 00      [19]  296     ld      c,  entity_x(ix)          ;;Coordenada X (tamaño en ancho)
   01C6 DD 46 01      [19]  297     ld      b,  entity_y(ix)  
   01C9 04            [ 4]  298     inc b       
   01CA 04            [ 4]  299     inc b
   01CB CD 00 00      [17]  300     call cpct_getScreenPtr_asm 
   01CE 36 70         [10]  301     ld (hl), #0x70
   01D0 2C            [ 4]  302     inc l
   01D1 36 D2         [10]  303    ld (hl), #0xD2
                            304 
                            305    ;;-----------
   01D3 11 00 C0      [10]  306    ld      de, #0xC000        ;;Puntero a la posición en pantalla (COOO sería el inicio de la pantalla)
   01D6 DD 4E 00      [19]  307     ld      c,  entity_x(ix)          ;;Coordenada X (tamaño en ancho)
   01D9 DD 46 01      [19]  308     ld      b,  entity_y(ix)  
   01DC 04            [ 4]  309     inc b 
   01DD CD 00 00      [17]  310     call cpct_getScreenPtr_asm
   01E0 36 BB         [10]  311     ld (hl), #0xBB
   01E2 2C            [ 4]  312     inc l 
   01E3 36 EC         [10]  313    ld (hl), #0xEC
                            314 
                            315    ;;-----------
   01E5 11 00 C0      [10]  316    ld      de, #0xC000        ;;Puntero a la posición en pantalla (COOO sería el inicio de la pantalla)
   01E8 DD 4E 00      [19]  317     ld      c,  entity_x(ix)          ;;Coordenada X (tamaño en ancho)
   01EB DD 46 01      [19]  318     ld      b,  entity_y(ix)  
   01EE CD 00 00      [17]  319     call cpct_getScreenPtr_asm 
   01F1 36 20         [10]  320     ld (hl), #0x20
   01F3 2C            [ 4]  321     inc l
   01F4 36 A0         [10]  322    ld (hl), #0xA0
                            323 
                            324    ;;-----------
   01F6 11 00 C0      [10]  325    ld      de, #0xC000        ;;Puntero a la posición en pantalla (COOO sería el inicio de la pantalla)
   01F9 DD 4E 00      [19]  326     ld      c,  entity_x(ix)          ;;Coordenada X (tamaño en ancho)
   01FC DD 46 01      [19]  327     ld      b,  entity_y(ix)  
   01FF 05            [ 4]  328     dec b
   0200 CD 00 00      [17]  329     call cpct_getScreenPtr_asm
   0203 36 11         [10]  330     ld (hl), #0x11
   0205 2C            [ 4]  331     inc l 
   0206 36 55         [10]  332    ld (hl), #0x55
                            333 
                            334    ;;-----------
   0208 11 00 C0      [10]  335    ld      de, #0xC000        ;;Puntero a la posición en pantalla (COOO sería el inicio de la pantalla)
   020B DD 4E 00      [19]  336     ld      c,  entity_x(ix)          ;;Coordenada X (tamaño en ancho)
   020E DD 46 01      [19]  337     ld      b,  entity_y(ix)  
   0211 05            [ 4]  338     dec b       
   0212 05            [ 4]  339     dec b
   0213 CD 00 00      [17]  340     call cpct_getScreenPtr_asm
   0216 36 00         [10]  341     ld (hl), #0x00
   0218 2C            [ 4]  342     inc l 
   0219 36 00         [10]  343    ld (hl), #0x00
                            344 
                            345    ;;-----------
   021B 11 00 C0      [10]  346    ld      de, #0xC000        ;;Puntero a la posición en pantalla (COOO sería el inicio de la pantalla)
   021E DD 4E 00      [19]  347     ld      c,  entity_x(ix)          ;;Coordenada X (tamaño en ancho)
ASxxxx Assembler V02.00 + NoICE + SDCC mods  (Zilog Z80 / Hitachi HD64180), page 11.
Hexadecimal [16-Bits]



   0221 DD 46 01      [19]  348     ld      b,  entity_y(ix)  
   0224 05            [ 4]  349     dec b       
   0225 05            [ 4]  350     dec b
   0226 05            [ 4]  351     dec b
   0227 CD 00 00      [17]  352     call cpct_getScreenPtr_asm 
   022A 36 00         [10]  353     ld (hl), #0x00
   022C 2C            [ 4]  354     inc l
   022D 36 00         [10]  355    ld (hl), #0x00
                            356    ;;-----------
   022F 11 00 C0      [10]  357    ld      de, #0xC000        ;;Puntero a la posición en pantalla (COOO sería el inicio de la pantalla)
   0232 DD 4E 00      [19]  358     ld      c,  entity_x(ix)          ;;Coordenada X (tamaño en ancho)
   0235 DD 46 01      [19]  359     ld      b,  entity_y(ix)  
   0238 05            [ 4]  360     dec b       
   0239 05            [ 4]  361     dec b
   023A 05            [ 4]  362     dec b
   023B 05            [ 4]  363     dec b
   023C CD 00 00      [17]  364     call cpct_getScreenPtr_asm 
   023F 36 00         [10]  365     ld (hl), #0x00
   0241 2C            [ 4]  366     inc l
   0242 36 00         [10]  367    ld (hl), #0x00
                            368 ;;-----------
   0244 11 00 C0      [10]  369    ld      de, #0xC000        ;;Puntero a la posición en pantalla (COOO sería el inicio de la pantalla)
   0247 DD 4E 00      [19]  370     ld      c,  entity_x(ix)          ;;Coordenada X (tamaño en ancho)
   024A DD 46 01      [19]  371     ld      b,  entity_y(ix)  
   024D 05            [ 4]  372     dec b       
   024E 05            [ 4]  373     dec b
   024F 05            [ 4]  374     dec b
   0250 05            [ 4]  375     dec b
   0251 05            [ 4]  376     dec b
   0252 CD 00 00      [17]  377     call cpct_getScreenPtr_asm 
   0255 36 00         [10]  378     ld (hl), #0x00
   0257 2C            [ 4]  379     inc l
   0258 36 00         [10]  380    ld (hl), #0x00
                            381 ;;-----------
   025A 11 00 C0      [10]  382    ld      de, #0xC000        ;;Puntero a la posición en pantalla (COOO sería el inicio de la pantalla)
   025D DD 4E 00      [19]  383     ld      c,  entity_x(ix)          ;;Coordenada X (tamaño en ancho)
   0260 DD 46 01      [19]  384     ld      b,  entity_y(ix)  
   0263 05            [ 4]  385     dec b       
   0264 05            [ 4]  386     dec b
   0265 05            [ 4]  387     dec b
   0266 05            [ 4]  388     dec b
   0267 05            [ 4]  389     dec b
   0268 05            [ 4]  390     dec b
   0269 CD 00 00      [17]  391     call cpct_getScreenPtr_asm 
   026C 36 00         [10]  392     ld (hl), #0x00
   026E 2C            [ 4]  393     inc l
   026F 36 00         [10]  394    ld (hl), #0x00
                            395 ;;-----------
   0271 11 00 C0      [10]  396    ld      de, #0xC000        ;;Puntero a la posición en pantalla (COOO sería el inicio de la pantalla)
   0274 DD 4E 00      [19]  397     ld      c,  entity_x(ix)          ;;Coordenada X (tamaño en ancho)
   0277 DD 46 01      [19]  398     ld      b,  entity_y(ix)  
   027A 05            [ 4]  399     dec b       
   027B 05            [ 4]  400     dec b
   027C 05            [ 4]  401     dec b
   027D 05            [ 4]  402     dec b
ASxxxx Assembler V02.00 + NoICE + SDCC mods  (Zilog Z80 / Hitachi HD64180), page 12.
Hexadecimal [16-Bits]



   027E 05            [ 4]  403     dec b
   027F 05            [ 4]  404     dec b
   0280 05            [ 4]  405     dec b
   0281 CD 00 00      [17]  406     call cpct_getScreenPtr_asm 
   0284 36 00         [10]  407     ld (hl), #0x00
   0286 2C            [ 4]  408     inc l
   0287 36 00         [10]  409    ld (hl), #0x00
                            410 
   0289 C9            [10]  411 ret
                            412 
   028A                     413     renderPos2:
   028A DD 36 04 01   [19]  414     ld entity_estado(ix), #1
   028E 11 00 C0      [10]  415     ld      de, #0xC000        ;;Puntero a la posición en pantalla (COOO sería el inicio de la pantalla)
   0291 DD 4E 00      [19]  416     ld      c,  entity_x(ix)          ;;Coordenada X (tamaño en ancho)
   0294 DD 46 01      [19]  417     ld      b,  entity_y(ix)  
   0297 04            [ 4]  418     inc b       
   0298 04            [ 4]  419     inc b
   0299 04            [ 4]  420     inc b 
   029A 04            [ 4]  421     inc b
   029B 04            [ 4]  422     inc b
   029C 04            [ 4]  423     inc b 
   029D 04            [ 4]  424     inc b
   029E CD 00 00      [17]  425     call cpct_getScreenPtr_asm 
   02A1 36 55         [10]  426     ld (hl), #0x55
   02A3 2C            [ 4]  427     inc l
   02A4 36 44         [10]  428    ld (hl), #0x44
                            429 
                            430 
                            431    ;;-----------
   02A6 11 00 C0      [10]  432    ld      de, #0xC000        ;;Puntero a la posición en pantalla (COOO sería el inicio de la pantalla)
   02A9 DD 4E 00      [19]  433     ld      c,  entity_x(ix)          ;;Coordenada X (tamaño en ancho)
   02AC DD 46 01      [19]  434     ld      b,  entity_y(ix)  
   02AF 04            [ 4]  435     inc b       
   02B0 04            [ 4]  436     inc b
   02B1 04            [ 4]  437     inc b 
   02B2 04            [ 4]  438     inc b
   02B3 04            [ 4]  439     inc b 
   02B4 04            [ 4]  440     inc b
   02B5 CD 00 00      [17]  441     call cpct_getScreenPtr_asm 
   02B8 36 20         [10]  442     ld (hl), #0x20
   02BA 2C            [ 4]  443     inc l
   02BB 36 A0         [10]  444    ld (hl), #0xA0
                            445 
                            446    ;;-------------
   02BD 11 00 C0      [10]  447    ld      de, #0xC000        ;;Puntero a la posición en pantalla (COOO sería el inicio de la pantalla)
   02C0 DD 4E 00      [19]  448     ld      c,  entity_x(ix)          ;;Coordenada X (tamaño en ancho)
   02C3 DD 46 01      [19]  449     ld      b,  entity_y(ix)  
   02C6 04            [ 4]  450     inc b       
   02C7 04            [ 4]  451     inc b
   02C8 04            [ 4]  452     inc b 
   02C9 04            [ 4]  453     inc b
   02CA 04            [ 4]  454     inc b 
   02CB CD 00 00      [17]  455     call cpct_getScreenPtr_asm 
   02CE 36 BB         [10]  456     ld (hl), #0xBB
   02D0 2C            [ 4]  457     inc l
ASxxxx Assembler V02.00 + NoICE + SDCC mods  (Zilog Z80 / Hitachi HD64180), page 13.
Hexadecimal [16-Bits]



   02D1 36 EC         [10]  458    ld (hl), #0xEC
                            459 
                            460    ;;---------------------
   02D3 11 00 C0      [10]  461    ld      de, #0xC000        ;;Puntero a la posición en pantalla (COOO sería el inicio de la pantalla)
   02D6 DD 4E 00      [19]  462     ld      c,  entity_x(ix)          ;;Coordenada X (tamaño en ancho)
   02D9 DD 46 01      [19]  463     ld      b,  entity_y(ix)  
   02DC 04            [ 4]  464     inc b       
   02DD 04            [ 4]  465     inc b
   02DE 04            [ 4]  466     inc b 
   02DF 04            [ 4]  467     inc b
   02E0 CD 00 00      [17]  468     call cpct_getScreenPtr_asm 
   02E3 36 70         [10]  469     ld (hl), #0x70
   02E5 2C            [ 4]  470     inc l
   02E6 36 D2         [10]  471    ld (hl), #0xD2
                            472 
                            473    ;;-----------
   02E8 11 00 C0      [10]  474    ld      de, #0xC000        ;;Puntero a la posición en pantalla (COOO sería el inicio de la pantalla)
   02EB DD 4E 00      [19]  475     ld      c,  entity_x(ix)          ;;Coordenada X (tamaño en ancho)
   02EE DD 46 01      [19]  476     ld      b,  entity_y(ix)  
   02F1 04            [ 4]  477     inc b       
   02F2 04            [ 4]  478     inc b
   02F3 04            [ 4]  479     inc b
   02F4 CD 00 00      [17]  480     call cpct_getScreenPtr_asm 
   02F7 36 77         [10]  481     ld (hl), #0x77
   02F9 2C            [ 4]  482     inc l
   02FA 36 FC         [10]  483    ld (hl), #0xFC
                            484 
                            485    ;;-----------
   02FC 11 00 C0      [10]  486    ld      de, #0xC000        ;;Puntero a la posición en pantalla (COOO sería el inicio de la pantalla)
   02FF DD 4E 00      [19]  487     ld      c,  entity_x(ix)          ;;Coordenada X (tamaño en ancho)
   0302 DD 46 01      [19]  488     ld      b,  entity_y(ix)  
   0305 04            [ 4]  489     inc b       
   0306 04            [ 4]  490     inc b
   0307 CD 00 00      [17]  491     call cpct_getScreenPtr_asm 
   030A 36 70         [10]  492     ld (hl), #0x70
   030C 2C            [ 4]  493     inc l
   030D 36 D2         [10]  494    ld (hl), #0xD2
                            495 
                            496    ;;-----------
   030F 11 00 C0      [10]  497    ld      de, #0xC000        ;;Puntero a la posición en pantalla (COOO sería el inicio de la pantalla)
   0312 DD 4E 00      [19]  498     ld      c,  entity_x(ix)          ;;Coordenada X (tamaño en ancho)
   0315 DD 46 01      [19]  499     ld      b,  entity_y(ix)  
   0318 04            [ 4]  500     inc b 
   0319 CD 00 00      [17]  501     call cpct_getScreenPtr_asm
   031C 36 BB         [10]  502     ld (hl), #0xBB
   031E 2C            [ 4]  503     inc l 
   031F 36 EC         [10]  504    ld (hl), #0xEC
                            505 
                            506    ;;-----------
   0321 11 00 C0      [10]  507    ld      de, #0xC000        ;;Puntero a la posición en pantalla (COOO sería el inicio de la pantalla)
   0324 DD 4E 00      [19]  508     ld      c,  entity_x(ix)          ;;Coordenada X (tamaño en ancho)
   0327 DD 46 01      [19]  509     ld      b,  entity_y(ix)  
   032A CD 00 00      [17]  510     call cpct_getScreenPtr_asm 
   032D 36 20         [10]  511     ld (hl), #0x20
   032F 2C            [ 4]  512     inc l
ASxxxx Assembler V02.00 + NoICE + SDCC mods  (Zilog Z80 / Hitachi HD64180), page 14.
Hexadecimal [16-Bits]



   0330 36 A0         [10]  513    ld (hl), #0xA0
                            514 
                            515    ;;-----------
   0332 11 00 C0      [10]  516    ld      de, #0xC000        ;;Puntero a la posición en pantalla (COOO sería el inicio de la pantalla)
   0335 DD 4E 00      [19]  517     ld      c,  entity_x(ix)          ;;Coordenada X (tamaño en ancho)
   0338 DD 46 01      [19]  518     ld      b,  entity_y(ix)  
   033B 05            [ 4]  519     dec b
   033C CD 00 00      [17]  520     call cpct_getScreenPtr_asm
   033F 36 55         [10]  521     ld (hl), #0x55
   0341 2C            [ 4]  522     inc l 
   0342 36 44         [10]  523    ld (hl), #0x44
                            524 
                            525    ;;-----------
   0344 11 00 C0      [10]  526    ld      de, #0xC000        ;;Puntero a la posición en pantalla (COOO sería el inicio de la pantalla)
   0347 DD 4E 00      [19]  527     ld      c,  entity_x(ix)          ;;Coordenada X (tamaño en ancho)
   034A DD 46 01      [19]  528     ld      b,  entity_y(ix)  
   034D 05            [ 4]  529     dec b       
   034E 05            [ 4]  530     dec b
   034F CD 00 00      [17]  531     call cpct_getScreenPtr_asm
   0352 36 00         [10]  532     ld (hl), #0x00
   0354 2C            [ 4]  533     inc l 
   0355 36 00         [10]  534    ld (hl), #0x00
                            535 
                            536    ;;-----------
   0357 11 00 C0      [10]  537    ld      de, #0xC000        ;;Puntero a la posición en pantalla (COOO sería el inicio de la pantalla)
   035A DD 4E 00      [19]  538     ld      c,  entity_x(ix)          ;;Coordenada X (tamaño en ancho)
   035D DD 46 01      [19]  539     ld      b,  entity_y(ix)  
   0360 05            [ 4]  540     dec b       
   0361 05            [ 4]  541     dec b
   0362 05            [ 4]  542     dec b
   0363 CD 00 00      [17]  543     call cpct_getScreenPtr_asm 
   0366 36 00         [10]  544     ld (hl), #0x00
   0368 2C            [ 4]  545     inc l
   0369 36 00         [10]  546    ld (hl), #0x00
                            547    ;;-----------
   036B 11 00 C0      [10]  548    ld      de, #0xC000        ;;Puntero a la posición en pantalla (COOO sería el inicio de la pantalla)
   036E DD 4E 00      [19]  549     ld      c,  entity_x(ix)          ;;Coordenada X (tamaño en ancho)
   0371 DD 46 01      [19]  550     ld      b,  entity_y(ix)  
   0374 05            [ 4]  551     dec b       
   0375 05            [ 4]  552     dec b
   0376 05            [ 4]  553     dec b
   0377 05            [ 4]  554     dec b
   0378 CD 00 00      [17]  555     call cpct_getScreenPtr_asm 
   037B 36 00         [10]  556     ld (hl), #0x00
   037D 2C            [ 4]  557     inc l
   037E 36 00         [10]  558    ld (hl), #0x00
                            559 ;;-----------
   0380 11 00 C0      [10]  560    ld      de, #0xC000        ;;Puntero a la posición en pantalla (COOO sería el inicio de la pantalla)
   0383 DD 4E 00      [19]  561     ld      c,  entity_x(ix)          ;;Coordenada X (tamaño en ancho)
   0386 DD 46 01      [19]  562     ld      b,  entity_y(ix)  
   0389 05            [ 4]  563     dec b       
   038A 05            [ 4]  564     dec b
   038B 05            [ 4]  565     dec b
   038C 05            [ 4]  566     dec b
   038D 05            [ 4]  567     dec b
ASxxxx Assembler V02.00 + NoICE + SDCC mods  (Zilog Z80 / Hitachi HD64180), page 15.
Hexadecimal [16-Bits]



   038E CD 00 00      [17]  568     call cpct_getScreenPtr_asm 
   0391 36 00         [10]  569     ld (hl), #0x00
   0393 2C            [ 4]  570     inc l
   0394 36 00         [10]  571    ld (hl), #0x00
                            572 ;;-----------
   0396 11 00 C0      [10]  573    ld      de, #0xC000        ;;Puntero a la posición en pantalla (COOO sería el inicio de la pantalla)
   0399 DD 4E 00      [19]  574     ld      c,  entity_x(ix)          ;;Coordenada X (tamaño en ancho)
   039C DD 46 01      [19]  575     ld      b,  entity_y(ix)  
   039F 05            [ 4]  576     dec b       
   03A0 05            [ 4]  577     dec b
   03A1 05            [ 4]  578     dec b
   03A2 05            [ 4]  579     dec b
   03A3 05            [ 4]  580     dec b
   03A4 05            [ 4]  581     dec b
   03A5 CD 00 00      [17]  582     call cpct_getScreenPtr_asm 
   03A8 36 00         [10]  583     ld (hl), #0x00
   03AA 2C            [ 4]  584     inc l
   03AB 36 00         [10]  585    ld (hl), #0x00
                            586 ;;-----------
   03AD 11 00 C0      [10]  587    ld      de, #0xC000        ;;Puntero a la posición en pantalla (COOO sería el inicio de la pantalla)
   03B0 DD 4E 00      [19]  588     ld      c,  entity_x(ix)          ;;Coordenada X (tamaño en ancho)
   03B3 DD 46 01      [19]  589     ld      b,  entity_y(ix)  
   03B6 05            [ 4]  590     dec b       
   03B7 05            [ 4]  591     dec b
   03B8 05            [ 4]  592     dec b
   03B9 05            [ 4]  593     dec b
   03BA 05            [ 4]  594     dec b
   03BB 05            [ 4]  595     dec b
   03BC 05            [ 4]  596     dec b
   03BD CD 00 00      [17]  597     call cpct_getScreenPtr_asm 
   03C0 36 00         [10]  598     ld (hl), #0x00
   03C2 2C            [ 4]  599     inc l
   03C3 36 00         [10]  600    ld (hl), #0x00
                            601 
   03C5 C9            [10]  602 ret
                            603 
                            604 
   03C6                     605 borrarEnemigo3::
                            606 
   03C6 11 00 C0      [10]  607 ld      de, #0xC000        ;;Puntero a la posición en pantalla (COOO sería el inicio de la pantalla)
   03C9 DD 4E 00      [19]  608     ld      c,  entity_x(ix)          ;;Coordenada X (tamaño en ancho)
   03CC DD 46 01      [19]  609     ld      b,  entity_y(ix)  
   03CF 04            [ 4]  610     inc b       
   03D0 04            [ 4]  611     inc b
   03D1 04            [ 4]  612     inc b 
   03D2 04            [ 4]  613     inc b
   03D3 04            [ 4]  614     inc b
   03D4 04            [ 4]  615     inc b 
   03D5 04            [ 4]  616     inc b
   03D6 CD 00 00      [17]  617     call cpct_getScreenPtr_asm 
   03D9 36 00         [10]  618     ld (hl), #0x00
   03DB 2C            [ 4]  619     inc l
   03DC 36 00         [10]  620    ld (hl), #0x00
                            621 
                            622 
ASxxxx Assembler V02.00 + NoICE + SDCC mods  (Zilog Z80 / Hitachi HD64180), page 16.
Hexadecimal [16-Bits]



                            623    ;;-----------
   03DE 11 00 C0      [10]  624    ld      de, #0xC000        ;;Puntero a la posición en pantalla (COOO sería el inicio de la pantalla)
   03E1 DD 4E 00      [19]  625     ld      c,  entity_x(ix)          ;;Coordenada X (tamaño en ancho)
   03E4 DD 46 01      [19]  626     ld      b,  entity_y(ix)  
   03E7 04            [ 4]  627     inc b       
   03E8 04            [ 4]  628     inc b
   03E9 04            [ 4]  629     inc b 
   03EA 04            [ 4]  630     inc b
   03EB 04            [ 4]  631     inc b 
   03EC 04            [ 4]  632     inc b
   03ED CD 00 00      [17]  633     call cpct_getScreenPtr_asm 
   03F0 36 00         [10]  634     ld (hl), #0x00
   03F2 2C            [ 4]  635     inc l
   03F3 36 00         [10]  636    ld (hl), #0x00
                            637 
                            638    ;;-------------
   03F5 11 00 C0      [10]  639    ld      de, #0xC000        ;;Puntero a la posición en pantalla (COOO sería el inicio de la pantalla)
   03F8 DD 4E 00      [19]  640     ld      c,  entity_x(ix)          ;;Coordenada X (tamaño en ancho)
   03FB DD 46 01      [19]  641     ld      b,  entity_y(ix)  
   03FE 04            [ 4]  642     inc b       
   03FF 04            [ 4]  643     inc b
   0400 04            [ 4]  644     inc b 
   0401 04            [ 4]  645     inc b
   0402 04            [ 4]  646     inc b 
   0403 CD 00 00      [17]  647     call cpct_getScreenPtr_asm 
   0406 36 00         [10]  648     ld (hl), #0x00
   0408 2C            [ 4]  649     inc l
   0409 36 00         [10]  650    ld (hl), #0x00
                            651 
                            652    ;;---------------------
   040B 11 00 C0      [10]  653    ld      de, #0xC000        ;;Puntero a la posición en pantalla (COOO sería el inicio de la pantalla)
   040E DD 4E 00      [19]  654     ld      c,  entity_x(ix)          ;;Coordenada X (tamaño en ancho)
   0411 DD 46 01      [19]  655     ld      b,  entity_y(ix)  
   0414 04            [ 4]  656     inc b       
   0415 04            [ 4]  657     inc b
   0416 04            [ 4]  658     inc b 
   0417 04            [ 4]  659     inc b
   0418 CD 00 00      [17]  660     call cpct_getScreenPtr_asm 
   041B 36 00         [10]  661     ld (hl), #0x00
   041D 2C            [ 4]  662     inc l
   041E 36 00         [10]  663    ld (hl), #0x00
                            664 
                            665    ;;-----------
   0420 11 00 C0      [10]  666    ld      de, #0xC000        ;;Puntero a la posición en pantalla (COOO sería el inicio de la pantalla)
   0423 DD 4E 00      [19]  667     ld      c,  entity_x(ix)          ;;Coordenada X (tamaño en ancho)
   0426 DD 46 01      [19]  668     ld      b,  entity_y(ix)  
   0429 04            [ 4]  669     inc b       
   042A 04            [ 4]  670     inc b
   042B 04            [ 4]  671     inc b
   042C CD 00 00      [17]  672     call cpct_getScreenPtr_asm 
   042F 36 00         [10]  673     ld (hl), #0x00
   0431 2C            [ 4]  674     inc l
   0432 36 00         [10]  675    ld (hl), #0x00
                            676 
                            677    ;;-----------
ASxxxx Assembler V02.00 + NoICE + SDCC mods  (Zilog Z80 / Hitachi HD64180), page 17.
Hexadecimal [16-Bits]



   0434 11 00 C0      [10]  678    ld      de, #0xC000        ;;Puntero a la posición en pantalla (COOO sería el inicio de la pantalla)
   0437 DD 4E 00      [19]  679     ld      c,  entity_x(ix)          ;;Coordenada X (tamaño en ancho)
   043A DD 46 01      [19]  680     ld      b,  entity_y(ix)  
   043D 04            [ 4]  681     inc b       
   043E 04            [ 4]  682     inc b
   043F CD 00 00      [17]  683     call cpct_getScreenPtr_asm 
   0442 36 00         [10]  684     ld (hl), #0x00
   0444 2C            [ 4]  685     inc l
   0445 36 00         [10]  686    ld (hl), #0x00
                            687 
                            688    ;;-----------
   0447 11 00 C0      [10]  689    ld      de, #0xC000        ;;Puntero a la posición en pantalla (COOO sería el inicio de la pantalla)
   044A DD 4E 00      [19]  690     ld      c,  entity_x(ix)          ;;Coordenada X (tamaño en ancho)
   044D DD 46 01      [19]  691     ld      b,  entity_y(ix)  
   0450 04            [ 4]  692     inc b 
   0451 CD 00 00      [17]  693     call cpct_getScreenPtr_asm
   0454 36 00         [10]  694     ld (hl), #0x00
   0456 2C            [ 4]  695     inc l 
   0457 36 00         [10]  696    ld (hl), #0x00
                            697 
                            698    ;;-----------
   0459 11 00 C0      [10]  699    ld      de, #0xC000        ;;Puntero a la posición en pantalla (COOO sería el inicio de la pantalla)
   045C DD 4E 00      [19]  700     ld      c,  entity_x(ix)          ;;Coordenada X (tamaño en ancho)
   045F DD 46 01      [19]  701     ld      b,  entity_y(ix)  
   0462 CD 00 00      [17]  702     call cpct_getScreenPtr_asm 
   0465 36 00         [10]  703     ld (hl), #0x00
   0467 2C            [ 4]  704     inc l
   0468 36 00         [10]  705    ld (hl), #0x00
                            706 
                            707    ;;-----------
   046A 11 00 C0      [10]  708    ld      de, #0xC000        ;;Puntero a la posición en pantalla (COOO sería el inicio de la pantalla)
   046D DD 4E 00      [19]  709     ld      c,  entity_x(ix)          ;;Coordenada X (tamaño en ancho)
   0470 DD 46 01      [19]  710     ld      b,  entity_y(ix)  
   0473 05            [ 4]  711     dec b
   0474 CD 00 00      [17]  712     call cpct_getScreenPtr_asm
   0477 36 00         [10]  713     ld (hl), #0x00
   0479 2C            [ 4]  714     inc l 
   047A 36 00         [10]  715    ld (hl), #0x00
                            716 
                            717    ;;-----------
   047C 11 00 C0      [10]  718    ld      de, #0xC000        ;;Puntero a la posición en pantalla (COOO sería el inicio de la pantalla)
   047F DD 4E 00      [19]  719     ld      c,  entity_x(ix)          ;;Coordenada X (tamaño en ancho)
   0482 DD 46 01      [19]  720     ld      b,  entity_y(ix)  
   0485 05            [ 4]  721     dec b       
   0486 05            [ 4]  722     dec b
   0487 CD 00 00      [17]  723     call cpct_getScreenPtr_asm
   048A 36 00         [10]  724     ld (hl), #0x00
   048C 2C            [ 4]  725     inc l 
   048D 36 00         [10]  726    ld (hl), #0x00
                            727 
                            728    ;;-----------
   048F 11 00 C0      [10]  729    ld      de, #0xC000        ;;Puntero a la posición en pantalla (COOO sería el inicio de la pantalla)
   0492 DD 4E 00      [19]  730     ld      c,  entity_x(ix)          ;;Coordenada X (tamaño en ancho)
   0495 DD 46 01      [19]  731     ld      b,  entity_y(ix)  
   0498 05            [ 4]  732     dec b       
ASxxxx Assembler V02.00 + NoICE + SDCC mods  (Zilog Z80 / Hitachi HD64180), page 18.
Hexadecimal [16-Bits]



   0499 05            [ 4]  733     dec b
   049A 05            [ 4]  734     dec b
   049B CD 00 00      [17]  735     call cpct_getScreenPtr_asm 
   049E 36 00         [10]  736     ld (hl), #0x00
   04A0 2C            [ 4]  737     inc l
   04A1 36 00         [10]  738    ld (hl), #0x00
                            739    ;;-----------
   04A3 11 00 C0      [10]  740    ld      de, #0xC000        ;;Puntero a la posición en pantalla (COOO sería el inicio de la pantalla)
   04A6 DD 4E 00      [19]  741     ld      c,  entity_x(ix)          ;;Coordenada X (tamaño en ancho)
   04A9 DD 46 01      [19]  742     ld      b,  entity_y(ix)  
   04AC 05            [ 4]  743     dec b       
   04AD 05            [ 4]  744     dec b
   04AE 05            [ 4]  745     dec b
   04AF 05            [ 4]  746     dec b
   04B0 CD 00 00      [17]  747     call cpct_getScreenPtr_asm 
   04B3 36 00         [10]  748     ld (hl), #0x00
   04B5 2C            [ 4]  749     inc l
   04B6 36 00         [10]  750    ld (hl), #0x00
                            751 ;;-----------
   04B8 11 00 C0      [10]  752    ld      de, #0xC000        ;;Puntero a la posición en pantalla (COOO sería el inicio de la pantalla)
   04BB DD 4E 00      [19]  753     ld      c,  entity_x(ix)          ;;Coordenada X (tamaño en ancho)
   04BE DD 46 01      [19]  754     ld      b,  entity_y(ix)  
   04C1 05            [ 4]  755     dec b       
   04C2 05            [ 4]  756     dec b
   04C3 05            [ 4]  757     dec b
   04C4 05            [ 4]  758     dec b
   04C5 05            [ 4]  759     dec b
   04C6 CD 00 00      [17]  760     call cpct_getScreenPtr_asm 
   04C9 36 00         [10]  761     ld (hl), #0x00
   04CB 2C            [ 4]  762     inc l
   04CC 36 00         [10]  763    ld (hl), #0x00
                            764 ;;-----------
   04CE 11 00 C0      [10]  765    ld      de, #0xC000        ;;Puntero a la posición en pantalla (COOO sería el inicio de la pantalla)
   04D1 DD 4E 00      [19]  766     ld      c,  entity_x(ix)          ;;Coordenada X (tamaño en ancho)
   04D4 DD 46 01      [19]  767     ld      b,  entity_y(ix)  
   04D7 05            [ 4]  768     dec b       
   04D8 05            [ 4]  769     dec b
   04D9 05            [ 4]  770     dec b
   04DA 05            [ 4]  771     dec b
   04DB 05            [ 4]  772     dec b
   04DC 05            [ 4]  773     dec b
   04DD CD 00 00      [17]  774     call cpct_getScreenPtr_asm 
   04E0 36 00         [10]  775     ld (hl), #0x00
   04E2 2C            [ 4]  776     inc l
   04E3 36 00         [10]  777    ld (hl), #0x00
                            778 ;;-----------
   04E5 11 00 C0      [10]  779    ld      de, #0xC000        ;;Puntero a la posición en pantalla (COOO sería el inicio de la pantalla)
   04E8 DD 4E 00      [19]  780     ld      c,  entity_x(ix)          ;;Coordenada X (tamaño en ancho)
   04EB DD 46 01      [19]  781     ld      b,  entity_y(ix)  
   04EE 05            [ 4]  782     dec b       
   04EF 05            [ 4]  783     dec b
   04F0 05            [ 4]  784     dec b
   04F1 05            [ 4]  785     dec b
   04F2 05            [ 4]  786     dec b
   04F3 05            [ 4]  787     dec b
ASxxxx Assembler V02.00 + NoICE + SDCC mods  (Zilog Z80 / Hitachi HD64180), page 19.
Hexadecimal [16-Bits]



   04F4 05            [ 4]  788     dec b
   04F5 CD 00 00      [17]  789     call cpct_getScreenPtr_asm 
   04F8 36 00         [10]  790     ld (hl), #0x00
   04FA 2C            [ 4]  791     inc l
   04FB 36 00         [10]  792    ld (hl), #0x00
                            793 
   04FD C9            [10]  794 ret
