ASxxxx Assembler V02.00 + NoICE + SDCC mods  (Zilog Z80 / Hitachi HD64180), page 1.
Hexadecimal [16-Bits]



                              1 ;;This file is part of Kubso.
                              2 ;;
                              3 ;;Kubso is free software: you can redistribute it and/or modify
                              4 ;;it under the terms of the GNU General Public License as published by
                              5 ;;the Free Software Foundation, either version 3 of the License, or
                              6 ;;(at your option) any later version.
                              7 ;;
                              8 ;;Kubso is distributed in the hope that it will be useful,
                              9 ;;but WITHOUT ANY WARRANTY; without even the implied warranty of
                             10 ;;MERCHANTABILITY or FITNESS FOR A PARTICULAR PURPOSE.  See the
                             11 ;;GNU General Public License for more details.
                             12 ;;
                             13 ;;You should have received a copy of the GNU General Public License
                             14 ;;along with Kubso.  If not, see <https://www.gnu.org/licenses/>.
ASxxxx Assembler V02.00 + NoICE + SDCC mods  (Zilog Z80 / Hitachi HD64180), page 2.
Hexadecimal [16-Bits]



                             15 .include "cpcfunciones.h.s"
                              1 ;;This file is part of Kubso.
                              2 ;;
                              3 ;;Kubso is free software: you can redistribute it and/or modify
                              4 ;;it under the terms of the GNU General Public License as published by
                              5 ;;the Free Software Foundation, either version 3 of the License, or
                              6 ;;(at your option) any later version.
                              7 ;;
                              8 ;;Kubso is distributed in the hope that it will be useful,
                              9 ;;but WITHOUT ANY WARRANTY; without even the implied warranty of
                             10 ;;MERCHANTABILITY or FITNESS FOR A PARTICULAR PURPOSE.  See the
                             11 ;;GNU General Public License for more details.
                             12 ;;
                             13 ;;You should have received a copy of the GNU General Public License
                             14 ;;along with Kubso.  If not, see <https://www.gnu.org/licenses/>.
                             15 .globl cpct_disableFirmware_asm
                             16 .globl cpct_getScreenPtr_asm
                             17 .globl cpct_setDrawCharM1_asm
                             18 .globl cpct_drawStringM1_asm
                             19 .globl cpct_waitVSYNC_asm
                             20 .globl cpct_isAnyKeyPressed_f_asm
                             21 .globl cpct_scanKeyboard_f_asm
                             22 .globl cpct_drawSolidBox_asm
                             23 .globl cpct_isKeyPressed_asm
                             24 .globl cpct_waitVSYNC_asm
                             25 .globl cpct_setVideoMode_asm
                             26 .globl cpct_setPalette_asm
                             27 .globl cpct_getHWColour_asm
                             28 .globl cpct_drawSprite_asm
ASxxxx Assembler V02.00 + NoICE + SDCC mods  (Zilog Z80 / Hitachi HD64180), page 3.
Hexadecimal [16-Bits]



                             16 .include "manager/entity_manager.h.s"
                              1 ;;This file is part of Kubso.
                              2 ;;
                              3 ;;Kubso is free software: you can redistribute it and/or modify
                              4 ;;it under the terms of the GNU General Public License as published by
                              5 ;;the Free Software Foundation, either version 3 of the License, or
                              6 ;;(at your option) any later version.
                              7 ;;
                              8 ;;Kubso is distributed in the hope that it will be useful,
                              9 ;;but WITHOUT ANY WARRANTY; without even the implied warranty of
                             10 ;;MERCHANTABILITY or FITNESS FOR A PARTICULAR PURPOSE.  See the
                             11 ;;GNU General Public License for more details.
                             12 ;;
                             13 ;;You should have received a copy of the GNU General Public License
                             14 ;;along with Kubso.  If not, see <https://www.gnu.org/licenses/>.
                             15 .globl entityman_init
                             16 .globl entityman_create
                             17 .globl _num_entities
                             18 .globl _entity_array
                             19 .globl entity_size
                             20 .globl entityman_getNumEntities_A
                             21 .globl entityman_getEntityArray_IX
                             22 .globl reset
                             23 
                             24 .macro  DefineEntity _name, _x, _y, _w, _h, _vx, _vy, _color
                             25 _name::
                             26    .db  _x
                             27    .db  _y
                             28    .db  _w
                             29    .db  _h
                             30    .db  _vx
                             31    .db  _vy
                             32    .db  _color
                             33 .endm
                             34 
                     0000    35 entity_x = 0
                     0001    36 entity_y = 1
                     0002    37 entity_w = 2
                     0003    38 entity_h = 3
                     0004    39 entity_estado = 4
                     0005    40 entity_vy = 5
                     0006    41 entity_color = 6
                     0007    42 sizeof_entity = 7
                             43 
                             44 
                             45 
ASxxxx Assembler V02.00 + NoICE + SDCC mods  (Zilog Z80 / Hitachi HD64180), page 4.
Hexadecimal [16-Bits]



                             17 .include "system/mainJuego.h.s"
                              1 ;;This file is part of Kubso.
                              2 ;;
                              3 ;;Kubso is free software: you can redistribute it and/or modify
                              4 ;;it under the terms of the GNU General Public License as published by
                              5 ;;the Free Software Foundation, either version 3 of the License, or
                              6 ;;(at your option) any later version.
                              7 ;;
                              8 ;;Kubso is distributed in the hope that it will be useful,
                              9 ;;but WITHOUT ANY WARRANTY; without even the implied warranty of
                             10 ;;MERCHANTABILITY or FITNESS FOR A PARTICULAR PURPOSE.  See the
                             11 ;;GNU General Public License for more details.
                             12 ;;
                             13 ;;You should have received a copy of the GNU General Public License
                             14 ;;along with Kubso.  If not, see <https://www.gnu.org/licenses/>.
                             15 .globl GameStart
                             16 .globl colision
                             17 .globl Mina
                             18 .globl Inicio
                             19 .globl letrasborradas
                             20 .globl cooldownEnemigo1
                             21 .globl cooldownEnemigo2
                             22 .globl cooldownMisil
                             23 .globl letrasborradas
                             24 .globl nivelactual
                             25 .globl cargaNivel
                             26 .globl vidas
                             27 
                             28 
                             29 
                     4003    30 playerPos = #0x4003
                     400A    31 espadaPos = #0x400A
                     4011    32 wallIPos = #0x4011
                     4018    33 wallDPos = #0x4018
                     401F    34 enemyPos = #0x401F
                     4026    35 crocodile = #0x4026
                     402D    36 enemyIzqPos = #0x402D
                     4034    37 enemyIzqPos2 = #0x4034
                     403B    38 enemyUp1Pos = #0x403B
                     4042    39 enemyUp2Pos = #0x4042
                     4049    40 enemyUp3Pos = #0x4049
                     4050    41 enemyDerPos2 = #0x4050
                     4057    42 enemyUp4Pos = #0x4057
                     405E    43 enemyIzqPos3 = #0x405E
                     4065    44 enemyUp5Pos = #0x4065
                             45 ;;crocodile = #0x4178
                     406C    46 enemyDerPos3 = #0x406C
                             47 ;;croco = #0x417F
                             48 
                             49 
                             50 
ASxxxx Assembler V02.00 + NoICE + SDCC mods  (Zilog Z80 / Hitachi HD64180), page 5.
Hexadecimal [16-Bits]



                             18 
   0000                      19 pintarEnemigo4::
   0000 DD 21 50 40   [14]   20     ld ix, #enemyDerPos2
   0004 DD 7E 04      [19]   21     ld a, entity_estado(ix)
   0007 3D            [ 4]   22     dec a
   0008 CA 4E 01      [10]   23     jp z, renderPos1
   000B 3D            [ 4]   24     dec a
   000C CA 8A 02      [10]   25     jp z, renderPos2
                             26 
   000F                      27     renderPos0:
   000F DD 36 04 01   [19]   28     ld entity_estado(ix), #1
                             29 
   0013 11 00 C0      [10]   30     ld      de, #0xC000        ;;Puntero a la posición en pantalla (COOO sería el inicio de la pantalla)
   0016 DD 4E 00      [19]   31     ld      c,  entity_x(ix)          ;;Coordenada X (tamaño en ancho)
   0019 DD 46 01      [19]   32     ld      b,  entity_y(ix)  
   001C 04            [ 4]   33     inc b       
   001D 04            [ 4]   34     inc b
   001E 04            [ 4]   35     inc b 
   001F 04            [ 4]   36     inc b
   0020 04            [ 4]   37     inc b
   0021 04            [ 4]   38     inc b 
   0022 04            [ 4]   39     inc b
   0023 CD 00 00      [17]   40     call cpct_getScreenPtr_asm 
   0026 36 00         [10]   41     ld (hl), #0x00
   0028 2C            [ 4]   42     inc l
   0029 36 77         [10]   43    ld (hl), #0x77
                             44 
                             45 
                             46    ;;-----------
   002B 11 00 C0      [10]   47    ld      de, #0xC000        ;;Puntero a la posición en pantalla (COOO sería el inicio de la pantalla)
   002E DD 4E 00      [19]   48     ld      c,  entity_x(ix)          ;;Coordenada X (tamaño en ancho)
   0031 DD 46 01      [19]   49     ld      b,  entity_y(ix)  
   0034 04            [ 4]   50     inc b       
   0035 04            [ 4]   51     inc b
   0036 04            [ 4]   52     inc b 
   0037 04            [ 4]   53     inc b
   0038 04            [ 4]   54     inc b 
   0039 04            [ 4]   55     inc b
   003A CD 00 00      [17]   56     call cpct_getScreenPtr_asm 
   003D 36 AA         [10]   57     ld (hl), #0xAA
   003F 2C            [ 4]   58     inc l
   0040 36 CF         [10]   59    ld (hl), #0xCF
                             60 
                             61    ;;-------------
   0042 11 00 C0      [10]   62    ld      de, #0xC000        ;;Puntero a la posición en pantalla (COOO sería el inicio de la pantalla)
   0045 DD 4E 00      [19]   63     ld      c,  entity_x(ix)          ;;Coordenada X (tamaño en ancho)
   0048 DD 46 01      [19]   64     ld      b,  entity_y(ix)  
   004B 04            [ 4]   65     inc b       
   004C 04            [ 4]   66     inc b
   004D 04            [ 4]   67     inc b 
   004E 04            [ 4]   68     inc b
   004F 04            [ 4]   69     inc b 
   0050 CD 00 00      [17]   70     call cpct_getScreenPtr_asm 
   0053 36 05         [10]   71     ld (hl), #0x05
   0055 2C            [ 4]   72     inc l
ASxxxx Assembler V02.00 + NoICE + SDCC mods  (Zilog Z80 / Hitachi HD64180), page 6.
Hexadecimal [16-Bits]



   0056 36 8F         [10]   73    ld (hl), #0x8F
                             74 
                             75    ;;---------------------
   0058 11 00 C0      [10]   76    ld      de, #0xC000        ;;Puntero a la posición en pantalla (COOO sería el inicio de la pantalla)
   005B DD 4E 00      [19]   77     ld      c,  entity_x(ix)          ;;Coordenada X (tamaño en ancho)
   005E DD 46 01      [19]   78     ld      b,  entity_y(ix)  
   0061 04            [ 4]   79     inc b       
   0062 04            [ 4]   80     inc b
   0063 04            [ 4]   81     inc b 
   0064 04            [ 4]   82     inc b
   0065 CD 00 00      [17]   83     call cpct_getScreenPtr_asm 
   0068 36 07         [10]   84     ld (hl), #0x07
   006A 2C            [ 4]   85     inc l
   006B 36 8F         [10]   86    ld (hl), #0x8F
                             87 
                             88    ;;-----------
   006D 11 00 C0      [10]   89    ld      de, #0xC000        ;;Puntero a la posición en pantalla (COOO sería el inicio de la pantalla)
   0070 DD 4E 00      [19]   90     ld      c,  entity_x(ix)          ;;Coordenada X (tamaño en ancho)
   0073 DD 46 01      [19]   91     ld      b,  entity_y(ix)  
   0076 04            [ 4]   92     inc b       
   0077 04            [ 4]   93     inc b
   0078 04            [ 4]   94     inc b
   0079 CD 00 00      [17]   95     call cpct_getScreenPtr_asm 
   007C 36 5B         [10]   96     ld (hl), #0x5B
   007E 2C            [ 4]   97     inc l
   007F 36 8F         [10]   98    ld (hl), #0x8F
                             99 
                            100    ;;-----------
   0081 11 00 C0      [10]  101    ld      de, #0xC000        ;;Puntero a la posición en pantalla (COOO sería el inicio de la pantalla)
   0084 DD 4E 00      [19]  102     ld      c,  entity_x(ix)          ;;Coordenada X (tamaño en ancho)
   0087 DD 46 01      [19]  103     ld      b,  entity_y(ix)  
   008A 04            [ 4]  104     inc b       
   008B 04            [ 4]  105     inc b
   008C CD 00 00      [17]  106     call cpct_getScreenPtr_asm 
   008F 36 0F         [10]  107     ld (hl), #0x0F
   0091 2C            [ 4]  108     inc l
   0092 36 8F         [10]  109    ld (hl), #0x8F
                            110 
                            111    ;;-----------
   0094 11 00 C0      [10]  112    ld      de, #0xC000        ;;Puntero a la posición en pantalla (COOO sería el inicio de la pantalla)
   0097 DD 4E 00      [19]  113     ld      c,  entity_x(ix)          ;;Coordenada X (tamaño en ancho)
   009A DD 46 01      [19]  114     ld      b,  entity_y(ix)  
   009D 04            [ 4]  115     inc b 
   009E CD 00 00      [17]  116     call cpct_getScreenPtr_asm
   00A1 36 5B         [10]  117     ld (hl), #0x5B
   00A3 2C            [ 4]  118     inc l 
   00A4 36 8F         [10]  119    ld (hl), #0x8F
                            120 
                            121    ;;-----------
   00A6 11 00 C0      [10]  122    ld      de, #0xC000        ;;Puntero a la posición en pantalla (COOO sería el inicio de la pantalla)
   00A9 DD 4E 00      [19]  123     ld      c,  entity_x(ix)          ;;Coordenada X (tamaño en ancho)
   00AC DD 46 01      [19]  124     ld      b,  entity_y(ix)  
   00AF CD 00 00      [17]  125     call cpct_getScreenPtr_asm 
   00B2 36 07         [10]  126     ld (hl), #0x07
   00B4 2C            [ 4]  127     inc l
ASxxxx Assembler V02.00 + NoICE + SDCC mods  (Zilog Z80 / Hitachi HD64180), page 7.
Hexadecimal [16-Bits]



   00B5 36 8F         [10]  128    ld (hl), #0x8F
                            129 
                            130    ;;-----------
   00B7 11 00 C0      [10]  131    ld      de, #0xC000        ;;Puntero a la posición en pantalla (COOO sería el inicio de la pantalla)
   00BA DD 4E 00      [19]  132     ld      c,  entity_x(ix)          ;;Coordenada X (tamaño en ancho)
   00BD DD 46 01      [19]  133     ld      b,  entity_y(ix)  
   00C0 05            [ 4]  134     dec b
   00C1 CD 00 00      [17]  135     call cpct_getScreenPtr_asm
   00C4 36 05         [10]  136     ld (hl), #0x05
   00C6 2C            [ 4]  137     inc l 
   00C7 36 8F         [10]  138    ld (hl), #0x8F
                            139 
                            140    ;;-----------
   00C9 11 00 C0      [10]  141    ld      de, #0xC000        ;;Puntero a la posición en pantalla (COOO sería el inicio de la pantalla)
   00CC DD 4E 00      [19]  142     ld      c,  entity_x(ix)          ;;Coordenada X (tamaño en ancho)
   00CF DD 46 01      [19]  143     ld      b,  entity_y(ix)  
   00D2 05            [ 4]  144     dec b       
   00D3 05            [ 4]  145     dec b
   00D4 CD 00 00      [17]  146     call cpct_getScreenPtr_asm
   00D7 36 AA         [10]  147     ld (hl), #0xAA
   00D9 2C            [ 4]  148     inc l 
   00DA 36 CF         [10]  149    ld (hl), #0xCF
                            150 
                            151    ;;-----------
   00DC 11 00 C0      [10]  152    ld      de, #0xC000        ;;Puntero a la posición en pantalla (COOO sería el inicio de la pantalla)
   00DF DD 4E 00      [19]  153     ld      c,  entity_x(ix)          ;;Coordenada X (tamaño en ancho)
   00E2 DD 46 01      [19]  154     ld      b,  entity_y(ix)  
   00E5 05            [ 4]  155     dec b       
   00E6 05            [ 4]  156     dec b
   00E7 05            [ 4]  157     dec b
   00E8 CD 00 00      [17]  158     call cpct_getScreenPtr_asm 
   00EB 36 00         [10]  159     ld (hl), #0x00
   00ED 2C            [ 4]  160     inc l
   00EE 36 77         [10]  161    ld (hl), #0x77
                            162    ;;-----------
   00F0 11 00 C0      [10]  163    ld      de, #0xC000        ;;Puntero a la posición en pantalla (COOO sería el inicio de la pantalla)
   00F3 DD 4E 00      [19]  164     ld      c,  entity_x(ix)          ;;Coordenada X (tamaño en ancho)
   00F6 DD 46 01      [19]  165     ld      b,  entity_y(ix)  
   00F9 05            [ 4]  166     dec b       
   00FA 05            [ 4]  167     dec b
   00FB 05            [ 4]  168     dec b
   00FC 05            [ 4]  169     dec b
   00FD CD 00 00      [17]  170     call cpct_getScreenPtr_asm 
   0100 36 00         [10]  171     ld (hl), #0x00
   0102 2C            [ 4]  172     inc l
   0103 36 00         [10]  173    ld (hl), #0x00
                            174 ;;-----------
   0105 11 00 C0      [10]  175    ld      de, #0xC000        ;;Puntero a la posición en pantalla (COOO sería el inicio de la pantalla)
   0108 DD 4E 00      [19]  176     ld      c,  entity_x(ix)          ;;Coordenada X (tamaño en ancho)
   010B DD 46 01      [19]  177     ld      b,  entity_y(ix)  
   010E 05            [ 4]  178     dec b       
   010F 05            [ 4]  179     dec b
   0110 05            [ 4]  180     dec b
   0111 05            [ 4]  181     dec b
   0112 05            [ 4]  182     dec b
ASxxxx Assembler V02.00 + NoICE + SDCC mods  (Zilog Z80 / Hitachi HD64180), page 8.
Hexadecimal [16-Bits]



   0113 CD 00 00      [17]  183     call cpct_getScreenPtr_asm 
   0116 36 00         [10]  184     ld (hl), #0x00
   0118 2C            [ 4]  185     inc l
   0119 36 00         [10]  186    ld (hl), #0x00
                            187 ;;-----------
   011B 11 00 C0      [10]  188    ld      de, #0xC000        ;;Puntero a la posición en pantalla (COOO sería el inicio de la pantalla)
   011E DD 4E 00      [19]  189     ld      c,  entity_x(ix)          ;;Coordenada X (tamaño en ancho)
   0121 DD 46 01      [19]  190     ld      b,  entity_y(ix)  
   0124 05            [ 4]  191     dec b       
   0125 05            [ 4]  192     dec b
   0126 05            [ 4]  193     dec b
   0127 05            [ 4]  194     dec b
   0128 05            [ 4]  195     dec b
   0129 05            [ 4]  196     dec b
   012A CD 00 00      [17]  197     call cpct_getScreenPtr_asm 
   012D 36 00         [10]  198     ld (hl), #0x00
   012F 2C            [ 4]  199     inc l
   0130 36 00         [10]  200    ld (hl), #0x00
                            201 ;;-----------
   0132 11 00 C0      [10]  202    ld      de, #0xC000        ;;Puntero a la posición en pantalla (COOO sería el inicio de la pantalla)
   0135 DD 4E 00      [19]  203     ld      c,  entity_x(ix)          ;;Coordenada X (tamaño en ancho)
   0138 DD 46 01      [19]  204     ld      b,  entity_y(ix)  
   013B 05            [ 4]  205     dec b       
   013C 05            [ 4]  206     dec b
   013D 05            [ 4]  207     dec b
   013E 05            [ 4]  208     dec b
   013F 05            [ 4]  209     dec b
   0140 05            [ 4]  210     dec b
   0141 05            [ 4]  211     dec b
   0142 CD 00 00      [17]  212     call cpct_getScreenPtr_asm 
   0145 36 00         [10]  213     ld (hl), #0x00
   0147 2C            [ 4]  214     inc l
   0148 36 00         [10]  215    ld (hl), #0x00
                            216 
   014A DD 35 00      [23]  217    dec entity_x(ix)
                            218 
   014D C9            [10]  219 ret
                            220 
                            221    
                            222 
                            223 
                            224 
                            225 
   014E                     226     renderPos1:
   014E DD 36 04 02   [19]  227     ld entity_estado(ix), #2
   0152 11 00 C0      [10]  228      ld      de, #0xC000        ;;Puntero a la posición en pantalla (COOO sería el inicio de la pantalla)
   0155 DD 4E 00      [19]  229     ld      c,  entity_x(ix)          ;;Coordenada X (tamaño en ancho)
   0158 DD 46 01      [19]  230     ld      b,  entity_y(ix)  
   015B 04            [ 4]  231     inc b       
   015C 04            [ 4]  232     inc b
   015D 04            [ 4]  233     inc b 
   015E 04            [ 4]  234     inc b
   015F 04            [ 4]  235     inc b
   0160 04            [ 4]  236     inc b 
   0161 04            [ 4]  237     inc b
ASxxxx Assembler V02.00 + NoICE + SDCC mods  (Zilog Z80 / Hitachi HD64180), page 9.
Hexadecimal [16-Bits]



   0162 CD 00 00      [17]  238     call cpct_getScreenPtr_asm 
   0165 36 AA         [10]  239     ld (hl), #0xAA
   0167 2C            [ 4]  240     inc l
   0168 36 88         [10]  241    ld (hl), #0x88
                            242 
                            243 
                            244    ;;-----------
   016A 11 00 C0      [10]  245    ld      de, #0xC000        ;;Puntero a la posición en pantalla (COOO sería el inicio de la pantalla)
   016D DD 4E 00      [19]  246     ld      c,  entity_x(ix)          ;;Coordenada X (tamaño en ancho)
   0170 DD 46 01      [19]  247     ld      b,  entity_y(ix)  
   0173 04            [ 4]  248     inc b       
   0174 04            [ 4]  249     inc b
   0175 04            [ 4]  250     inc b 
   0176 04            [ 4]  251     inc b
   0177 04            [ 4]  252     inc b 
   0178 04            [ 4]  253     inc b
   0179 CD 00 00      [17]  254     call cpct_getScreenPtr_asm 
   017C 36 05         [10]  255     ld (hl), #0x05
   017E 2C            [ 4]  256     inc l
   017F 36 04         [10]  257    ld (hl), #0x04
                            258 
                            259    ;;-------------
   0181 11 00 C0      [10]  260    ld      de, #0xC000        ;;Puntero a la posición en pantalla (COOO sería el inicio de la pantalla)
   0184 DD 4E 00      [19]  261     ld      c,  entity_x(ix)          ;;Coordenada X (tamaño en ancho)
   0187 DD 46 01      [19]  262     ld      b,  entity_y(ix)  
   018A 04            [ 4]  263     inc b       
   018B 04            [ 4]  264     inc b
   018C 04            [ 4]  265     inc b 
   018D 04            [ 4]  266     inc b
   018E 04            [ 4]  267     inc b 
   018F CD 00 00      [17]  268     call cpct_getScreenPtr_asm 
   0192 36 07         [10]  269     ld (hl), #0x07
   0194 2C            [ 4]  270     inc l
   0195 36 1D         [10]  271    ld (hl), #0x1D
                            272 
                            273    ;;---------------------
   0197 11 00 C0      [10]  274    ld      de, #0xC000        ;;Puntero a la posición en pantalla (COOO sería el inicio de la pantalla)
   019A DD 4E 00      [19]  275     ld      c,  entity_x(ix)          ;;Coordenada X (tamaño en ancho)
   019D DD 46 01      [19]  276     ld      b,  entity_y(ix)  
   01A0 04            [ 4]  277     inc b       
   01A1 04            [ 4]  278     inc b
   01A2 04            [ 4]  279     inc b 
   01A3 04            [ 4]  280     inc b
   01A4 CD 00 00      [17]  281     call cpct_getScreenPtr_asm 
   01A7 36 5B         [10]  282     ld (hl), #0x5B
   01A9 2C            [ 4]  283     inc l
   01AA 36 EE         [10]  284    ld (hl), #0xEE
                            285 
                            286    ;;-----------
   01AC 11 00 C0      [10]  287    ld      de, #0xC000        ;;Puntero a la posición en pantalla (COOO sería el inicio de la pantalla)
   01AF DD 4E 00      [19]  288     ld      c,  entity_x(ix)          ;;Coordenada X (tamaño en ancho)
   01B2 DD 46 01      [19]  289     ld      b,  entity_y(ix)  
   01B5 04            [ 4]  290     inc b       
   01B6 04            [ 4]  291     inc b
   01B7 04            [ 4]  292     inc b
ASxxxx Assembler V02.00 + NoICE + SDCC mods  (Zilog Z80 / Hitachi HD64180), page 10.
Hexadecimal [16-Bits]



   01B8 CD 00 00      [17]  293     call cpct_getScreenPtr_asm 
   01BB 36 0F         [10]  294     ld (hl), #0x0F
   01BD 2C            [ 4]  295     inc l
   01BE 36 0E         [10]  296    ld (hl), #0x0E
                            297 
                            298    ;;-----------
   01C0 11 00 C0      [10]  299    ld      de, #0xC000        ;;Puntero a la posición en pantalla (COOO sería el inicio de la pantalla)
   01C3 DD 4E 00      [19]  300     ld      c,  entity_x(ix)          ;;Coordenada X (tamaño en ancho)
   01C6 DD 46 01      [19]  301     ld      b,  entity_y(ix)  
   01C9 04            [ 4]  302     inc b       
   01CA 04            [ 4]  303     inc b
   01CB CD 00 00      [17]  304     call cpct_getScreenPtr_asm 
   01CE 36 5B         [10]  305     ld (hl), #0x5B
   01D0 2C            [ 4]  306     inc l
   01D1 36 EE         [10]  307    ld (hl), #0xEE
                            308 
                            309    ;;-----------
   01D3 11 00 C0      [10]  310    ld      de, #0xC000        ;;Puntero a la posición en pantalla (COOO sería el inicio de la pantalla)
   01D6 DD 4E 00      [19]  311     ld      c,  entity_x(ix)          ;;Coordenada X (tamaño en ancho)
   01D9 DD 46 01      [19]  312     ld      b,  entity_y(ix)  
   01DC 04            [ 4]  313     inc b 
   01DD CD 00 00      [17]  314     call cpct_getScreenPtr_asm
   01E0 36 07         [10]  315     ld (hl), #0x07
   01E2 2C            [ 4]  316     inc l 
   01E3 36 1D         [10]  317    ld (hl), #0x1D
                            318 
                            319    ;;-----------
   01E5 11 00 C0      [10]  320    ld      de, #0xC000        ;;Puntero a la posición en pantalla (COOO sería el inicio de la pantalla)
   01E8 DD 4E 00      [19]  321     ld      c,  entity_x(ix)          ;;Coordenada X (tamaño en ancho)
   01EB DD 46 01      [19]  322     ld      b,  entity_y(ix)  
   01EE CD 00 00      [17]  323     call cpct_getScreenPtr_asm 
   01F1 36 05         [10]  324     ld (hl), #0x05
   01F3 2C            [ 4]  325     inc l
   01F4 36 04         [10]  326    ld (hl), #0x04
                            327 
                            328    ;;-----------
   01F6 11 00 C0      [10]  329    ld      de, #0xC000        ;;Puntero a la posición en pantalla (COOO sería el inicio de la pantalla)
   01F9 DD 4E 00      [19]  330     ld      c,  entity_x(ix)          ;;Coordenada X (tamaño en ancho)
   01FC DD 46 01      [19]  331     ld      b,  entity_y(ix)  
   01FF 05            [ 4]  332     dec b
   0200 CD 00 00      [17]  333     call cpct_getScreenPtr_asm
   0203 36 AA         [10]  334     ld (hl), #0xAA
   0205 2C            [ 4]  335     inc l 
   0206 36 88         [10]  336    ld (hl), #0x88
                            337 
                            338    ;;-----------
   0208 11 00 C0      [10]  339    ld      de, #0xC000        ;;Puntero a la posición en pantalla (COOO sería el inicio de la pantalla)
   020B DD 4E 00      [19]  340     ld      c,  entity_x(ix)          ;;Coordenada X (tamaño en ancho)
   020E DD 46 01      [19]  341     ld      b,  entity_y(ix)  
   0211 05            [ 4]  342     dec b       
   0212 05            [ 4]  343     dec b
   0213 CD 00 00      [17]  344     call cpct_getScreenPtr_asm
   0216 36 00         [10]  345     ld (hl), #0x00
   0218 2C            [ 4]  346     inc l 
   0219 36 00         [10]  347    ld (hl), #0x00
ASxxxx Assembler V02.00 + NoICE + SDCC mods  (Zilog Z80 / Hitachi HD64180), page 11.
Hexadecimal [16-Bits]



                            348 
                            349    ;;-----------
   021B 11 00 C0      [10]  350    ld      de, #0xC000        ;;Puntero a la posición en pantalla (COOO sería el inicio de la pantalla)
   021E DD 4E 00      [19]  351     ld      c,  entity_x(ix)          ;;Coordenada X (tamaño en ancho)
   0221 DD 46 01      [19]  352     ld      b,  entity_y(ix)  
   0224 05            [ 4]  353     dec b       
   0225 05            [ 4]  354     dec b
   0226 05            [ 4]  355     dec b
   0227 CD 00 00      [17]  356     call cpct_getScreenPtr_asm 
   022A 36 00         [10]  357     ld (hl), #0x00
   022C 2C            [ 4]  358     inc l
   022D 36 00         [10]  359    ld (hl), #0x00
                            360    ;;-----------
   022F 11 00 C0      [10]  361    ld      de, #0xC000        ;;Puntero a la posición en pantalla (COOO sería el inicio de la pantalla)
   0232 DD 4E 00      [19]  362     ld      c,  entity_x(ix)          ;;Coordenada X (tamaño en ancho)
   0235 DD 46 01      [19]  363     ld      b,  entity_y(ix)  
   0238 05            [ 4]  364     dec b       
   0239 05            [ 4]  365     dec b
   023A 05            [ 4]  366     dec b
   023B 05            [ 4]  367     dec b
   023C CD 00 00      [17]  368     call cpct_getScreenPtr_asm 
   023F 36 00         [10]  369     ld (hl), #0x00
   0241 2C            [ 4]  370     inc l
   0242 36 00         [10]  371    ld (hl), #0x00
                            372 ;;-----------
   0244 11 00 C0      [10]  373    ld      de, #0xC000        ;;Puntero a la posición en pantalla (COOO sería el inicio de la pantalla)
   0247 DD 4E 00      [19]  374     ld      c,  entity_x(ix)          ;;Coordenada X (tamaño en ancho)
   024A DD 46 01      [19]  375     ld      b,  entity_y(ix)  
   024D 05            [ 4]  376     dec b       
   024E 05            [ 4]  377     dec b
   024F 05            [ 4]  378     dec b
   0250 05            [ 4]  379     dec b
   0251 05            [ 4]  380     dec b
   0252 CD 00 00      [17]  381     call cpct_getScreenPtr_asm 
   0255 36 00         [10]  382     ld (hl), #0x00
   0257 2C            [ 4]  383     inc l
   0258 36 00         [10]  384    ld (hl), #0x00
                            385 ;;-----------
   025A 11 00 C0      [10]  386    ld      de, #0xC000        ;;Puntero a la posición en pantalla (COOO sería el inicio de la pantalla)
   025D DD 4E 00      [19]  387     ld      c,  entity_x(ix)          ;;Coordenada X (tamaño en ancho)
   0260 DD 46 01      [19]  388     ld      b,  entity_y(ix)  
   0263 05            [ 4]  389     dec b       
   0264 05            [ 4]  390     dec b
   0265 05            [ 4]  391     dec b
   0266 05            [ 4]  392     dec b
   0267 05            [ 4]  393     dec b
   0268 05            [ 4]  394     dec b
   0269 CD 00 00      [17]  395     call cpct_getScreenPtr_asm 
   026C 36 00         [10]  396     ld (hl), #0x00
   026E 2C            [ 4]  397     inc l
   026F 36 00         [10]  398    ld (hl), #0x00
                            399 ;;-----------
   0271 11 00 C0      [10]  400    ld      de, #0xC000        ;;Puntero a la posición en pantalla (COOO sería el inicio de la pantalla)
   0274 DD 4E 00      [19]  401     ld      c,  entity_x(ix)          ;;Coordenada X (tamaño en ancho)
   0277 DD 46 01      [19]  402     ld      b,  entity_y(ix)  
ASxxxx Assembler V02.00 + NoICE + SDCC mods  (Zilog Z80 / Hitachi HD64180), page 12.
Hexadecimal [16-Bits]



   027A 05            [ 4]  403     dec b       
   027B 05            [ 4]  404     dec b
   027C 05            [ 4]  405     dec b
   027D 05            [ 4]  406     dec b
   027E 05            [ 4]  407     dec b
   027F 05            [ 4]  408     dec b
   0280 05            [ 4]  409     dec b
   0281 CD 00 00      [17]  410     call cpct_getScreenPtr_asm 
   0284 36 00         [10]  411     ld (hl), #0x00
   0286 2C            [ 4]  412     inc l
   0287 36 00         [10]  413    ld (hl), #0x00
                            414 
   0289 C9            [10]  415 ret
                            416 
   028A                     417     renderPos2:
   028A DD 36 04 01   [19]  418     ld entity_estado(ix), #1
                            419     
   028E 11 00 C0      [10]  420     ld      de, #0xC000        ;;Puntero a la posición en pantalla (COOO sería el inicio de la pantalla)
   0291 DD 4E 00      [19]  421     ld      c,  entity_x(ix)          ;;Coordenada X (tamaño en ancho)
   0294 DD 46 01      [19]  422     ld      b,  entity_y(ix)  
   0297 04            [ 4]  423     inc b       
   0298 04            [ 4]  424     inc b
   0299 04            [ 4]  425     inc b 
   029A 04            [ 4]  426     inc b
   029B 04            [ 4]  427     inc b
   029C 04            [ 4]  428     inc b 
   029D 04            [ 4]  429     inc b
   029E CD 00 00      [17]  430     call cpct_getScreenPtr_asm 
   02A1 36 22         [10]  431     ld (hl), #0x22
   02A3 2C            [ 4]  432     inc l
   02A4 36 AA         [10]  433    ld (hl), #0xAA
                            434 
                            435 
                            436    ;;-----------
   02A6 11 00 C0      [10]  437    ld      de, #0xC000        ;;Puntero a la posición en pantalla (COOO sería el inicio de la pantalla)
   02A9 DD 4E 00      [19]  438     ld      c,  entity_x(ix)          ;;Coordenada X (tamaño en ancho)
   02AC DD 46 01      [19]  439     ld      b,  entity_y(ix)  
   02AF 04            [ 4]  440     inc b       
   02B0 04            [ 4]  441     inc b
   02B1 04            [ 4]  442     inc b 
   02B2 04            [ 4]  443     inc b
   02B3 04            [ 4]  444     inc b 
   02B4 04            [ 4]  445     inc b
   02B5 CD 00 00      [17]  446     call cpct_getScreenPtr_asm 
   02B8 36 05         [10]  447     ld (hl), #0x05
   02BA 2C            [ 4]  448     inc l
   02BB 36 04         [10]  449    ld (hl), #0x04
                            450 
                            451    ;;-------------
   02BD 11 00 C0      [10]  452    ld      de, #0xC000        ;;Puntero a la posición en pantalla (COOO sería el inicio de la pantalla)
   02C0 DD 4E 00      [19]  453     ld      c,  entity_x(ix)          ;;Coordenada X (tamaño en ancho)
   02C3 DD 46 01      [19]  454     ld      b,  entity_y(ix)  
   02C6 04            [ 4]  455     inc b       
   02C7 04            [ 4]  456     inc b
   02C8 04            [ 4]  457     inc b 
ASxxxx Assembler V02.00 + NoICE + SDCC mods  (Zilog Z80 / Hitachi HD64180), page 13.
Hexadecimal [16-Bits]



   02C9 04            [ 4]  458     inc b
   02CA 04            [ 4]  459     inc b 
   02CB CD 00 00      [17]  460     call cpct_getScreenPtr_asm 
   02CE 36 07         [10]  461     ld (hl), #0x07
   02D0 2C            [ 4]  462     inc l
   02D1 36 1D         [10]  463    ld (hl), #0x1D
                            464 
                            465    ;;---------------------
   02D3 11 00 C0      [10]  466    ld      de, #0xC000        ;;Puntero a la posición en pantalla (COOO sería el inicio de la pantalla)
   02D6 DD 4E 00      [19]  467     ld      c,  entity_x(ix)          ;;Coordenada X (tamaño en ancho)
   02D9 DD 46 01      [19]  468     ld      b,  entity_y(ix)  
   02DC 04            [ 4]  469     inc b       
   02DD 04            [ 4]  470     inc b
   02DE 04            [ 4]  471     inc b 
   02DF 04            [ 4]  472     inc b
   02E0 CD 00 00      [17]  473     call cpct_getScreenPtr_asm 
   02E3 36 5B         [10]  474     ld (hl), #0x5B
   02E5 2C            [ 4]  475     inc l
   02E6 36 EE         [10]  476    ld (hl), #0xEE
                            477 
                            478    ;;-----------
   02E8 11 00 C0      [10]  479    ld      de, #0xC000        ;;Puntero a la posición en pantalla (COOO sería el inicio de la pantalla)
   02EB DD 4E 00      [19]  480     ld      c,  entity_x(ix)          ;;Coordenada X (tamaño en ancho)
   02EE DD 46 01      [19]  481     ld      b,  entity_y(ix)  
   02F1 04            [ 4]  482     inc b       
   02F2 04            [ 4]  483     inc b
   02F3 04            [ 4]  484     inc b
   02F4 CD 00 00      [17]  485     call cpct_getScreenPtr_asm 
   02F7 36 0F         [10]  486     ld (hl), #0x0F
   02F9 2C            [ 4]  487     inc l
   02FA 36 0E         [10]  488    ld (hl), #0x0E
                            489 
                            490    ;;-----------
   02FC 11 00 C0      [10]  491    ld      de, #0xC000        ;;Puntero a la posición en pantalla (COOO sería el inicio de la pantalla)
   02FF DD 4E 00      [19]  492     ld      c,  entity_x(ix)          ;;Coordenada X (tamaño en ancho)
   0302 DD 46 01      [19]  493     ld      b,  entity_y(ix)  
   0305 04            [ 4]  494     inc b       
   0306 04            [ 4]  495     inc b
   0307 CD 00 00      [17]  496     call cpct_getScreenPtr_asm 
   030A 36 5B         [10]  497     ld (hl), #0x5B
   030C 2C            [ 4]  498     inc l
   030D 36 EE         [10]  499    ld (hl), #0xEE
                            500 
                            501    ;;-----------
   030F 11 00 C0      [10]  502    ld      de, #0xC000        ;;Puntero a la posición en pantalla (COOO sería el inicio de la pantalla)
   0312 DD 4E 00      [19]  503     ld      c,  entity_x(ix)          ;;Coordenada X (tamaño en ancho)
   0315 DD 46 01      [19]  504     ld      b,  entity_y(ix)  
   0318 04            [ 4]  505     inc b 
   0319 CD 00 00      [17]  506     call cpct_getScreenPtr_asm
   031C 36 07         [10]  507     ld (hl), #0x07
   031E 2C            [ 4]  508     inc l 
   031F 36 1D         [10]  509    ld (hl), #0x1D
                            510 
                            511    ;;-----------
   0321 11 00 C0      [10]  512    ld      de, #0xC000        ;;Puntero a la posición en pantalla (COOO sería el inicio de la pantalla)
ASxxxx Assembler V02.00 + NoICE + SDCC mods  (Zilog Z80 / Hitachi HD64180), page 14.
Hexadecimal [16-Bits]



   0324 DD 4E 00      [19]  513     ld      c,  entity_x(ix)          ;;Coordenada X (tamaño en ancho)
   0327 DD 46 01      [19]  514     ld      b,  entity_y(ix)  
   032A CD 00 00      [17]  515     call cpct_getScreenPtr_asm 
   032D 36 05         [10]  516     ld (hl), #0x05
   032F 2C            [ 4]  517     inc l
   0330 36 04         [10]  518    ld (hl), #0x04
                            519 
                            520    ;;-----------
   0332 11 00 C0      [10]  521    ld      de, #0xC000        ;;Puntero a la posición en pantalla (COOO sería el inicio de la pantalla)
   0335 DD 4E 00      [19]  522     ld      c,  entity_x(ix)          ;;Coordenada X (tamaño en ancho)
   0338 DD 46 01      [19]  523     ld      b,  entity_y(ix)  
   033B 05            [ 4]  524     dec b
   033C CD 00 00      [17]  525     call cpct_getScreenPtr_asm
   033F 36 22         [10]  526     ld (hl), #0x22
   0341 2C            [ 4]  527     inc l 
   0342 36 AA         [10]  528    ld (hl), #0xAA
                            529 
                            530    ;;-----------
   0344 11 00 C0      [10]  531    ld      de, #0xC000        ;;Puntero a la posición en pantalla (COOO sería el inicio de la pantalla)
   0347 DD 4E 00      [19]  532     ld      c,  entity_x(ix)          ;;Coordenada X (tamaño en ancho)
   034A DD 46 01      [19]  533     ld      b,  entity_y(ix)  
   034D 05            [ 4]  534     dec b       
   034E 05            [ 4]  535     dec b
   034F CD 00 00      [17]  536     call cpct_getScreenPtr_asm
   0352 36 00         [10]  537     ld (hl), #0x00
   0354 2C            [ 4]  538     inc l 
   0355 36 00         [10]  539    ld (hl), #0x00
                            540 
                            541    ;;-----------
   0357 11 00 C0      [10]  542    ld      de, #0xC000        ;;Puntero a la posición en pantalla (COOO sería el inicio de la pantalla)
   035A DD 4E 00      [19]  543     ld      c,  entity_x(ix)          ;;Coordenada X (tamaño en ancho)
   035D DD 46 01      [19]  544     ld      b,  entity_y(ix)  
   0360 05            [ 4]  545     dec b       
   0361 05            [ 4]  546     dec b
   0362 05            [ 4]  547     dec b
   0363 CD 00 00      [17]  548     call cpct_getScreenPtr_asm 
   0366 36 00         [10]  549     ld (hl), #0x00
   0368 2C            [ 4]  550     inc l
   0369 36 00         [10]  551    ld (hl), #0x00
                            552    ;;-----------
   036B 11 00 C0      [10]  553    ld      de, #0xC000        ;;Puntero a la posición en pantalla (COOO sería el inicio de la pantalla)
   036E DD 4E 00      [19]  554     ld      c,  entity_x(ix)          ;;Coordenada X (tamaño en ancho)
   0371 DD 46 01      [19]  555     ld      b,  entity_y(ix)  
   0374 05            [ 4]  556     dec b       
   0375 05            [ 4]  557     dec b
   0376 05            [ 4]  558     dec b
   0377 05            [ 4]  559     dec b
   0378 CD 00 00      [17]  560     call cpct_getScreenPtr_asm 
   037B 36 00         [10]  561     ld (hl), #0x00
   037D 2C            [ 4]  562     inc l
   037E 36 00         [10]  563    ld (hl), #0x00
                            564 ;;-----------
   0380 11 00 C0      [10]  565    ld      de, #0xC000        ;;Puntero a la posición en pantalla (COOO sería el inicio de la pantalla)
   0383 DD 4E 00      [19]  566     ld      c,  entity_x(ix)          ;;Coordenada X (tamaño en ancho)
   0386 DD 46 01      [19]  567     ld      b,  entity_y(ix)  
ASxxxx Assembler V02.00 + NoICE + SDCC mods  (Zilog Z80 / Hitachi HD64180), page 15.
Hexadecimal [16-Bits]



   0389 05            [ 4]  568     dec b       
   038A 05            [ 4]  569     dec b
   038B 05            [ 4]  570     dec b
   038C 05            [ 4]  571     dec b
   038D 05            [ 4]  572     dec b
   038E CD 00 00      [17]  573     call cpct_getScreenPtr_asm 
   0391 36 00         [10]  574     ld (hl), #0x00
   0393 2C            [ 4]  575     inc l
   0394 36 00         [10]  576    ld (hl), #0x00
                            577 ;;-----------
   0396 11 00 C0      [10]  578    ld      de, #0xC000        ;;Puntero a la posición en pantalla (COOO sería el inicio de la pantalla)
   0399 DD 4E 00      [19]  579     ld      c,  entity_x(ix)          ;;Coordenada X (tamaño en ancho)
   039C DD 46 01      [19]  580     ld      b,  entity_y(ix)  
   039F 05            [ 4]  581     dec b       
   03A0 05            [ 4]  582     dec b
   03A1 05            [ 4]  583     dec b
   03A2 05            [ 4]  584     dec b
   03A3 05            [ 4]  585     dec b
   03A4 05            [ 4]  586     dec b
   03A5 CD 00 00      [17]  587     call cpct_getScreenPtr_asm 
   03A8 36 00         [10]  588     ld (hl), #0x00
   03AA 2C            [ 4]  589     inc l
   03AB 36 00         [10]  590    ld (hl), #0x00
                            591 ;;-----------
   03AD 11 00 C0      [10]  592    ld      de, #0xC000        ;;Puntero a la posición en pantalla (COOO sería el inicio de la pantalla)
   03B0 DD 4E 00      [19]  593     ld      c,  entity_x(ix)          ;;Coordenada X (tamaño en ancho)
   03B3 DD 46 01      [19]  594     ld      b,  entity_y(ix)  
   03B6 05            [ 4]  595     dec b       
   03B7 05            [ 4]  596     dec b
   03B8 05            [ 4]  597     dec b
   03B9 05            [ 4]  598     dec b
   03BA 05            [ 4]  599     dec b
   03BB 05            [ 4]  600     dec b
   03BC 05            [ 4]  601     dec b
   03BD CD 00 00      [17]  602     call cpct_getScreenPtr_asm 
   03C0 36 00         [10]  603     ld (hl), #0x00
   03C2 2C            [ 4]  604     inc l
   03C3 36 00         [10]  605    ld (hl), #0x00
                            606 
   03C5 C9            [10]  607 ret
                            608 
                            609 
   03C6                     610 borrarEnemigo4::
                            611 
                            612 
   03C6 11 00 C0      [10]  613     ld      de, #0xC000        ;;Puntero a la posición en pantalla (COOO sería el inicio de la pantalla)
   03C9 DD 4E 00      [19]  614     ld      c,  entity_x(ix)          ;;Coordenada X (tamaño en ancho)
   03CC DD 46 01      [19]  615     ld      b,  entity_y(ix)  
   03CF 04            [ 4]  616     inc b       
   03D0 04            [ 4]  617     inc b
   03D1 04            [ 4]  618     inc b 
   03D2 04            [ 4]  619     inc b
   03D3 04            [ 4]  620     inc b
   03D4 04            [ 4]  621     inc b 
   03D5 04            [ 4]  622     inc b
ASxxxx Assembler V02.00 + NoICE + SDCC mods  (Zilog Z80 / Hitachi HD64180), page 16.
Hexadecimal [16-Bits]



   03D6 CD 00 00      [17]  623     call cpct_getScreenPtr_asm 
   03D9 36 00         [10]  624     ld (hl), #0x00
   03DB 2C            [ 4]  625     inc l
   03DC 36 00         [10]  626    ld (hl), #0x00
                            627 
                            628 
                            629    ;;-----------
   03DE 11 00 C0      [10]  630    ld      de, #0xC000        ;;Puntero a la posición en pantalla (COOO sería el inicio de la pantalla)
   03E1 DD 4E 00      [19]  631     ld      c,  entity_x(ix)          ;;Coordenada X (tamaño en ancho)
   03E4 DD 46 01      [19]  632     ld      b,  entity_y(ix)  
   03E7 04            [ 4]  633     inc b       
   03E8 04            [ 4]  634     inc b
   03E9 04            [ 4]  635     inc b 
   03EA 04            [ 4]  636     inc b
   03EB 04            [ 4]  637     inc b 
   03EC 04            [ 4]  638     inc b
   03ED CD 00 00      [17]  639     call cpct_getScreenPtr_asm 
   03F0 36 00         [10]  640     ld (hl), #0x00
   03F2 2C            [ 4]  641     inc l
   03F3 36 00         [10]  642    ld (hl), #0x00
                            643 
                            644    ;;-------------
   03F5 11 00 C0      [10]  645    ld      de, #0xC000        ;;Puntero a la posición en pantalla (COOO sería el inicio de la pantalla)
   03F8 DD 4E 00      [19]  646     ld      c,  entity_x(ix)          ;;Coordenada X (tamaño en ancho)
   03FB DD 46 01      [19]  647     ld      b,  entity_y(ix)  
   03FE 04            [ 4]  648     inc b       
   03FF 04            [ 4]  649     inc b
   0400 04            [ 4]  650     inc b 
   0401 04            [ 4]  651     inc b
   0402 04            [ 4]  652     inc b 
   0403 CD 00 00      [17]  653     call cpct_getScreenPtr_asm 
   0406 36 00         [10]  654     ld (hl), #0x00
   0408 2C            [ 4]  655     inc l
   0409 36 00         [10]  656    ld (hl), #0x00
                            657 
                            658    ;;---------------------
   040B 11 00 C0      [10]  659    ld      de, #0xC000        ;;Puntero a la posición en pantalla (COOO sería el inicio de la pantalla)
   040E DD 4E 00      [19]  660     ld      c,  entity_x(ix)          ;;Coordenada X (tamaño en ancho)
   0411 DD 46 01      [19]  661     ld      b,  entity_y(ix)  
   0414 04            [ 4]  662     inc b       
   0415 04            [ 4]  663     inc b
   0416 04            [ 4]  664     inc b 
   0417 04            [ 4]  665     inc b
   0418 CD 00 00      [17]  666     call cpct_getScreenPtr_asm 
   041B 36 00         [10]  667     ld (hl), #0x00
   041D 2C            [ 4]  668     inc l
   041E 36 00         [10]  669    ld (hl), #0x00
                            670 
                            671    ;;-----------
   0420 11 00 C0      [10]  672    ld      de, #0xC000        ;;Puntero a la posición en pantalla (COOO sería el inicio de la pantalla)
   0423 DD 4E 00      [19]  673     ld      c,  entity_x(ix)          ;;Coordenada X (tamaño en ancho)
   0426 DD 46 01      [19]  674     ld      b,  entity_y(ix)  
   0429 04            [ 4]  675     inc b       
   042A 04            [ 4]  676     inc b
   042B 04            [ 4]  677     inc b
ASxxxx Assembler V02.00 + NoICE + SDCC mods  (Zilog Z80 / Hitachi HD64180), page 17.
Hexadecimal [16-Bits]



   042C CD 00 00      [17]  678     call cpct_getScreenPtr_asm 
   042F 36 00         [10]  679     ld (hl), #0x00
   0431 2C            [ 4]  680     inc l
   0432 36 00         [10]  681    ld (hl), #0x00
                            682 
                            683    ;;-----------
   0434 11 00 C0      [10]  684    ld      de, #0xC000        ;;Puntero a la posición en pantalla (COOO sería el inicio de la pantalla)
   0437 DD 4E 00      [19]  685     ld      c,  entity_x(ix)          ;;Coordenada X (tamaño en ancho)
   043A DD 46 01      [19]  686     ld      b,  entity_y(ix)  
   043D 04            [ 4]  687     inc b       
   043E 04            [ 4]  688     inc b
   043F CD 00 00      [17]  689     call cpct_getScreenPtr_asm 
   0442 36 00         [10]  690     ld (hl), #0x00
   0444 2C            [ 4]  691     inc l
   0445 36 00         [10]  692    ld (hl), #0x00
                            693 
                            694    ;;-----------
   0447 11 00 C0      [10]  695    ld      de, #0xC000        ;;Puntero a la posición en pantalla (COOO sería el inicio de la pantalla)
   044A DD 4E 00      [19]  696     ld      c,  entity_x(ix)          ;;Coordenada X (tamaño en ancho)
   044D DD 46 01      [19]  697     ld      b,  entity_y(ix)  
   0450 04            [ 4]  698     inc b 
   0451 CD 00 00      [17]  699     call cpct_getScreenPtr_asm
   0454 36 00         [10]  700     ld (hl), #0x00
   0456 2C            [ 4]  701     inc l 
   0457 36 00         [10]  702    ld (hl), #0x00
                            703 
                            704    ;;-----------
   0459 11 00 C0      [10]  705    ld      de, #0xC000        ;;Puntero a la posición en pantalla (COOO sería el inicio de la pantalla)
   045C DD 4E 00      [19]  706     ld      c,  entity_x(ix)          ;;Coordenada X (tamaño en ancho)
   045F DD 46 01      [19]  707     ld      b,  entity_y(ix)  
   0462 CD 00 00      [17]  708     call cpct_getScreenPtr_asm 
   0465 36 00         [10]  709     ld (hl), #0x00
   0467 2C            [ 4]  710     inc l
   0468 36 00         [10]  711    ld (hl), #0x00
                            712 
                            713    ;;-----------
   046A 11 00 C0      [10]  714    ld      de, #0xC000        ;;Puntero a la posición en pantalla (COOO sería el inicio de la pantalla)
   046D DD 4E 00      [19]  715     ld      c,  entity_x(ix)          ;;Coordenada X (tamaño en ancho)
   0470 DD 46 01      [19]  716     ld      b,  entity_y(ix)  
   0473 05            [ 4]  717     dec b
   0474 CD 00 00      [17]  718     call cpct_getScreenPtr_asm
   0477 36 00         [10]  719     ld (hl), #0x00
   0479 2C            [ 4]  720     inc l 
   047A 36 00         [10]  721    ld (hl), #0x00
                            722 
                            723    ;;-----------
   047C 11 00 C0      [10]  724    ld      de, #0xC000        ;;Puntero a la posición en pantalla (COOO sería el inicio de la pantalla)
   047F DD 4E 00      [19]  725     ld      c,  entity_x(ix)          ;;Coordenada X (tamaño en ancho)
   0482 DD 46 01      [19]  726     ld      b,  entity_y(ix)  
   0485 05            [ 4]  727     dec b       
   0486 05            [ 4]  728     dec b
   0487 CD 00 00      [17]  729     call cpct_getScreenPtr_asm
   048A 36 00         [10]  730     ld (hl), #0x00
   048C 2C            [ 4]  731     inc l 
   048D 36 00         [10]  732    ld (hl), #0x00
ASxxxx Assembler V02.00 + NoICE + SDCC mods  (Zilog Z80 / Hitachi HD64180), page 18.
Hexadecimal [16-Bits]



                            733 
                            734    ;;-----------
   048F 11 00 C0      [10]  735    ld      de, #0xC000        ;;Puntero a la posición en pantalla (COOO sería el inicio de la pantalla)
   0492 DD 4E 00      [19]  736     ld      c,  entity_x(ix)          ;;Coordenada X (tamaño en ancho)
   0495 DD 46 01      [19]  737     ld      b,  entity_y(ix)  
   0498 05            [ 4]  738     dec b       
   0499 05            [ 4]  739     dec b
   049A 05            [ 4]  740     dec b
   049B CD 00 00      [17]  741     call cpct_getScreenPtr_asm 
   049E 36 00         [10]  742     ld (hl), #0x00
   04A0 2C            [ 4]  743     inc l
   04A1 36 00         [10]  744    ld (hl), #0x00
                            745    ;;-----------
   04A3 11 00 C0      [10]  746    ld      de, #0xC000        ;;Puntero a la posición en pantalla (COOO sería el inicio de la pantalla)
   04A6 DD 4E 00      [19]  747     ld      c,  entity_x(ix)          ;;Coordenada X (tamaño en ancho)
   04A9 DD 46 01      [19]  748     ld      b,  entity_y(ix)  
   04AC 05            [ 4]  749     dec b       
   04AD 05            [ 4]  750     dec b
   04AE 05            [ 4]  751     dec b
   04AF 05            [ 4]  752     dec b
   04B0 CD 00 00      [17]  753     call cpct_getScreenPtr_asm 
   04B3 36 00         [10]  754     ld (hl), #0x00
   04B5 2C            [ 4]  755     inc l
   04B6 36 00         [10]  756    ld (hl), #0x00
                            757 ;;-----------
   04B8 11 00 C0      [10]  758    ld      de, #0xC000        ;;Puntero a la posición en pantalla (COOO sería el inicio de la pantalla)
   04BB DD 4E 00      [19]  759     ld      c,  entity_x(ix)          ;;Coordenada X (tamaño en ancho)
   04BE DD 46 01      [19]  760     ld      b,  entity_y(ix)  
   04C1 05            [ 4]  761     dec b       
   04C2 05            [ 4]  762     dec b
   04C3 05            [ 4]  763     dec b
   04C4 05            [ 4]  764     dec b
   04C5 05            [ 4]  765     dec b
   04C6 CD 00 00      [17]  766     call cpct_getScreenPtr_asm 
   04C9 36 00         [10]  767     ld (hl), #0x00
   04CB 2C            [ 4]  768     inc l
   04CC 36 00         [10]  769    ld (hl), #0x00
                            770 ;;-----------
   04CE 11 00 C0      [10]  771    ld      de, #0xC000        ;;Puntero a la posición en pantalla (COOO sería el inicio de la pantalla)
   04D1 DD 4E 00      [19]  772     ld      c,  entity_x(ix)          ;;Coordenada X (tamaño en ancho)
   04D4 DD 46 01      [19]  773     ld      b,  entity_y(ix)  
   04D7 05            [ 4]  774     dec b       
   04D8 05            [ 4]  775     dec b
   04D9 05            [ 4]  776     dec b
   04DA 05            [ 4]  777     dec b
   04DB 05            [ 4]  778     dec b
   04DC 05            [ 4]  779     dec b
   04DD CD 00 00      [17]  780     call cpct_getScreenPtr_asm 
   04E0 36 00         [10]  781     ld (hl), #0x00
   04E2 2C            [ 4]  782     inc l
   04E3 36 00         [10]  783    ld (hl), #0x00
                            784 ;;-----------
   04E5 11 00 C0      [10]  785    ld      de, #0xC000        ;;Puntero a la posición en pantalla (COOO sería el inicio de la pantalla)
   04E8 DD 4E 00      [19]  786     ld      c,  entity_x(ix)          ;;Coordenada X (tamaño en ancho)
   04EB DD 46 01      [19]  787     ld      b,  entity_y(ix)  
ASxxxx Assembler V02.00 + NoICE + SDCC mods  (Zilog Z80 / Hitachi HD64180), page 19.
Hexadecimal [16-Bits]



   04EE 05            [ 4]  788     dec b       
   04EF 05            [ 4]  789     dec b
   04F0 05            [ 4]  790     dec b
   04F1 05            [ 4]  791     dec b
   04F2 05            [ 4]  792     dec b
   04F3 05            [ 4]  793     dec b
   04F4 05            [ 4]  794     dec b
   04F5 CD 00 00      [17]  795     call cpct_getScreenPtr_asm 
   04F8 36 00         [10]  796     ld (hl), #0x00
   04FA 2C            [ 4]  797     inc l
   04FB 36 00         [10]  798    ld (hl), #0x00
                            799 
   04FD C9            [10]  800 ret
